"D:/UE4Project/ARPGDemo/Content/HUDandGUIMedievalArtBundle/Textures/WINDOWS/BACKGROUNDS/BLUE/Window01Blue.uasset" 0
"D:/UE4Project/ARPGDemo/Content/HUDandGUIMedievalArtBundle/Textures/WINDOWS/BACKGROUNDS/BLUE/Window01Blue.uexp" 1
"D:/UE4Project/ARPGDemo/Content/HUDandGUIMedievalArtBundle/Textures/WINDOWS/BACKGROUNDS/BLUE/Window01Blue.ubulk" 2
"D:/UE4Project/ARPGDemo/Content/HUDandGUIMedievalArtBundle/Textures/WINDOWS/ORNAMENTS/HORIZONTAL/HOrnament10.uasset" 3
"D:/UE4Project/ARPGDemo/Content/HUDandGUIMedievalArtBundle/Textures/WINDOWS/ORNAMENTS/HORIZONTAL/HOrnament10.uexp" 4
"D:/UE4Project/ARPGDemo/Content/HUDandGUIMedievalArtBundle/Textures/WINDOWS/ORNAMENTS/HORIZONTAL/HOrnament10.ubulk" 5
"D:/UE4Project/ARPGDemo/Content/HUDandGUIMedievalArtBundle/Textures/WINDOWS/BACKGROUNDS/GREY/Window03Grey.uasset" 6
"D:/UE4Project/ARPGDemo/Content/HUDandGUIMedievalArtBundle/Textures/WINDOWS/BACKGROUNDS/GREY/Window03Grey.uexp" 7
"D:/UE4Project/ARPGDemo/Content/HUDandGUIMedievalArtBundle/Textures/WINDOWS/BACKGROUNDS/GREY/Window03Grey.ubulk" 8
"D:/UE4Project/ARPGDemo/Content/ARPGDemo/Assets/Font/ChaoZiSheBeiJianFan-Shan_REEJI-CHAO-BeiMingGBT-Flash_-2.uasset" 9
"D:/UE4Project/ARPGDemo/Content/ARPGDemo/Assets/Font/ChaoZiSheBeiJianFan-Shan_REEJI-CHAO-BeiMingGBT-Flash_-2.uexp" 10
"D:/UE4Project/ARPGDemo/Content/ARPGDemo/Assets/Font/ChaoZiSheBeiJianFan-Shan_REEJI-CHAO-BeiMingGBT-Flash_-2.ufont" 11
"D:/UE4Project/ARPGDemo/Content/ARPGDemo/Assets/Font/ChaoZiSheBeiJianFan-Shan_REEJI-CHAO-BeiMingGBT-Flash_-2_Font.uasset" 12
"D:/UE4Project/ARPGDemo/Content/ARPGDemo/Assets/Font/ChaoZiSheBeiJianFan-Shan_REEJI-CHAO-BeiMingGBT-Flash_-2_Font.uexp" 13
"D:/UE4Project/ARPGDemo/Content/ARPGDemo/Blueprints/UMG/Gamming/Widgets/ToolTip/WBP_AbilityToolTip.uasset" 14
"D:/UE4Project/ARPGDemo/Content/ARPGDemo/Blueprints/UMG/Gamming/Widgets/ToolTip/WBP_AbilityToolTip.uexp" 15
"D:/UE4Project/ARPGDemo/Content/ARPGDemo/Blueprints/UMG/Gamming/Widgets/Drag/Skill/WBP_SkillItem_Virsual.uasset" 16
"D:/UE4Project/ARPGDemo/Content/ARPGDemo/Blueprints/UMG/Gamming/Widgets/Drag/Skill/WBP_SkillItem_Virsual.uexp" 17
"D:/UE4Project/ARPGDemo/Content/GoodUIIconTrail/Textures/BaseShapeAlpha/T_Dust_box.uasset" 18
"D:/UE4Project/ARPGDemo/Content/GoodUIIconTrail/Textures/BaseShapeAlpha/T_Dust_box.uexp" 19
"D:/UE4Project/ARPGDemo/Content/GoodUIIconTrail/Textures/SecondAlpha/T_Box_M.uasset" 20
"D:/UE4Project/ARPGDemo/Content/GoodUIIconTrail/Textures/SecondAlpha/T_Box_M.uexp" 21
"D:/UE4Project/ARPGDemo/Content/GoodUIIconTrail/Textures/BaseShapeAlpha/T_Neon_Box.uasset" 22
"D:/UE4Project/ARPGDemo/Content/GoodUIIconTrail/Textures/BaseShapeAlpha/T_Neon_Box.uexp" 23
"D:/UE4Project/ARPGDemo/Content/GoodUIIconTrail/Textures/RotateAlpha/T_Rotate_Alpha_02.uasset" 24
"D:/UE4Project/ARPGDemo/Content/GoodUIIconTrail/Textures/RotateAlpha/T_Rotate_Alpha_02.uexp" 25
"D:/UE4Project/ARPGDemo/Content/GoodUIIconTrail/Textures/RotateAlpha/T_Rotate_Alpha_01.uasset" 26
"D:/UE4Project/ARPGDemo/Content/GoodUIIconTrail/Textures/RotateAlpha/T_Rotate_Alpha_01.uexp" 27
"D:/UE4Project/ARPGDemo/Content/GoodUIIconTrail/Materials/Function/MF_RepeatAndRotator.uasset" 28
"D:/UE4Project/ARPGDemo/Content/GoodUIIconTrail/Materials/Function/MF_RepeatAndRotator.uexp" 29
"D:/UE4Project/ARPGDemo/Content/GoodUIIconTrail/Textures/Noise/T_CloudNoise.uasset" 30
"D:/UE4Project/ARPGDemo/Content/GoodUIIconTrail/Textures/Noise/T_CloudNoise.uexp" 31
"D:/UE4Project/ARPGDemo/Content/GoodUIIconTrail/Materials/Function/MF_DistortionUV.uasset" 32
"D:/UE4Project/ARPGDemo/Content/GoodUIIconTrail/Materials/Function/MF_DistortionUV.uexp" 33
"D:/UE4Project/ARPGDemo/Content/GoodUIIconTrail/Materials/M_GoodUIIconTrail.uasset" 34
"D:/UE4Project/ARPGDemo/Content/GoodUIIconTrail/Materials/M_GoodUIIconTrail.uexp" 35
"D:/UE4Project/ARPGDemo/Content/GoodUIIconTrail/Materials/Instance/MI_GoodUIIconTrail_Dust.uasset" 36
"D:/UE4Project/ARPGDemo/Content/GoodUIIconTrail/Materials/Instance/MI_GoodUIIconTrail_Dust.uexp" 37
"D:/UE4Project/ARPGDemo/Content/HUDandGUIMedievalArtBundle/Textures/WINDOWS/BACKGROUNDS/BLUE/Window03Blue.uasset" 38
"D:/UE4Project/ARPGDemo/Content/HUDandGUIMedievalArtBundle/Textures/WINDOWS/BACKGROUNDS/BLUE/Window03Blue.uexp" 39
"D:/UE4Project/ARPGDemo/Content/HUDandGUIMedievalArtBundle/Textures/WINDOWS/BACKGROUNDS/BLUE/Window03Blue.ubulk" 40
"../../../Engine/Content/Functions/Engine_MaterialFunctions02/Utility/VectorToRadialValue.uasset" 41
"../../../Engine/Content/Functions/Engine_MaterialFunctions02/Utility/VectorToRadialValue.uexp" 42
"../../../Engine/Content/Functions/Engine_MaterialFunctions02/Texturing/CustomRotator.uasset" 43
"../../../Engine/Content/Functions/Engine_MaterialFunctions02/Texturing/CustomRotator.uexp" 44
"D:/UE4Project/ARPGDemo/Content/ARPGDemo/Assets/Material/Ability/M_Ability.uasset" 45
"D:/UE4Project/ARPGDemo/Content/ARPGDemo/Assets/Material/Ability/M_Ability.uexp" 46
"D:/UE4Project/ARPGDemo/Content/ARPGDemo/Assets/Material/Ability/M_Ability_Inst.uasset" 47
"D:/UE4Project/ARPGDemo/Content/ARPGDemo/Assets/Material/Ability/M_Ability_Inst.uexp" 48
"D:/UE4Project/ARPGDemo/Content/ARPGDemo/Blueprints/UMG/Gamming/Widgets/Drag/Skill/WBP_SkillItem.uasset" 49
"D:/UE4Project/ARPGDemo/Content/ARPGDemo/Blueprints/UMG/Gamming/Widgets/Drag/Skill/WBP_SkillItem.uexp" 50
"D:/UE4Project/ARPGDemo/Content/+150fantasy_icon_pack/128x128icons/Colored/icon_128x128_148.uasset" 51
"D:/UE4Project/ARPGDemo/Content/+150fantasy_icon_pack/128x128icons/Colored/icon_128x128_148.uexp" 52
"D:/UE4Project/ARPGDemo/Content/+150fantasy_icon_pack/128x128icons/Colored/icon_128x128_148.ubulk" 53
"D:/UE4Project/ARPGDemo/Content/+150fantasy_icon_pack/128x128icons/Colored/icon_128x128_142.uasset" 54
"D:/UE4Project/ARPGDemo/Content/+150fantasy_icon_pack/128x128icons/Colored/icon_128x128_142.uexp" 55
"D:/UE4Project/ARPGDemo/Content/+150fantasy_icon_pack/128x128icons/Colored/icon_128x128_142.ubulk" 56
"D:/UE4Project/ARPGDemo/Content/ARPGDemo/Blueprints/UMG/Gamming/Windows/FloatingWindow/SkillWindow/WBP_SkillItemContainer.uasset" 57
"D:/UE4Project/ARPGDemo/Content/ARPGDemo/Blueprints/UMG/Gamming/Windows/FloatingWindow/SkillWindow/WBP_SkillItemContainer.uexp" 58
"D:/UE4Project/ARPGDemo/Content/HUDandGUIMedievalArtBundle/Textures/WINDOWS/BACKGROUNDS/BLUE/Window02Blue.uasset" 59
"D:/UE4Project/ARPGDemo/Content/HUDandGUIMedievalArtBundle/Textures/WINDOWS/BACKGROUNDS/BLUE/Window02Blue.uexp" 60
"D:/UE4Project/ARPGDemo/Content/HUDandGUIMedievalArtBundle/Textures/WINDOWS/BACKGROUNDS/BLUE/Window02Blue.ubulk" 61
"D:/UE4Project/ARPGDemo/Content/HUDandGUIMedievalArtBundle/Textures/BUTTONS/ICONS/BLUE/ROUND/RBCancel.uasset" 62
"D:/UE4Project/ARPGDemo/Content/HUDandGUIMedievalArtBundle/Textures/BUTTONS/ICONS/BLUE/ROUND/RBCancel.uexp" 63
"D:/UE4Project/ARPGDemo/Content/HUDandGUIMedievalArtBundle/SFX/Attenuation/UI_att.uasset" 64
"D:/UE4Project/ARPGDemo/Content/HUDandGUIMedievalArtBundle/SFX/Attenuation/UI_att.uexp" 65
"D:/UE4Project/ARPGDemo/Content/HUDandGUIMedievalArtBundle/SFX/GenericButtonSelect_Cue.uasset" 66
"D:/UE4Project/ARPGDemo/Content/HUDandGUIMedievalArtBundle/SFX/GenericButtonSelect_Cue.uexp" 67
"D:/UE4Project/ARPGDemo/Content/HUDandGUIMedievalArtBundle/SFX/GenericButtonBack_Cue.uasset" 68
"D:/UE4Project/ARPGDemo/Content/HUDandGUIMedievalArtBundle/SFX/GenericButtonBack_Cue.uexp" 69
"D:/UE4Project/ARPGDemo/Content/flat_skills_icons_color/rogue_assassin/rogue_22.uasset" 70
"D:/UE4Project/ARPGDemo/Content/flat_skills_icons_color/rogue_assassin/rogue_22.uexp" 71
"D:/UE4Project/ARPGDemo/Content/flat_skills_icons_color/rogue_assassin/rogue_22.ubulk" 72
"D:/UE4Project/ARPGDemo/Content/ARPGDemo/Blueprints/GAS/CurveTable/AvoidCoolDown.uasset" 73
"D:/UE4Project/ARPGDemo/Content/ARPGDemo/Blueprints/GAS/CurveTable/AvoidCoolDown.uexp" 74
"D:/UE4Project/ARPGDemo/Content/ARPGDemo/Blueprints/GAS/GE/CoolDown/GE_HealthRegen.uasset" 75
"D:/UE4Project/ARPGDemo/Content/ARPGDemo/Blueprints/GAS/GE/CoolDown/GE_HealthRegen.uexp" 76
"D:/UE4Project/ARPGDemo/Content/ARPGDemo/Blueprints/GAS/CurveTable/Liner.uasset" 77
"D:/UE4Project/ARPGDemo/Content/ARPGDemo/Blueprints/GAS/CurveTable/Liner.uexp" 78
"D:/UE4Project/ARPGDemo/Content/ARPGDemo/Blueprints/GAS/GE/GE_HealthChange.uasset" 79
"D:/UE4Project/ARPGDemo/Content/ARPGDemo/Blueprints/GAS/GE/GE_HealthChange.uexp" 80
"../../../Engine/Content/EngineMeshes/Humanoid.uasset" 81
"../../../Engine/Content/EngineMeshes/Humanoid.uexp" 82
"D:/UE4Project/ARPGDemo/Content/ARPGDemo/Assets/Skeleton/Succubus_Anim_Set/UE4_Mannequin_Skeleton.uasset" 83
"D:/UE4Project/ARPGDemo/Content/ARPGDemo/Assets/Skeleton/Succubus_Anim_Set/UE4_Mannequin_Skeleton.uexp" 84
"D:/UE4Project/ARPGDemo/Content/Succubus_Anim_Set/Textures/FX_Textures/Cell_D.uasset" 85
"D:/UE4Project/ARPGDemo/Content/Succubus_Anim_Set/Textures/FX_Textures/Cell_D.uexp" 86
"D:/UE4Project/ARPGDemo/Content/Succubus_Anim_Set/Textures/FX_Textures/Cell_D.ubulk" 87
"D:/UE4Project/ARPGDemo/Content/Succubus_Anim_Set/Materials/FX_Materials/Master/wave_unlit_mat.uasset" 88
"D:/UE4Project/ARPGDemo/Content/Succubus_Anim_Set/Materials/FX_Materials/Master/wave_unlit_mat.uexp" 89
"D:/UE4Project/ARPGDemo/Content/Succubus_Anim_Set/Materials/FX_Materials/Instance/wave_unlit_mat_Inst.uasset" 90
"D:/UE4Project/ARPGDemo/Content/Succubus_Anim_Set/Materials/FX_Materials/Instance/wave_unlit_mat_Inst.uexp" 91
"D:/UE4Project/ARPGDemo/Content/Succubus_Anim_Set/mesh/Sphere_wave.uasset" 92
"D:/UE4Project/ARPGDemo/Content/Succubus_Anim_Set/mesh/Sphere_wave.uexp" 93
"D:/UE4Project/ARPGDemo/Content/Succubus_Anim_Set/Textures/FX_Textures/Cell_N.uasset" 94
"D:/UE4Project/ARPGDemo/Content/Succubus_Anim_Set/Textures/FX_Textures/Cell_N.uexp" 95
"D:/UE4Project/ARPGDemo/Content/Succubus_Anim_Set/Textures/FX_Textures/Cell_N.ubulk" 96
"D:/UE4Project/ARPGDemo/Content/Succubus_Anim_Set/Materials/FX_Materials/Master/wave_lit_mat.uasset" 97
"D:/UE4Project/ARPGDemo/Content/Succubus_Anim_Set/Materials/FX_Materials/Master/wave_lit_mat.uexp" 98
"D:/UE4Project/ARPGDemo/Content/Succubus_Anim_Set/mesh/disk_wave.uasset" 99
"D:/UE4Project/ARPGDemo/Content/Succubus_Anim_Set/mesh/disk_wave.uexp" 100
"D:/UE4Project/ARPGDemo/Content/Succubus_Anim_Set/Materials/FX_Materials/Instance/wave_lit_mat_Inst2.uasset" 101
"D:/UE4Project/ARPGDemo/Content/Succubus_Anim_Set/Materials/FX_Materials/Instance/wave_lit_mat_Inst2.uexp" 102
"D:/UE4Project/ARPGDemo/Content/Succubus_Anim_Set/Materials/FX_Materials/Instance/wave_lit_mat_Inst.uasset" 103
"D:/UE4Project/ARPGDemo/Content/Succubus_Anim_Set/Materials/FX_Materials/Instance/wave_lit_mat_Inst.uexp" 104
"../../../Engine/Content/Functions/Engine_MaterialFunctions01/Density/ExponentialDensity.uasset" 105
"../../../Engine/Content/Functions/Engine_MaterialFunctions01/Density/ExponentialDensity.uexp" 106
"../../../Engine/Content/Functions/Engine_MaterialFunctions01/Gradient/RadialGradientExponential.uasset" 107
"../../../Engine/Content/Functions/Engine_MaterialFunctions01/Gradient/RadialGradientExponential.uexp" 108
"D:/UE4Project/ARPGDemo/Content/Succubus_Anim_Set/Materials/FX_Materials/Spark_M.uasset" 109
"D:/UE4Project/ARPGDemo/Content/Succubus_Anim_Set/Materials/FX_Materials/Spark_M.uexp" 110
"D:/UE4Project/ARPGDemo/Content/Succubus_Anim_Set/Particles/P_wave.uasset" 111
"D:/UE4Project/ARPGDemo/Content/Succubus_Anim_Set/Particles/P_wave.uexp" 112
"../../../Engine/Content/Animation/DefaultAnimCurveCompressionSettings.uasset" 113
"../../../Engine/Content/Animation/DefaultAnimCurveCompressionSettings.uexp" 114
"../../../Engine/Content/Animation/DefaultAnimBoneCompressionSettings.uasset" 115
"../../../Engine/Content/Animation/DefaultAnimBoneCompressionSettings.uexp" 116
"D:/UE4Project/ARPGDemo/Content/Succubus_Anim_Set/Animation/buff_01.uasset" 117
"D:/UE4Project/ARPGDemo/Content/Succubus_Anim_Set/Animation/buff_01.uexp" 118
"D:/UE4Project/ARPGDemo/Content/ARPGDemo/Assets/Animations/Player/Montages/AM_PlayerBuff.uasset" 119
"D:/UE4Project/ARPGDemo/Content/ARPGDemo/Assets/Animations/Player/Montages/AM_PlayerBuff.uexp" 120
"D:/UE4Project/ARPGDemo/Content/ARPGDemo/Blueprints/GAS/GA/GA_HealthRegen.uasset" 121
"D:/UE4Project/ARPGDemo/Content/ARPGDemo/Blueprints/GAS/GA/GA_HealthRegen.uexp" 122
"D:/UE4Project/ARPGDemo/Content/ARPGDemo/Blueprints/GAS/GE/CoolDown/GE_HealthDecrease.uasset" 123
"D:/UE4Project/ARPGDemo/Content/ARPGDemo/Blueprints/GAS/GE/CoolDown/GE_HealthDecrease.uexp" 124
"D:/UE4Project/ARPGDemo/Content/ARPGDemo/Blueprints/GAS/GA/GA_HealthDecrease.uasset" 125
"D:/UE4Project/ARPGDemo/Content/ARPGDemo/Blueprints/GAS/GA/GA_HealthDecrease.uexp" 126
"D:/UE4Project/ARPGDemo/Content/ARPGDemo/Blueprints/GAS/GE/CoolDown/GE_Avoid.uasset" 127
"D:/UE4Project/ARPGDemo/Content/ARPGDemo/Blueprints/GAS/GE/CoolDown/GE_Avoid.uexp" 128
"D:/UE4Project/ARPGDemo/Content/Succubus_Anim_Set/Animation/avoid_right.uasset" 129
"D:/UE4Project/ARPGDemo/Content/Succubus_Anim_Set/Animation/avoid_right.uexp" 130
"D:/UE4Project/ARPGDemo/Content/Succubus_Anim_Set/Animation/avoid_left.uasset" 131
"D:/UE4Project/ARPGDemo/Content/Succubus_Anim_Set/Animation/avoid_left.uexp" 132
"D:/UE4Project/ARPGDemo/Content/Succubus_Anim_Set/Animation/avoid_front.uasset" 133
"D:/UE4Project/ARPGDemo/Content/Succubus_Anim_Set/Animation/avoid_front.uexp" 134
"D:/UE4Project/ARPGDemo/Content/Succubus_Anim_Set/Animation/avoid_back.uasset" 135
"D:/UE4Project/ARPGDemo/Content/Succubus_Anim_Set/Animation/avoid_back.uexp" 136
"D:/UE4Project/ARPGDemo/Content/ARPGDemo/Assets/Animations/Player/Montages/AM_PlayerAvoid.uasset" 137
"D:/UE4Project/ARPGDemo/Content/ARPGDemo/Assets/Animations/Player/Montages/AM_PlayerAvoid.uexp" 138
"D:/UE4Project/ARPGDemo/Content/ARPGDemo/Blueprints/GAS/GE/GE_InitLevel.uasset" 139
"D:/UE4Project/ARPGDemo/Content/ARPGDemo/Blueprints/GAS/GE/GE_InitLevel.uexp" 140
"D:/UE4Project/ARPGDemo/Content/ARPGDemo/Blueprints/GAS/GE/GE_Init.uasset" 141
"D:/UE4Project/ARPGDemo/Content/ARPGDemo/Blueprints/GAS/GE/GE_Init.uexp" 142
"D:/UE4Project/ARPGDemo/Content/ARPGDemo/Assets/Texture/UMG/Avatar/RT_Avatar.uasset" 143
"D:/UE4Project/ARPGDemo/Content/ARPGDemo/Assets/Texture/UMG/Avatar/RT_Avatar.uexp" 144
"D:/UE4Project/ARPGDemo/Content/ARPGDemo/Assets/Skeleton/Succubus_Anim_Set/SK_Mannequin_PhysicsAsset.uasset" 145
"D:/UE4Project/ARPGDemo/Content/ARPGDemo/Assets/Skeleton/Succubus_Anim_Set/SK_Mannequin_PhysicsAsset.uexp" 146
"D:/UE4Project/ARPGDemo/Content/Succubus_Anim_Set/Textures/UE4Man_Logo_N.uasset" 147
"D:/UE4Project/ARPGDemo/Content/Succubus_Anim_Set/Textures/UE4Man_Logo_N.uexp" 148
"D:/UE4Project/ARPGDemo/Content/Succubus_Anim_Set/Textures/UE4Man_Logo_N.ubulk" 149
"D:/UE4Project/ARPGDemo/Content/Succubus_Anim_Set/Textures/UE4_Mannequin_occlusion_Mobile.uasset" 150
"D:/UE4Project/ARPGDemo/Content/Succubus_Anim_Set/Textures/UE4_Mannequin_occlusion_Mobile.uexp" 151
"D:/UE4Project/ARPGDemo/Content/Succubus_Anim_Set/Textures/UE4_Mannequin_occlusion_Mobile.ubulk" 152
"D:/UE4Project/ARPGDemo/Content/Succubus_Anim_Set/Textures/UE4_Mannequin_MAT_MASKA.uasset" 153
"D:/UE4Project/ARPGDemo/Content/Succubus_Anim_Set/Textures/UE4_Mannequin_MAT_MASKA.uexp" 154
"D:/UE4Project/ARPGDemo/Content/Succubus_Anim_Set/Textures/UE4_Mannequin_MAT_MASKA.ubulk" 155
"D:/UE4Project/ARPGDemo/Content/Succubus_Anim_Set/Textures/UE4_Mannequin__normals.uasset" 156
"D:/UE4Project/ARPGDemo/Content/Succubus_Anim_Set/Textures/UE4_Mannequin__normals.uexp" 157
"D:/UE4Project/ARPGDemo/Content/Succubus_Anim_Set/Textures/UE4_Mannequin__normals.ubulk" 158
"D:/UE4Project/ARPGDemo/Content/Succubus_Anim_Set/Textures/T_ML_Aluminum01_N.uasset" 159
"D:/UE4Project/ARPGDemo/Content/Succubus_Anim_Set/Textures/T_ML_Aluminum01_N.uexp" 160
"D:/UE4Project/ARPGDemo/Content/Succubus_Anim_Set/Textures/T_ML_Aluminum01_N.ubulk" 161
"D:/UE4Project/ARPGDemo/Content/Succubus_Anim_Set/Textures/T_ML_Aluminum01.uasset" 162
"D:/UE4Project/ARPGDemo/Content/Succubus_Anim_Set/Textures/T_ML_Aluminum01.uexp" 163
"D:/UE4Project/ARPGDemo/Content/Succubus_Anim_Set/Textures/T_ML_Aluminum01.ubulk" 164
"D:/UE4Project/ARPGDemo/Content/Succubus_Anim_Set/Materials/MaterialLayers/ML_SoftMetal_UE4.uasset" 165
"D:/UE4Project/ARPGDemo/Content/Succubus_Anim_Set/Materials/MaterialLayers/ML_SoftMetal_UE4.uexp" 166
"D:/UE4Project/ARPGDemo/Content/Succubus_Anim_Set/Textures/UE4_LOGO_CARD.uasset" 167
"D:/UE4Project/ARPGDemo/Content/Succubus_Anim_Set/Textures/UE4_LOGO_CARD.uexp" 168
"D:/UE4Project/ARPGDemo/Content/Succubus_Anim_Set/Textures/UE4_LOGO_CARD.ubulk" 169
"D:/UE4Project/ARPGDemo/Content/Succubus_Anim_Set/Materials/MaterialLayers/ML_Plastic_Shiny_Beige_LOGO.uasset" 170
"D:/UE4Project/ARPGDemo/Content/Succubus_Anim_Set/Materials/MaterialLayers/ML_Plastic_Shiny_Beige_LOGO.uexp" 171
"D:/UE4Project/ARPGDemo/Content/Succubus_Anim_Set/Materials/MaterialLayers/ML_Plastic_Shiny_Beige.uasset" 172
"D:/UE4Project/ARPGDemo/Content/Succubus_Anim_Set/Materials/MaterialLayers/ML_Plastic_Shiny_Beige.uexp" 173
"D:/UE4Project/ARPGDemo/Content/Succubus_Anim_Set/Textures/T_ML_Rubber_Blue_01_N.uasset" 174
"D:/UE4Project/ARPGDemo/Content/Succubus_Anim_Set/Textures/T_ML_Rubber_Blue_01_N.uexp" 175
"D:/UE4Project/ARPGDemo/Content/Succubus_Anim_Set/Textures/T_ML_Rubber_Blue_01_N.ubulk" 176
"D:/UE4Project/ARPGDemo/Content/Succubus_Anim_Set/Textures/T_ML_Rubber_Blue_01_D.uasset" 177
"D:/UE4Project/ARPGDemo/Content/Succubus_Anim_Set/Textures/T_ML_Rubber_Blue_01_D.uexp" 178
"D:/UE4Project/ARPGDemo/Content/Succubus_Anim_Set/Textures/T_ML_Rubber_Blue_01_D.ubulk" 179
"D:/UE4Project/ARPGDemo/Content/Succubus_Anim_Set/Materials/MaterialLayers/ML_GlossyBlack_Latex_UE4.uasset" 180
"D:/UE4Project/ARPGDemo/Content/Succubus_Anim_Set/Materials/MaterialLayers/ML_GlossyBlack_Latex_UE4.uexp" 181
"../../../Engine/Content/Functions/MaterialLayerFunctions/MatLayerBlend_AO.uasset" 182
"../../../Engine/Content/Functions/MaterialLayerFunctions/MatLayerBlend_AO.uexp" 183
"../../../Engine/Content/Functions/MaterialLayerFunctions/MatLayerBlend_Simple.uasset" 184
"../../../Engine/Content/Functions/MaterialLayerFunctions/MatLayerBlend_Simple.uexp" 185
"../../../Engine/Content/Functions/Engine_MaterialFunctions02/Utility/BlendAngleCorrectedNormals.uasset" 186
"../../../Engine/Content/Functions/Engine_MaterialFunctions02/Utility/BlendAngleCorrectedNormals.uexp" 187
"../../../Engine/Content/Functions/MaterialLayerFunctions/MatLayerBlend_NormalBlend.uasset" 188
"../../../Engine/Content/Functions/MaterialLayerFunctions/MatLayerBlend_NormalBlend.uexp" 189
"D:/UE4Project/ARPGDemo/Content/Succubus_Anim_Set/Materials/M_UE4Man_Body.uasset" 190
"D:/UE4Project/ARPGDemo/Content/Succubus_Anim_Set/Materials/M_UE4Man_Body.uexp" 191
"D:/UE4Project/ARPGDemo/Content/Succubus_Anim_Set/Materials/M_UE4Man_ChestLogo.uasset" 192
"D:/UE4Project/ARPGDemo/Content/Succubus_Anim_Set/Materials/M_UE4Man_ChestLogo.uexp" 193
"D:/UE4Project/ARPGDemo/Content/ARPGDemo/Assets/Skeleton/Succubus_Anim_Set/SK_Mannequin.uasset" 194
"D:/UE4Project/ARPGDemo/Content/ARPGDemo/Assets/Skeleton/Succubus_Anim_Set/SK_Mannequin.uexp" 195
"D:/UE4Project/ARPGDemo/Content/Succubus_Anim_Set/Animation/move_right.uasset" 196
"D:/UE4Project/ARPGDemo/Content/Succubus_Anim_Set/Animation/move_right.uexp" 197
"D:/UE4Project/ARPGDemo/Content/Succubus_Anim_Set/Animation/move_left.uasset" 198
"D:/UE4Project/ARPGDemo/Content/Succubus_Anim_Set/Animation/move_left.uexp" 199
"D:/UE4Project/ARPGDemo/Content/Succubus_Anim_Set/Animation/move_frontright.uasset" 200
"D:/UE4Project/ARPGDemo/Content/Succubus_Anim_Set/Animation/move_frontright.uexp" 201
"D:/UE4Project/ARPGDemo/Content/Succubus_Anim_Set/Animation/move_frontleft.uasset" 202
"D:/UE4Project/ARPGDemo/Content/Succubus_Anim_Set/Animation/move_frontleft.uexp" 203
"D:/UE4Project/ARPGDemo/Content/Succubus_Anim_Set/Animation/move_front.uasset" 204
"D:/UE4Project/ARPGDemo/Content/Succubus_Anim_Set/Animation/move_front.uexp" 205
"D:/UE4Project/ARPGDemo/Content/Succubus_Anim_Set/Animation/move_backright.uasset" 206
"D:/UE4Project/ARPGDemo/Content/Succubus_Anim_Set/Animation/move_backright.uexp" 207
"D:/UE4Project/ARPGDemo/Content/Succubus_Anim_Set/Animation/move_backleft.uasset" 208
"D:/UE4Project/ARPGDemo/Content/Succubus_Anim_Set/Animation/move_backleft.uexp" 209
"D:/UE4Project/ARPGDemo/Content/Succubus_Anim_Set/Animation/move_back.uasset" 210
"D:/UE4Project/ARPGDemo/Content/Succubus_Anim_Set/Animation/move_back.uexp" 211
"D:/UE4Project/ARPGDemo/Content/Succubus_Anim_Set/Animation/idle.uasset" 212
"D:/UE4Project/ARPGDemo/Content/Succubus_Anim_Set/Animation/idle.uexp" 213
"D:/UE4Project/ARPGDemo/Content/ARPGDemo/Assets/Animations/Player/BlendSpaces/BS_Move.uasset" 214
"D:/UE4Project/ARPGDemo/Content/ARPGDemo/Assets/Animations/Player/BlendSpaces/BS_Move.uexp" 215
"D:/UE4Project/ARPGDemo/Content/Succubus_Anim_Set/Animation/pose/Pose_look_U.uasset" 216
"D:/UE4Project/ARPGDemo/Content/Succubus_Anim_Set/Animation/pose/Pose_look_U.uexp" 217
"D:/UE4Project/ARPGDemo/Content/Succubus_Anim_Set/Animation/pose/Pose_look_D.uasset" 218
"D:/UE4Project/ARPGDemo/Content/Succubus_Anim_Set/Animation/pose/Pose_look_D.uexp" 219
"D:/UE4Project/ARPGDemo/Content/ARPGDemo/Assets/Animations/Player/BlendSpaces/AOBS_Aim.uasset" 220
"D:/UE4Project/ARPGDemo/Content/ARPGDemo/Assets/Animations/Player/BlendSpaces/AOBS_Aim.uexp" 221
"../../../Engine/Content/EditorBlueprintResources/StandardMacros.uasset" 222
"../../../Engine/Content/EditorBlueprintResources/StandardMacros.uexp" 223
"D:/UE4Project/ARPGDemo/Content/ARPGDemo/Assets/Animations/Player/Blueprint/ABP_Player.uasset" 224
"D:/UE4Project/ARPGDemo/Content/ARPGDemo/Assets/Animations/Player/Blueprint/ABP_Player.uexp" 225
"D:/UE4Project/ARPGDemo/Content/ARPGDemo/Blueprints/Character/Player/BP_PlayerCharacter.uasset" 226
"D:/UE4Project/ARPGDemo/Content/ARPGDemo/Blueprints/Character/Player/BP_PlayerCharacter.uexp" 227
"D:/UE4Project/ARPGDemo/Content/ARPGDemo/Blueprints/GAS/GA/GA_Avoid.uasset" 228
"D:/UE4Project/ARPGDemo/Content/ARPGDemo/Blueprints/GAS/GA/GA_Avoid.uexp" 229
"D:/UE4Project/ARPGDemo/Content/ARPGDemo/Assets/DataTable/Precondition_HealthRegen.uasset" 230
"D:/UE4Project/ARPGDemo/Content/ARPGDemo/Assets/DataTable/Precondition_HealthRegen.uexp" 231
"D:/UE4Project/ARPGDemo/Content/ARPGDemo/Assets/DataTable/Precondition_HealthDecrease.uasset" 232
"D:/UE4Project/ARPGDemo/Content/ARPGDemo/Assets/DataTable/Precondition_HealthDecrease.uexp" 233
"D:/UE4Project/ARPGDemo/Content/ARPGDemo/Assets/DataTable/Precondition_Avoid.uasset" 234
"D:/UE4Project/ARPGDemo/Content/ARPGDemo/Assets/DataTable/Precondition_Avoid.uexp" 235
"D:/UE4Project/ARPGDemo/Content/+150fantasy_icon_pack/128x128icons/Grayscale/icon_128x128_144_Grey.uasset" 236
"D:/UE4Project/ARPGDemo/Content/+150fantasy_icon_pack/128x128icons/Grayscale/icon_128x128_144_Grey.uexp" 237
"D:/UE4Project/ARPGDemo/Content/+150fantasy_icon_pack/128x128icons/Grayscale/icon_128x128_144_Grey.ubulk" 238
"D:/UE4Project/ARPGDemo/Content/+150fantasy_icon_pack/128x128icons/Grayscale/icon_128x128_138_Grey.uasset" 239
"D:/UE4Project/ARPGDemo/Content/+150fantasy_icon_pack/128x128icons/Grayscale/icon_128x128_138_Grey.uexp" 240
"D:/UE4Project/ARPGDemo/Content/+150fantasy_icon_pack/128x128icons/Grayscale/icon_128x128_138_Grey.ubulk" 241
"D:/UE4Project/ARPGDemo/Content/+150fantasy_icon_pack/128x128icons/Colored/icon_128x128_144.uasset" 242
"D:/UE4Project/ARPGDemo/Content/+150fantasy_icon_pack/128x128icons/Colored/icon_128x128_144.uexp" 243
"D:/UE4Project/ARPGDemo/Content/+150fantasy_icon_pack/128x128icons/Colored/icon_128x128_144.ubulk" 244
"D:/UE4Project/ARPGDemo/Content/+150fantasy_icon_pack/128x128icons/Colored/icon_128x128_138.uasset" 245
"D:/UE4Project/ARPGDemo/Content/+150fantasy_icon_pack/128x128icons/Colored/icon_128x128_138.uexp" 246
"D:/UE4Project/ARPGDemo/Content/+150fantasy_icon_pack/128x128icons/Colored/icon_128x128_138.ubulk" 247
"D:/UE4Project/ARPGDemo/Content/ARPGDemo/Assets/DataTable/SkillDataTable.uasset" 248
"D:/UE4Project/ARPGDemo/Content/ARPGDemo/Assets/DataTable/SkillDataTable.uexp" 249
"D:/UE4Project/ARPGDemo/Content/ARPGDemo/Blueprints/UMG/Gamming/Windows/FloatingWindow/SkillWindow/WBP_SkillWindow.uasset" 250
"D:/UE4Project/ARPGDemo/Content/ARPGDemo/Blueprints/UMG/Gamming/Windows/FloatingWindow/SkillWindow/WBP_SkillWindow.uexp" 251
"D:/UE4Project/ARPGDemo/Content/ARPGDemo/Blueprints/UMG/Gamming/Windows/FloatingWindow/PropertyWindow/WBP_PropertyWindow.uasset" 252
"D:/UE4Project/ARPGDemo/Content/ARPGDemo/Blueprints/UMG/Gamming/Windows/FloatingWindow/PropertyWindow/WBP_PropertyWindow.uexp" 253
"D:/UE4Project/ARPGDemo/Content/ARPGDemo/Blueprints/UMG/Gamming/Windows/FloatingWindow/BackpackWindow/WBP_BackpackWindow.uasset" 254
"D:/UE4Project/ARPGDemo/Content/ARPGDemo/Blueprints/UMG/Gamming/Windows/FloatingWindow/BackpackWindow/WBP_BackpackWindow.uexp" 255
"D:/UE4Project/ARPGDemo/Content/ARPGDemo/Blueprints/UMG/Gamming/Windows/MainWindow/WBP_FloatingMainWindow.uasset" 256
"D:/UE4Project/ARPGDemo/Content/ARPGDemo/Blueprints/UMG/Gamming/Windows/MainWindow/WBP_FloatingMainWindow.uexp" 257
"D:/UE4Project/ARPGDemo/Content/HUDandGUIMedievalArtBundle/Textures/WINDOWS/RIBBONS/FlatRibbonBlue.uasset" 258
"D:/UE4Project/ARPGDemo/Content/HUDandGUIMedievalArtBundle/Textures/WINDOWS/RIBBONS/FlatRibbonBlue.uexp" 259
"D:/UE4Project/ARPGDemo/Content/HUDandGUIMedievalArtBundle/Textures/WINDOWS/BACKGROUNDS/BLUE/Window04Blue.uasset" 260
"D:/UE4Project/ARPGDemo/Content/HUDandGUIMedievalArtBundle/Textures/WINDOWS/BACKGROUNDS/BLUE/Window04Blue.uexp" 261
"D:/UE4Project/ARPGDemo/Content/HUDandGUIMedievalArtBundle/Textures/WINDOWS/BACKGROUNDS/BLUE/Window04Blue.ubulk" 262
"D:/UE4Project/ARPGDemo/Content/HUDandGUIMedievalArtBundle/Textures/WINDOWS/BACKGROUNDS/BLUE/Window06Blue.uasset" 263
"D:/UE4Project/ARPGDemo/Content/HUDandGUIMedievalArtBundle/Textures/WINDOWS/BACKGROUNDS/BLUE/Window06Blue.uexp" 264
"D:/UE4Project/ARPGDemo/Content/HUDandGUIMedievalArtBundle/Textures/WINDOWS/BACKGROUNDS/BLUE/Window06Blue.ubulk" 265
"D:/UE4Project/ARPGDemo/Content/HUDandGUIMedievalArtBundle/Textures/HEALTH/LifeBarBlue.uasset" 266
"D:/UE4Project/ARPGDemo/Content/HUDandGUIMedievalArtBundle/Textures/HEALTH/LifeBarBlue.uexp" 267
"D:/UE4Project/ARPGDemo/Content/GoodUIIconTrail/Textures/BaseShapeAlpha/T_Construction_Box.uasset" 268
"D:/UE4Project/ARPGDemo/Content/GoodUIIconTrail/Textures/BaseShapeAlpha/T_Construction_Box.uexp" 269
"D:/UE4Project/ARPGDemo/Content/GoodUIIconTrail/Materials/Instance/MI_GoodUIIconTrail_Construction.uasset" 270
"D:/UE4Project/ARPGDemo/Content/GoodUIIconTrail/Materials/Instance/MI_GoodUIIconTrail_Construction.uexp" 271
"D:/UE4Project/ARPGDemo/Content/ARPGDemo/Blueprints/UMG/Gamming/Windows/FixedWindow/Skill/WBP_QuickReleaseContainer.uasset" 272
"D:/UE4Project/ARPGDemo/Content/ARPGDemo/Blueprints/UMG/Gamming/Windows/FixedWindow/Skill/WBP_QuickReleaseContainer.uexp" 273
"D:/UE4Project/ARPGDemo/Content/ARPGDemo/Blueprints/UMG/Gamming/Windows/FixedWindow/Skill/SkillBar/WBP_SkillBar.uasset" 274
"D:/UE4Project/ARPGDemo/Content/ARPGDemo/Blueprints/UMG/Gamming/Windows/FixedWindow/Skill/SkillBar/WBP_SkillBar.uexp" 275
"D:/UE4Project/ARPGDemo/Content/HUDandGUIMedievalArtBundle/Textures/HEALTH/HealthDragon.uasset" 276
"D:/UE4Project/ARPGDemo/Content/HUDandGUIMedievalArtBundle/Textures/HEALTH/HealthDragon.uexp" 277
"D:/UE4Project/ARPGDemo/Content/ARPGDemo/Assets/Texture/UMG/HealthBar/GradientBars/T6/T6_gb_frame.uasset" 278
"D:/UE4Project/ARPGDemo/Content/ARPGDemo/Assets/Texture/UMG/HealthBar/GradientBars/T6/T6_gb_frame.uexp" 279
"D:/UE4Project/ARPGDemo/Content/ARPGDemo/Assets/Texture/UMG/HealthBar/GradientBars/T6/T6_gb_overlay.uasset" 280
"D:/UE4Project/ARPGDemo/Content/ARPGDemo/Assets/Texture/UMG/HealthBar/GradientBars/T6/T6_gb_overlay.uexp" 281
"D:/UE4Project/ARPGDemo/Content/ARPGDemo/Assets/Texture/UMG/HealthBar/GradientBars/T6/T6_gb_normal.uasset" 282
"D:/UE4Project/ARPGDemo/Content/ARPGDemo/Assets/Texture/UMG/HealthBar/GradientBars/T6/T6_gb_normal.uexp" 283
"D:/UE4Project/ARPGDemo/Content/ARPGDemo/Assets/Texture/UMG/HealthBar/GradientBars/T6/T6_gb_empty.uasset" 284
"D:/UE4Project/ARPGDemo/Content/ARPGDemo/Assets/Texture/UMG/HealthBar/GradientBars/T6/T6_gb_empty.uexp" 285
"D:/UE4Project/ARPGDemo/Content/ARPGDemo/Assets/Texture/UMG/HealthBar/GradientBars/T5/gb_over_T5.uasset" 286
"D:/UE4Project/ARPGDemo/Content/ARPGDemo/Assets/Texture/UMG/HealthBar/GradientBars/T5/gb_over_T5.uexp" 287
"D:/UE4Project/ARPGDemo/Content/ARPGDemo/Assets/Texture/UMG/HealthBar/GradientBars/T4/T4_gb_overlay.uasset" 288
"D:/UE4Project/ARPGDemo/Content/ARPGDemo/Assets/Texture/UMG/HealthBar/GradientBars/T4/T4_gb_overlay.uexp" 289
"D:/UE4Project/ARPGDemo/Content/ARPGDemo/Assets/Texture/UMG/HealthBar/GradientBars/T4/T4_gb_normal.uasset" 290
"D:/UE4Project/ARPGDemo/Content/ARPGDemo/Assets/Texture/UMG/HealthBar/GradientBars/T4/T4_gb_normal.uexp" 291
"D:/UE4Project/ARPGDemo/Content/ARPGDemo/Assets/Texture/UMG/HealthBar/GradientBars/T4/T4_gb_empty.uasset" 292
"D:/UE4Project/ARPGDemo/Content/ARPGDemo/Assets/Texture/UMG/HealthBar/GradientBars/T4/T4_gb_empty.uexp" 293
"../../../Engine/Content/EngineMaterials/BlendFunc_DefBlend.uasset" 294
"../../../Engine/Content/EngineMaterials/BlendFunc_DefBlend.uexp" 295
"../../../Engine/Content/EngineMaterials/BlendFunc_DefBase.uasset" 296
"../../../Engine/Content/EngineMaterials/BlendFunc_DefBase.uexp" 297
"../../../Engine/Content/Functions/Engine_MaterialFunctions01/Gradient/LinearGradient.uasset" 298
"../../../Engine/Content/Functions/Engine_MaterialFunctions01/Gradient/LinearGradient.uexp" 299
"D:/UE4Project/ARPGDemo/Content/ARPGDemo/Assets/Material/UMG/HealthBar/MF_Horizontal_Fill.uasset" 300
"D:/UE4Project/ARPGDemo/Content/ARPGDemo/Assets/Material/UMG/HealthBar/MF_Horizontal_Fill.uexp" 301
"../../../Engine/Content/Functions/Engine_MaterialFunctions03/Blends/Blend_Overlay.uasset" 302
"../../../Engine/Content/Functions/Engine_MaterialFunctions03/Blends/Blend_Overlay.uexp" 303
"D:/UE4Project/ARPGDemo/Content/ARPGDemo/Assets/Material/UMG/HealthBar/GB_Fill_T4.uasset" 304
"D:/UE4Project/ARPGDemo/Content/ARPGDemo/Assets/Material/UMG/HealthBar/GB_Fill_T4.uexp" 305
"D:/UE4Project/ARPGDemo/Content/ARPGDemo/Assets/Material/UMG/HealthBar/GB_Fill_T6.uasset" 306
"D:/UE4Project/ARPGDemo/Content/ARPGDemo/Assets/Material/UMG/HealthBar/GB_Fill_T6.uexp" 307
"D:/UE4Project/ARPGDemo/Content/ARPGDemo/Assets/Font/WenYue-JuJiuWuTi-J-2.uasset" 308
"D:/UE4Project/ARPGDemo/Content/ARPGDemo/Assets/Font/WenYue-JuJiuWuTi-J-2.uexp" 309
"D:/UE4Project/ARPGDemo/Content/ARPGDemo/Assets/Font/WenYue-JuJiuWuTi-J-2.ufont" 310
"D:/UE4Project/ARPGDemo/Content/ARPGDemo/Assets/Font/WenYue-JuJiuWuTi-J-2_Font.uasset" 311
"D:/UE4Project/ARPGDemo/Content/ARPGDemo/Assets/Font/WenYue-JuJiuWuTi-J-2_Font.uexp" 312
"D:/UE4Project/ARPGDemo/Content/ARPGDemo/Blueprints/UMG/Gamming/Windows/HUD/WBP_HUDHealthBar.uasset" 313
"D:/UE4Project/ARPGDemo/Content/ARPGDemo/Blueprints/UMG/Gamming/Windows/HUD/WBP_HUDHealthBar.uexp" 314
"D:/UE4Project/ARPGDemo/Content/ARPGDemo/Blueprints/GamePlay/Gamming/PlayerState/BP_PlayerState.uasset" 315
"D:/UE4Project/ARPGDemo/Content/ARPGDemo/Blueprints/GamePlay/Gamming/PlayerState/BP_PlayerState.uexp" 316
"D:/UE4Project/ARPGDemo/Content/ARPGDemo/Assets/Texture/UMG/Avatar/M_Avatar.uasset" 317
"D:/UE4Project/ARPGDemo/Content/ARPGDemo/Assets/Texture/UMG/Avatar/M_Avatar.uexp" 318
"D:/UE4Project/ARPGDemo/Content/ARPGDemo/Blueprints/UMG/Gamming/Windows/HUD/WBP_HUDAvatarFrame.uasset" 319
"D:/UE4Project/ARPGDemo/Content/ARPGDemo/Blueprints/UMG/Gamming/Windows/HUD/WBP_HUDAvatarFrame.uexp" 320
"D:/UE4Project/ARPGDemo/Content/ARPGDemo/Assets/Texture/UMG/T_Aim.uasset" 321
"D:/UE4Project/ARPGDemo/Content/ARPGDemo/Assets/Texture/UMG/T_Aim.uexp" 322
"D:/UE4Project/ARPGDemo/Content/ARPGDemo/Assets/Texture/UMG/T_Aim.ubulk" 323
"D:/UE4Project/ARPGDemo/Content/ARPGDemo/Blueprints/UMG/Gamming/Windows/HUD/WBP_HUDAim.uasset" 324
"D:/UE4Project/ARPGDemo/Content/ARPGDemo/Blueprints/UMG/Gamming/Windows/HUD/WBP_HUDAim.uexp" 325
"D:/UE4Project/ARPGDemo/Content/ARPGDemo/Blueprints/UMG/Gamming/Windows/HUD/WBP_XPBar.uasset" 326
"D:/UE4Project/ARPGDemo/Content/ARPGDemo/Blueprints/UMG/Gamming/Windows/HUD/WBP_XPBar.uexp" 327
"D:/UE4Project/ARPGDemo/Content/ARPGDemo/Assets/Texture/UMG/ShowMouseCursor.uasset" 328
"D:/UE4Project/ARPGDemo/Content/ARPGDemo/Assets/Texture/UMG/ShowMouseCursor.uexp" 329
"D:/UE4Project/ARPGDemo/Content/ARPGDemo/Assets/Texture/UMG/HideMouseCursor.uasset" 330
"D:/UE4Project/ARPGDemo/Content/ARPGDemo/Assets/Texture/UMG/HideMouseCursor.uexp" 331
"D:/UE4Project/ARPGDemo/Content/ARPGDemo/Blueprints/UMG/Gamming/Windows/HUD/WBP_HUDMouseCuesor.uasset" 332
"D:/UE4Project/ARPGDemo/Content/ARPGDemo/Blueprints/UMG/Gamming/Windows/HUD/WBP_HUDMouseCuesor.uexp" 333
"D:/UE4Project/ARPGDemo/Content/ARPGDemo/Blueprints/UMG/Gamming/Windows/MainWindow/WBP_HUDMainWindow.uasset" 334
"D:/UE4Project/ARPGDemo/Content/ARPGDemo/Blueprints/UMG/Gamming/Windows/MainWindow/WBP_HUDMainWindow.uexp" 335
"D:/UE4Project/ARPGDemo/Content/ARPGDemo/Blueprints/UMG/Gamming/Windows/MainWindow/WBP_MainWindow.uasset" 336
"D:/UE4Project/ARPGDemo/Content/ARPGDemo/Blueprints/UMG/Gamming/Windows/MainWindow/WBP_MainWindow.uexp" 337
"D:/UE4Project/ARPGDemo/Content/HUDandGUIMedievalArtBundle/Textures/WINDOWS/BACKGROUNDS/GOLD/Window01Gold.uasset" 338
"D:/UE4Project/ARPGDemo/Content/HUDandGUIMedievalArtBundle/Textures/WINDOWS/BACKGROUNDS/GOLD/Window01Gold.uexp" 339
"D:/UE4Project/ARPGDemo/Content/HUDandGUIMedievalArtBundle/Textures/WINDOWS/BACKGROUNDS/GOLD/Window01Gold.ubulk" 340
"D:/UE4Project/ARPGDemo/Content/ARPGDemo/Blueprints/UMG/Gamming/Widgets/Menu/WBP_InputSetting.uasset" 341
"D:/UE4Project/ARPGDemo/Content/ARPGDemo/Blueprints/UMG/Gamming/Widgets/Menu/WBP_InputSetting.uexp" 342
"D:/UE4Project/ARPGDemo/Content/ARPGDemo/Blueprints/UMG/Gamming/Windows/Menu/WBP_Setting.uasset" 343
"D:/UE4Project/ARPGDemo/Content/ARPGDemo/Blueprints/UMG/Gamming/Windows/Menu/WBP_Setting.uexp" 344
"D:/UE4Project/ARPGDemo/Content/ARPGDemo/Blueprints/UMG/Gamming/Windows/HUD/BP_HUD.uasset" 345
"D:/UE4Project/ARPGDemo/Content/ARPGDemo/Blueprints/UMG/Gamming/Windows/HUD/BP_HUD.uexp" 346
"D:/UE4Project/ARPGDemo/Content/ARPGDemo/Blueprints/GAS/GE/GE_LevelUp.uasset" 347
"D:/UE4Project/ARPGDemo/Content/ARPGDemo/Blueprints/GAS/GE/GE_LevelUp.uexp" 348
"D:/UE4Project/ARPGDemo/Content/ARPGDemo/Blueprints/GamePlay/Gamming/PlayerController/BP_PlayerController.uasset" 349
"D:/UE4Project/ARPGDemo/Content/ARPGDemo/Blueprints/GamePlay/Gamming/PlayerController/BP_PlayerController.uexp" 350
"D:/UE4Project/ARPGDemo/Content/ARPGDemo/Blueprints/GamePlay/Gamming/BP_GameMode.uasset" 351
"D:/UE4Project/ARPGDemo/Content/ARPGDemo/Blueprints/GamePlay/Gamming/BP_GameMode.uexp" 352
"D:/UE4Project/ARPGDemo/Content/ARPGDemo/Blueprints/UMG/Gamming/Windows/Menu/WBP_MainMenu.uasset" 353
"D:/UE4Project/ARPGDemo/Content/ARPGDemo/Blueprints/UMG/Gamming/Windows/Menu/WBP_MainMenu.uexp" 354
"D:/UE4Project/ARPGDemo/Content/HUDandGUIMedievalArtBundle/SFX/Wavs/GenericButtonBack.uasset" 355
"D:/UE4Project/ARPGDemo/Content/HUDandGUIMedievalArtBundle/SFX/Wavs/GenericButtonBack.uexp" 356
"D:/UE4Project/ARPGDemo/Content/HUDandGUIMedievalArtBundle/SFX/Wavs/GenericButtonSelect.uasset" 357
"D:/UE4Project/ARPGDemo/Content/HUDandGUIMedievalArtBundle/SFX/Wavs/GenericButtonSelect.uexp" 358
"../../../Engine/Content/EngineMaterials/T_Default_Material_Grid_N.uasset" 359
"../../../Engine/Content/EngineMaterials/T_Default_Material_Grid_N.uexp" 360
"../../../Engine/Content/EngineMaterials/T_Default_Material_Grid_N.ubulk" 361
"../../../Engine/Content/EngineMaterials/T_Default_Material_Grid_M.uasset" 362
"../../../Engine/Content/EngineMaterials/T_Default_Material_Grid_M.uexp" 363
"../../../Engine/Content/EngineMaterials/T_Default_Material_Grid_M.ubulk" 364
"../../../Engine/Content/Functions/Engine_MaterialFunctions01/Opacity/CameraDepthFade.uasset" 365
"../../../Engine/Content/Functions/Engine_MaterialFunctions01/Opacity/CameraDepthFade.uexp" 366
"../../../Engine/Content/EngineMaterials/WorldGridMaterial.uasset" 367
"../../../Engine/Content/EngineMaterials/WorldGridMaterial.uexp" 368
"../../../Engine/Content/ArtTools/RenderToTexture/Meshes/S_1_Unit_Plane.uasset" 369
"../../../Engine/Content/ArtTools/RenderToTexture/Meshes/S_1_Unit_Plane.uexp" 370
"../../../Engine/Content/EngineMaterials/DefaultMaterial.uasset" 371
"../../../Engine/Content/EngineMaterials/DefaultMaterial.uexp" 372
"../../../Engine/Content/BasicShapes/Cone.uasset" 373
"../../../Engine/Content/BasicShapes/Cone.uexp" 374
"../../../Engine/Content/BasicShapes/Cube.uasset" 375
"../../../Engine/Content/BasicShapes/Cube.uexp" 376
"../../../Engine/Content/BasicShapes/Plane.uasset" 377
"../../../Engine/Content/BasicShapes/Plane.uexp" 378
"../../../Engine/Content/BasicShapes/Sphere.uasset" 379
"../../../Engine/Content/BasicShapes/Sphere.uexp" 380
"../../../Engine/Content/EditorLandscapeResources/DataLayer.uasset" 381
"../../../Engine/Content/EditorLandscapeResources/DataLayer.uexp" 382
"../../../Engine/Content/EditorLandscapeResources/DefaultAlphaTexture.uasset" 383
"../../../Engine/Content/EditorLandscapeResources/DefaultAlphaTexture.uexp" 384
"../../../Engine/Content/EditorMaterials/MAT_Groups_Toggle.uasset" 385
"../../../Engine/Content/EditorMaterials/MAT_Groups_Toggle.uexp" 386
"../../../Engine/Content/EditorMaterials/MAT_Groups_Visibility.uasset" 387
"../../../Engine/Content/EditorMaterials/MAT_Groups_Visibility.uexp" 388
"../../../Engine/Content/EditorMaterials/PreviewShadowIndicator.uasset" 389
"../../../Engine/Content/EditorMaterials/PreviewShadowIndicator.uexp" 390
"../../../Engine/Content/EditorMaterials/PreviewShadowIndicator.ubulk" 391
"../../../Engine/Content/EditorMaterials/PreviewShadowIndicatorMaterial.uasset" 392
"../../../Engine/Content/EditorMaterials/PreviewShadowIndicatorMaterial.uexp" 393
"../../../Engine/Content/EditorMaterials/MatineeGroups/MAT_ColorTrack.uasset" 394
"../../../Engine/Content/EditorMaterials/MatineeGroups/MAT_ColorTrack.uexp" 395
"../../../Engine/Content/EditorMaterials/MatineeGroups/MAT_Groups_Anim.uasset" 396
"../../../Engine/Content/EditorMaterials/MatineeGroups/MAT_Groups_Anim.uexp" 397
"../../../Engine/Content/EditorMaterials/MatineeGroups/MAT_Groups_AudioMaster.uasset" 398
"../../../Engine/Content/EditorMaterials/MatineeGroups/MAT_Groups_AudioMaster.uexp" 399
"../../../Engine/Content/EditorMaterials/MatineeGroups/MAT_Groups_Director.uasset" 400
"../../../Engine/Content/EditorMaterials/MatineeGroups/MAT_Groups_Director.uexp" 401
"../../../Engine/Content/EditorMaterials/MatineeGroups/MAT_Groups_Event.uasset" 402
"../../../Engine/Content/EditorMaterials/MatineeGroups/MAT_Groups_Event.uexp" 403
"../../../Engine/Content/EditorMaterials/MatineeGroups/MAT_Groups_Fade.uasset" 404
"../../../Engine/Content/EditorMaterials/MatineeGroups/MAT_Groups_Fade.uexp" 405
"../../../Engine/Content/EditorMaterials/MatineeGroups/MAT_Groups_Float.uasset" 406
"../../../Engine/Content/EditorMaterials/MatineeGroups/MAT_Groups_Float.uexp" 407
"../../../Engine/Content/EditorMaterials/MatineeGroups/MAT_Groups_Move.uasset" 408
"../../../Engine/Content/EditorMaterials/MatineeGroups/MAT_Groups_Move.uexp" 409
"../../../Engine/Content/EditorMaterials/MatineeGroups/MAT_Groups_Slomo.uasset" 410
"../../../Engine/Content/EditorMaterials/MatineeGroups/MAT_Groups_Slomo.uexp" 411
"../../../Engine/Content/EditorMaterials/MatineeGroups/MAT_Groups_Sound.uasset" 412
"../../../Engine/Content/EditorMaterials/MatineeGroups/MAT_Groups_Sound.uexp" 413
"../../../Engine/Content/EditorMaterials/MatineeGroups/MAT_Groups_Vector.uasset" 414
"../../../Engine/Content/EditorMaterials/MatineeGroups/MAT_Groups_Vector.uexp" 415
"../../../Engine/Content/EditorMaterials/ParticleSystems/PSysThumbnail_NoImage.uasset" 416
"../../../Engine/Content/EditorMaterials/ParticleSystems/PSysThumbnail_NoImage.uexp" 417
"../../../Engine/Content/EditorMaterials/ParticleSystems/PSysThumbnail_NoImage.ubulk" 418
"../../../Engine/Content/EditorMaterials/ParticleSystems/PSysThumbnail_OOD.uasset" 419
"../../../Engine/Content/EditorMaterials/ParticleSystems/PSysThumbnail_OOD.uexp" 420
"../../../Engine/Content/EditorMaterials/ParticleSystems/PSysThumbnail_OOD.ubulk" 421
"../../../Engine/Content/EditorMaterials/Camera/CineMat.uasset" 422
"../../../Engine/Content/EditorMaterials/Camera/CineMat.uexp" 423
"../../../Engine/Content/EditorMaterials/Camera/MI_CineMat_Rig.uasset" 424
"../../../Engine/Content/EditorMaterials/Camera/MI_CineMat_Rig.uexp" 425
"../../../Engine/Content/EditorMeshes/Camera/SM_CraneRig_Arm.uasset" 426
"../../../Engine/Content/EditorMeshes/Camera/SM_CraneRig_Arm.uexp" 427
"../../../Engine/Content/EditorMeshes/Camera/SM_CraneRig_Base.uasset" 428
"../../../Engine/Content/EditorMeshes/Camera/SM_CraneRig_Base.uexp" 429
"../../../Engine/Content/EditorMeshes/Camera/SM_CraneRig_Body.uasset" 430
"../../../Engine/Content/EditorMeshes/Camera/SM_CraneRig_Body.uexp" 431
"../../../Engine/Content/EditorMeshes/Camera/SM_CraneRig_Mount.uasset" 432
"../../../Engine/Content/EditorMeshes/Camera/SM_CraneRig_Mount.uexp" 433
"../../../Engine/Content/EditorMeshes/Camera/SM_RailRig_Mount.uasset" 434
"../../../Engine/Content/EditorMeshes/Camera/SM_RailRig_Mount.uexp" 435
"../../../Engine/Content/EditorMeshes/Camera/SM_RailRig_Track.uasset" 436
"../../../Engine/Content/EditorMeshes/Camera/SM_RailRig_Track.uexp" 437
"../../../Engine/Content/EditorResources/BSPVertex.uasset" 438
"../../../Engine/Content/EditorResources/BSPVertex.uexp" 439
"../../../Engine/Content/EditorResources/EmptyActor.uasset" 440
"../../../Engine/Content/EditorResources/EmptyActor.uexp" 441
"../../../Engine/Content/EditorResources/S_Actor.uasset" 442
"../../../Engine/Content/EditorResources/S_Actor.uexp" 443
"../../../Engine/Content/EditorResources/S_Actor.ubulk" 444
"../../../Engine/Content/EditorResources/S_Note.uasset" 445
"../../../Engine/Content/EditorResources/S_Note.uexp" 446
"../../../Engine/Content/EditorResources/S_Note.ubulk" 447
"../../../Engine/Content/EditorResources/S_Solver.uasset" 448
"../../../Engine/Content/EditorResources/S_Solver.uexp" 449
"../../../Engine/Content/EditorResources/S_Solver.ubulk" 450
"../../../Engine/Content/EditorResources/S_Terrain.uasset" 451
"../../../Engine/Content/EditorResources/S_Terrain.uexp" 452
"../../../Engine/Content/EditorResources/S_Terrain.ubulk" 453
"../../../Engine/Content/EditorResources/S_Trigger.uasset" 454
"../../../Engine/Content/EditorResources/S_Trigger.uexp" 455
"../../../Engine/Content/EditorResources/S_Trigger.ubulk" 456
"../../../Engine/Content/EditorResources/LightIcons/S_LightError.uasset" 457
"../../../Engine/Content/EditorResources/LightIcons/S_LightError.uexp" 458
"../../../Engine/Content/EditorResources/SequenceRecorder/Countdown.uasset" 459
"../../../Engine/Content/EditorResources/SequenceRecorder/Countdown.uexp" 460
"../../../Engine/Content/EditorResources/SequenceRecorder/RecordingIndicator.uasset" 461
"../../../Engine/Content/EditorResources/SequenceRecorder/RecordingIndicator.uexp" 462
"../../../Engine/Content/EngineDamageTypes/DmgTypeBP_Environmental.uasset" 463
"../../../Engine/Content/EngineDamageTypes/DmgTypeBP_Environmental.uexp" 464
"../../../Engine/Content/EngineDebugMaterials/DebugEditorMaterial.uasset" 465
"../../../Engine/Content/EngineDebugMaterials/DebugEditorMaterial.uexp" 466
"../../../Engine/Content/EngineDebugMaterials/DebugMeshMaterial.uasset" 467
"../../../Engine/Content/EngineDebugMaterials/DebugMeshMaterial.uexp" 468
"../../../Engine/Content/EngineDebugMaterials/M_SimpleUnlitTranslucent.uasset" 469
"../../../Engine/Content/EngineDebugMaterials/M_SimpleUnlitTranslucent.uexp" 470
"../../../Engine/Content/EngineDebugMaterials/VolumeToRender.uasset" 471
"../../../Engine/Content/EngineDebugMaterials/VolumeToRender.uexp" 472
"../../../Engine/Content/Functions/Engine_MaterialFunctions02/Utility/CameraDirectionVector.uasset" 473
"../../../Engine/Content/Functions/Engine_MaterialFunctions02/Utility/CameraDirectionVector.uexp" 474
"../../../Engine/Content/EngineDebugMaterials/M_VolumeRenderSphereTracePP.uasset" 475
"../../../Engine/Content/EngineDebugMaterials/M_VolumeRenderSphereTracePP.uexp" 476
"../../../Engine/Content/Functions/Engine_MaterialFunctions01/Shading/ConvertFromDiffSpec.uasset" 477
"../../../Engine/Content/Functions/Engine_MaterialFunctions01/Shading/ConvertFromDiffSpec.uexp" 478
"../../../Engine/Content/EngineDebugMaterials/VertexColorMaterial.uasset" 479
"../../../Engine/Content/EngineDebugMaterials/VertexColorMaterial.uexp" 480
"../../../Engine/Content/EngineDebugMaterials/WireframeMaterial.uasset" 481
"../../../Engine/Content/EngineDebugMaterials/WireframeMaterial.uexp" 482
"../../../Engine/Content/EngineFonts/Faces/RobotoRegular.uasset" 483
"../../../Engine/Content/EngineFonts/Faces/RobotoRegular.uexp" 484
"../../../Engine/Content/EngineFonts/Faces/RobotoRegular.ufont" 485
"../../../Engine/Content/EngineFonts/Faces/RobotoLight.uasset" 486
"../../../Engine/Content/EngineFonts/Faces/RobotoLight.uexp" 487
"../../../Engine/Content/EngineFonts/Faces/RobotoLight.ufont" 488
"../../../Engine/Content/EngineFonts/Faces/RobotoItalic.uasset" 489
"../../../Engine/Content/EngineFonts/Faces/RobotoItalic.uexp" 490
"../../../Engine/Content/EngineFonts/Faces/RobotoItalic.ufont" 491
"../../../Engine/Content/EngineFonts/Faces/RobotoBoldItalic.uasset" 492
"../../../Engine/Content/EngineFonts/Faces/RobotoBoldItalic.uexp" 493
"../../../Engine/Content/EngineFonts/Faces/RobotoBoldItalic.ufont" 494
"../../../Engine/Content/EngineFonts/Faces/RobotoBold.uasset" 495
"../../../Engine/Content/EngineFonts/Faces/RobotoBold.uexp" 496
"../../../Engine/Content/EngineFonts/Faces/RobotoBold.ufont" 497
"../../../Engine/Content/EngineFonts/Faces/DroidSansFallback.uasset" 498
"../../../Engine/Content/EngineFonts/Faces/DroidSansFallback.uexp" 499
"../../../Engine/Content/EngineFonts/Faces/DroidSansFallback.ufont" 500
"../../../Engine/Content/EngineFonts/Roboto.uasset" 501
"../../../Engine/Content/EngineFonts/Roboto.uexp" 502
"../../../Engine/Content/EngineMaterials/BaseFlattenNormalMap.uasset" 503
"../../../Engine/Content/EngineMaterials/BaseFlattenNormalMap.uexp" 504
"../../../Engine/Content/EngineMaterials/BaseFlattenGrayscaleMap.uasset" 505
"../../../Engine/Content/EngineMaterials/BaseFlattenGrayscaleMap.uexp" 506
"../../../Engine/Content/EngineMaterials/BaseFlattenEmissiveMap.uasset" 507
"../../../Engine/Content/EngineMaterials/BaseFlattenEmissiveMap.uexp" 508
"../../../Engine/Content/EngineMaterials/BaseFlattenDiffuseMap.uasset" 509
"../../../Engine/Content/EngineMaterials/BaseFlattenDiffuseMap.uexp" 510
"../../../Engine/Content/EngineMaterials/BaseFlattenMaterial.uasset" 511
"../../../Engine/Content/EngineMaterials/BaseFlattenMaterial.uexp" 512
"../../../Engine/Content/EngineMaterials/BlueNoise.uasset" 513
"../../../Engine/Content/EngineMaterials/BlueNoise.uexp" 514
"../../../Engine/Content/EngineMaterials/DefaultBloomKernel.uasset" 515
"../../../Engine/Content/EngineMaterials/DefaultBloomKernel.uexp" 516
"../../../Engine/Content/EngineMaterials/DefaultBokeh.uasset" 517
"../../../Engine/Content/EngineMaterials/DefaultBokeh.uexp" 518
"../../../Engine/Content/EngineMaterials/DefaultDiffuse.uasset" 519
"../../../Engine/Content/EngineMaterials/DefaultDiffuse.uexp" 520
"../../../Engine/Content/EngineMaterials/DefaultDiffuse.ubulk" 521
"../../../Engine/Content/EngineMaterials/DefaultDeferredDecalMaterial.uasset" 522
"../../../Engine/Content/EngineMaterials/DefaultDeferredDecalMaterial.uexp" 523
"../../../Engine/Content/EngineMaterials/DefaultLightFunctionMaterial.uasset" 524
"../../../Engine/Content/EngineMaterials/DefaultLightFunctionMaterial.uexp" 525
"../../../Engine/Content/EngineMaterials/DefaultPhysicalMaterial.uasset" 526
"../../../Engine/Content/EngineMaterials/DefaultPhysicalMaterial.uexp" 527
"../../../Engine/Content/Functions/Engine_MaterialFunctions02/Utility/BreakOutFloat2Components.uasset" 528
"../../../Engine/Content/Functions/Engine_MaterialFunctions02/Utility/BreakOutFloat2Components.uexp" 529
"../../../Engine/Content/EngineMaterials/DefaultPostProcessMaterial.uasset" 530
"../../../Engine/Content/EngineMaterials/DefaultPostProcessMaterial.uexp" 531
"../../../Engine/Content/EngineFonts/RobotoDistanceField.uasset" 532
"../../../Engine/Content/EngineFonts/RobotoDistanceField.uexp" 533
"../../../Engine/Content/EngineMaterials/DefaultTextMaterialOpaque.uasset" 534
"../../../Engine/Content/EngineMaterials/DefaultTextMaterialOpaque.uexp" 535
"../../../Engine/Content/EngineMaterials/DefaultWhiteGrid.uasset" 536
"../../../Engine/Content/EngineMaterials/DefaultWhiteGrid.uexp" 537
"../../../Engine/Content/EngineMaterials/DefaultWhiteGrid.ubulk" 538
"../../../Engine/Content/EngineMaterials/DefaultWhiteGrid_Low.uasset" 539
"../../../Engine/Content/EngineMaterials/DefaultWhiteGrid_Low.uexp" 540
"../../../Engine/Content/EngineMaterials/EmissiveMeshMaterial.uasset" 541
"../../../Engine/Content/EngineMaterials/EmissiveMeshMaterial.uexp" 542
"../../../Engine/Content/EngineMaterials/GizmoMaterial.uasset" 543
"../../../Engine/Content/EngineMaterials/GizmoMaterial.uexp" 544
"../../../Engine/Content/EngineMaterials/Good64x64TilingNoiseHighFreq.uasset" 545
"../../../Engine/Content/EngineMaterials/Good64x64TilingNoiseHighFreq.uexp" 546
"../../../Engine/Content/EngineMaterials/MiniFont.uasset" 547
"../../../Engine/Content/EngineMaterials/MiniFont.uexp" 548
"../../../Engine/Content/EngineMaterials/InvalidLightmapSettings.uasset" 549
"../../../Engine/Content/EngineMaterials/InvalidLightmapSettings.uexp" 550
"../../../Engine/Content/EngineMaterials/InvalidLightmapSettings.ubulk" 551
"../../../Engine/Content/EngineMaterials/M_InvalidLightmapSettings.uasset" 552
"../../../Engine/Content/EngineMaterials/M_InvalidLightmapSettings.uexp" 553
"../../../Engine/Content/Functions/Engine_MaterialFunctions02/WorldPositionOffset/CameraOffset.uasset" 554
"../../../Engine/Content/Functions/Engine_MaterialFunctions02/WorldPositionOffset/CameraOffset.uexp" 555
"../../../Engine/Content/EngineMaterials/PhAT_JointLimitMaterial.uasset" 556
"../../../Engine/Content/EngineMaterials/PhAT_JointLimitMaterial.uexp" 557
"../../../Engine/Content/EngineMaterials/DefaultCalibrationColor.uasset" 558
"../../../Engine/Content/EngineMaterials/DefaultCalibrationColor.uexp" 559
"../../../Engine/Content/EngineMaterials/PPM_DefaultCalibrationColor.uasset" 560
"../../../Engine/Content/EngineMaterials/PPM_DefaultCalibrationColor.uexp" 561
"../../../Engine/Content/EngineMaterials/DefaultCalibrationGrayscale.uasset" 562
"../../../Engine/Content/EngineMaterials/DefaultCalibrationGrayscale.uexp" 563
"../../../Engine/Content/EngineMaterials/PPM_DefaultCalibrationGrayscale.uasset" 564
"../../../Engine/Content/EngineMaterials/PPM_DefaultCalibrationGrayscale.uexp" 565
"../../../Engine/Content/EngineMaterials/PreintegratedSkinBRDF.uasset" 566
"../../../Engine/Content/EngineMaterials/PreintegratedSkinBRDF.uexp" 567
"../../../Engine/Content/EngineMaterials/RemoveSurfaceMaterial.uasset" 568
"../../../Engine/Content/EngineMaterials/RemoveSurfaceMaterial.uexp" 569
"../../../Engine/Content/EngineMaterials/WeightMapPlaceholderTexture.uasset" 570
"../../../Engine/Content/EngineMaterials/WeightMapPlaceholderTexture.uexp" 571
"../../../Engine/Content/EngineResources/WhiteSquareTexture.uasset" 572
"../../../Engine/Content/EngineResources/WhiteSquareTexture.uexp" 573
"../../../Engine/Content/EngineMaterials/Widget3DPassThrough.uasset" 574
"../../../Engine/Content/EngineMaterials/Widget3DPassThrough.uexp" 575
"../../../Engine/Content/EngineMaterials/Widget3DPassThrough_Masked.uasset" 576
"../../../Engine/Content/EngineMaterials/Widget3DPassThrough_Masked.uexp" 577
"../../../Engine/Content/EngineMaterials/Widget3DPassThrough_Opaque.uasset" 578
"../../../Engine/Content/EngineMaterials/Widget3DPassThrough_Opaque.uexp" 579
"../../../Engine/Content/EngineMaterials/Widget3DPassThrough_Masked_OneSided.uasset" 580
"../../../Engine/Content/EngineMaterials/Widget3DPassThrough_Masked_OneSided.uexp" 581
"../../../Engine/Content/EngineMaterials/Widget3DPassThrough_Opaque_OneSided.uasset" 582
"../../../Engine/Content/EngineMaterials/Widget3DPassThrough_Opaque_OneSided.uexp" 583
"../../../Engine/Content/EngineMaterials/Widget3DPassThrough_Translucent.uasset" 584
"../../../Engine/Content/EngineMaterials/Widget3DPassThrough_Translucent.uexp" 585
"../../../Engine/Content/EngineMaterials/Widget3DPassThrough_Translucent_OneSided.uasset" 586
"../../../Engine/Content/EngineMaterials/Widget3DPassThrough_Translucent_OneSided.uexp" 587
"../../../Engine/Content/EngineMeshes/Cylinder.uasset" 588
"../../../Engine/Content/EngineMeshes/Cylinder.uexp" 589
"../../../Engine/Content/EngineMeshes/Sphere.uasset" 590
"../../../Engine/Content/EngineMeshes/Sphere.uexp" 591
"../../../Engine/Content/EngineResources/DefaultTexture.uasset" 592
"../../../Engine/Content/EngineResources/DefaultTexture.uexp" 593
"../../../Engine/Content/EngineResources/DefaultTexture.ubulk" 594
"../../../Engine/Content/EngineResources/DefaultTextureCube.uasset" 595
"../../../Engine/Content/EngineResources/DefaultTextureCube.uexp" 596
"../../../Engine/Content/EngineResources/DefaultVolumeTexture2D.uasset" 597
"../../../Engine/Content/EngineResources/DefaultVolumeTexture2D.uexp" 598
"../../../Engine/Content/EngineResources/DefaultVolumeTexture.uasset" 599
"../../../Engine/Content/EngineResources/DefaultVolumeTexture.uexp" 600
"../../../Engine/Content/EngineResources/GradientTexture0.uasset" 601
"../../../Engine/Content/EngineResources/GradientTexture0.uexp" 602
"../../../Engine/Content/EngineSky/VolumetricClouds/T_NoiseShape64.uasset" 603
"../../../Engine/Content/EngineSky/VolumetricClouds/T_NoiseShape64.uexp" 604
"../../../Engine/Content/EngineSky/VolumetricClouds/T_NoiseShape64.ubulk" 605
"../../../Engine/Content/EngineSky/VolumetricClouds/T_VolumeNoiseShape64.uasset" 606
"../../../Engine/Content/EngineSky/VolumetricClouds/T_VolumeNoiseShape64.uexp" 607
"../../../Engine/Content/EngineSky/VolumetricClouds/T_NoiseErosion.uasset" 608
"../../../Engine/Content/EngineSky/VolumetricClouds/T_NoiseErosion.uexp" 609
"../../../Engine/Content/EngineSky/VolumetricClouds/T_NoiseErosion.ubulk" 610
"../../../Engine/Content/EngineSky/VolumetricClouds/T_VolumeNoiseErosion32.uasset" 611
"../../../Engine/Content/EngineSky/VolumetricClouds/T_VolumeNoiseErosion32.uexp" 612
"../../../Engine/Content/EngineSky/VolumetricClouds/CloudWeatherTexture.uasset" 613
"../../../Engine/Content/EngineSky/VolumetricClouds/CloudWeatherTexture.uexp" 614
"../../../Engine/Content/EngineSky/VolumetricClouds/CloudGradientTexture.uasset" 615
"../../../Engine/Content/EngineSky/VolumetricClouds/CloudGradientTexture.uexp" 616
"../../../Engine/Content/Functions/Engine_MaterialFunctions02/Utility/MakeFloat2.uasset" 617
"../../../Engine/Content/Functions/Engine_MaterialFunctions02/Utility/MakeFloat2.uexp" 618
"../../../Engine/Content/EngineSky/VolumetricClouds/m_SimpleVolumetricCloud.uasset" 619
"../../../Engine/Content/EngineSky/VolumetricClouds/m_SimpleVolumetricCloud.uexp" 620
"../../../Engine/Content/EngineSky/VolumetricClouds/m_SimpleVolumetricCloud_Inst.uasset" 621
"../../../Engine/Content/EngineSky/VolumetricClouds/m_SimpleVolumetricCloud_Inst.uexp" 622
"../../../Engine/Content/EngineSounds/Master.uasset" 623
"../../../Engine/Content/EngineSounds/Master.uexp" 624
"../../../Engine/Content/Functions/Engine_MaterialFunctions01/Shading/PowerToRoughness.uasset" 625
"../../../Engine/Content/Functions/Engine_MaterialFunctions01/Shading/PowerToRoughness.uexp" 626
"../../../Engine/Content/Maps/Templates/Thumbnails/Default.uasset" 627
"../../../Engine/Content/Maps/Templates/Thumbnails/Default.uexp" 628
"../../../Engine/Content/Maps/Templates/Thumbnails/TimeOfDay.uasset" 629
"../../../Engine/Content/Maps/Templates/Thumbnails/TimeOfDay.uexp" 630
"../../../Engine/Content/Maps/Templates/Thumbnails/VR-Basic.uasset" 631
"../../../Engine/Content/Maps/Templates/Thumbnails/VR-Basic.uexp" 632
"../../../Engine/Content/MobileResources/T_MobileControls_texture.uasset" 633
"../../../Engine/Content/MobileResources/T_MobileControls_texture.uexp" 634
"../../../Engine/Content/MobileResources/T_MobileMenu2.uasset" 635
"../../../Engine/Content/MobileResources/T_MobileMenu2.uexp" 636
"../../../Engine/Content/MobileResources/HUD/AnalogHat.uasset" 637
"../../../Engine/Content/MobileResources/HUD/AnalogHat.uexp" 638
"../../../Engine/Content/MobileResources/HUD/VirtualJoystick_Thumb.uasset" 639
"../../../Engine/Content/MobileResources/HUD/VirtualJoystick_Thumb.uexp" 640
"../../../Engine/Content/MobileResources/HUD/VirtualJoystick_Background.uasset" 641
"../../../Engine/Content/MobileResources/HUD/VirtualJoystick_Background.uexp" 642
"../../../Engine/Content/MobileResources/HUD/DefaultVirtualJoysticks.uasset" 643
"../../../Engine/Content/MobileResources/HUD/DefaultVirtualJoysticks.uexp" 644
"../../../Engine/Content/MobileResources/HUD/LeftVirtualJoystickOnly.uasset" 645
"../../../Engine/Content/MobileResources/HUD/LeftVirtualJoystickOnly.uexp" 646
"../../../Engine/Content/MobileResources/HUD/MobileHUDButton1_off.uasset" 647
"../../../Engine/Content/MobileResources/HUD/MobileHUDButton1_off.uexp" 648
"../../../Engine/Content/MobileResources/HUD/MobileHUDButton1_on.uasset" 649
"../../../Engine/Content/MobileResources/HUD/MobileHUDButton1_on.uexp" 650
"../../../Engine/Content/MobileResources/HUD/MobileHUDButton2_off.uasset" 651
"../../../Engine/Content/MobileResources/HUD/MobileHUDButton2_off.uexp" 652
"../../../Engine/Content/MobileResources/HUD/MobileHUDButton2_on.uasset" 653
"../../../Engine/Content/MobileResources/HUD/MobileHUDButton2_on.uexp" 654
"../../../Engine/Content/MobileResources/HUD/MobileHUDButton3.uasset" 655
"../../../Engine/Content/MobileResources/HUD/MobileHUDButton3.uexp" 656
"../../../Engine/Content/MobileResources/HUD/MobileHUDButtonFire.uasset" 657
"../../../Engine/Content/MobileResources/HUD/MobileHUDButtonFire.uexp" 658
"../../../Engine/Content/MobileResources/HUD/MobileHUDDirectionPad.uasset" 659
"../../../Engine/Content/MobileResources/HUD/MobileHUDDirectionPad.uexp" 660
"../../../Engine/Content/MobileResources/HUD/MobileHUDDirectionPad2.uasset" 661
"../../../Engine/Content/MobileResources/HUD/MobileHUDDirectionPad2.uexp" 662
"../../../Engine/Content/MobileResources/HUD/MobileHUDDirectionPad3.uasset" 663
"../../../Engine/Content/MobileResources/HUD/MobileHUDDirectionPad3.uexp" 664
"../../../Engine/Content/MobileResources/HUD/MobileHUDDirectionStick.uasset" 665
"../../../Engine/Content/MobileResources/HUD/MobileHUDDirectionStick.uexp" 666
"../../../Engine/Content/MobileResources/HUD/T_Castle_ThumbstickInner.uasset" 667
"../../../Engine/Content/MobileResources/HUD/T_Castle_ThumbstickInner.uexp" 668
"../../../Engine/Content/MobileResources/HUD/T_Castle_ThumbstickOutter.uasset" 669
"../../../Engine/Content/MobileResources/HUD/T_Castle_ThumbstickOutter.uexp" 670
"../../../Engine/Content/Tutorial/ContentIntroCurve.uasset" 671
"../../../Engine/Content/Tutorial/ContentIntroCurve.uexp" 672
"../../../Engine/Content/VREditor/TransformGizmo/TranslucentTransformGizmoMaterial.uasset" 673
"../../../Engine/Content/VREditor/TransformGizmo/TranslucentTransformGizmoMaterial.uexp" 674
"../../../Engine/Content/VREditor/LaserPointer/VR_LaserPower_01.uasset" 675
"../../../Engine/Content/VREditor/LaserPointer/VR_LaserPower_01.uexp" 676
"../../../Engine/Content/VREditor/LaserPointer/VR_LaserPower_01.ubulk" 677
"../../../Engine/Content/VREditor/TransformGizmo/TransformGizmoMaterial.uasset" 678
"../../../Engine/Content/VREditor/TransformGizmo/TransformGizmoMaterial.uexp" 679
"../../../Engine/Content/VREditor/TransformGizmo/BoundingBoxCorner.uasset" 680
"../../../Engine/Content/VREditor/TransformGizmo/BoundingBoxCorner.uexp" 681
"../../../Engine/Content/VREditor/TransformGizmo/BoundingBoxEdge.uasset" 682
"../../../Engine/Content/VREditor/TransformGizmo/BoundingBoxEdge.uexp" 683
"../../../Engine/Content/VREditor/TransformGizmo/PlaneTranslationHandle.uasset" 684
"../../../Engine/Content/VREditor/TransformGizmo/PlaneTranslationHandle.uexp" 685
"../../../Engine/Content/VREditor/TransformGizmo/Xray.uasset" 686
"../../../Engine/Content/VREditor/TransformGizmo/Xray.uexp" 687
"../../../Engine/Content/VREditor/TransformGizmo/Main.uasset" 688
"../../../Engine/Content/VREditor/TransformGizmo/Main.uexp" 689
"../../../Engine/Content/VREditor/TransformGizmo/SM_Sequencer_Key.uasset" 690
"../../../Engine/Content/VREditor/TransformGizmo/SM_Sequencer_Key.uexp" 691
"../../../Engine/Content/VREditor/TransformGizmo/SM_Sequencer_Node.uasset" 692
"../../../Engine/Content/VREditor/TransformGizmo/SM_Sequencer_Node.uexp" 693
"../../../Engine/Plugins/2D/Paper2D/Content/PlaceholderTextures/DummySpriteTexture.uasset" 694
"../../../Engine/Plugins/2D/Paper2D/Content/PlaceholderTextures/DummySpriteTexture.uexp" 695
"../../../Engine/Plugins/2D/Paper2D/Content/PlaceholderTextures/DummySpriteTexture.ubulk" 696
"../../../Engine/Plugins/2D/Paper2D/Content/DummySprite.uasset" 697
"../../../Engine/Plugins/2D/Paper2D/Content/DummySprite.uexp" 698
"../../../Engine/Plugins/2D/Paper2D/Content/DefaultPaperTerrainMaterial.uasset" 699
"../../../Engine/Plugins/2D/Paper2D/Content/DefaultPaperTerrainMaterial.uexp" 700
"../../../Engine/Plugins/2D/Paper2D/Content/DefaultSpriteMaterial.uasset" 701
"../../../Engine/Plugins/2D/Paper2D/Content/DefaultSpriteMaterial.uexp" 702
"../../../Engine/Plugins/2D/Paper2D/Content/MaskedUnlitSpriteMaterial.uasset" 703
"../../../Engine/Plugins/2D/Paper2D/Content/MaskedUnlitSpriteMaterial.uexp" 704
"../../../Engine/Plugins/2D/Paper2D/Content/OpaqueUnlitSpriteMaterial.uasset" 705
"../../../Engine/Plugins/2D/Paper2D/Content/OpaqueUnlitSpriteMaterial.uexp" 706
"../../../Engine/Content/Functions/Engine_MaterialFunctions02/ObjectLocalBounds.uasset" 707
"../../../Engine/Content/Functions/Engine_MaterialFunctions02/ObjectLocalBounds.uexp" 708
"../../../Engine/Content/Functions/Engine_MaterialFunctions02/Utility/BreakOutFloat3Components.uasset" 709
"../../../Engine/Content/Functions/Engine_MaterialFunctions02/Utility/BreakOutFloat3Components.uexp" 710
"../../../Engine/Content/Functions/Engine_MaterialFunctions02/Utility/VectorLength.uasset" 711
"../../../Engine/Content/Functions/Engine_MaterialFunctions02/Utility/VectorLength.uexp" 712
"../../../Engine/Content/Functions/Engine_MaterialFunctions02/WorldPositionOffset/ObjectScale.uasset" 713
"../../../Engine/Content/Functions/Engine_MaterialFunctions02/WorldPositionOffset/ObjectScale.uexp" 714
"../../../Engine/Plugins/Editor/SpeedTreeImporter/Content/SpeedTree9/UnpackInteger3.uasset" 715
"../../../Engine/Plugins/Editor/SpeedTreeImporter/Content/SpeedTree9/UnpackInteger3.uexp" 716
"../../../Engine/Plugins/Editor/SpeedTreeImporter/Content/SpeedTree9/UnpackDirection.uasset" 717
"../../../Engine/Plugins/Editor/SpeedTreeImporter/Content/SpeedTree9/UnpackDirection.uexp" 718
"../../../Engine/Plugins/Editor/SpeedTreeImporter/Content/SpeedTree9/game_wind_noise.uasset" 719
"../../../Engine/Plugins/Editor/SpeedTreeImporter/Content/SpeedTree9/game_wind_noise.uexp" 720
"../../../Engine/Plugins/Editor/SpeedTreeImporter/Content/SpeedTree9/game_wind_noise.ubulk" 721
"../../../Engine/Content/Functions/Engine_MaterialFunctions02/SafeNormalize.uasset" 722
"../../../Engine/Content/Functions/Engine_MaterialFunctions02/SafeNormalize.uexp" 723
"../../../Engine/Plugins/Editor/SpeedTreeImporter/Content/SpeedTree9/SpeedTreeWindMotion.uasset" 724
"../../../Engine/Plugins/Editor/SpeedTreeImporter/Content/SpeedTree9/SpeedTreeWindMotion.uexp" 725
"../../../Engine/Plugins/Editor/SpeedTreeImporter/Content/SpeedTree9/SpeedTreeBranchMotion.uasset" 726
"../../../Engine/Plugins/Editor/SpeedTreeImporter/Content/SpeedTree9/SpeedTreeBranchMotion.uexp" 727
"../../../Engine/Content/Functions/Engine_MaterialFunctions02/UVs/BoundingBoxBased_0-1_UVW.uasset" 728
"../../../Engine/Content/Functions/Engine_MaterialFunctions02/UVs/BoundingBoxBased_0-1_UVW.uexp" 729
"../../../Engine/Plugins/Editor/SpeedTreeImporter/Content/SpeedTree9/SpeedTreeWind.uasset" 730
"../../../Engine/Plugins/Editor/SpeedTreeImporter/Content/SpeedTree9/SpeedTreeWind.uexp" 731
"../../../Engine/Plugins/Editor/SpeedTreeImporter/Content/SpeedTree9/SpeedTreeBillboard.uasset" 732
"../../../Engine/Plugins/Editor/SpeedTreeImporter/Content/SpeedTree9/SpeedTreeBillboard.uexp" 733
"../../../Engine/Plugins/Editor/SpeedTreeImporter/Content/SpeedTree9/EmptyNormal.uasset" 734
"../../../Engine/Plugins/Editor/SpeedTreeImporter/Content/SpeedTree9/EmptyNormal.uexp" 735
"../../../Engine/Plugins/Editor/SpeedTreeImporter/Content/SpeedTree9/Empty.uasset" 736
"../../../Engine/Plugins/Editor/SpeedTreeImporter/Content/SpeedTree9/Empty.uexp" 737
"../../../Engine/Plugins/Editor/SpeedTreeImporter/Content/SpeedTree9/SpeedTreeBillboardMaster.uasset" 738
"../../../Engine/Plugins/Editor/SpeedTreeImporter/Content/SpeedTree9/SpeedTreeBillboardMaster.uexp" 739
"../../../Engine/Plugins/Editor/SpeedTreeImporter/Content/SpeedTree9/SpeedTreeCameraFacing.uasset" 740
"../../../Engine/Plugins/Editor/SpeedTreeImporter/Content/SpeedTree9/SpeedTreeCameraFacing.uexp" 741
"../../../Engine/Plugins/Editor/SpeedTreeImporter/Content/SpeedTree9/SpeedTreeMaster.uasset" 742
"../../../Engine/Plugins/Editor/SpeedTreeImporter/Content/SpeedTree9/SpeedTreeMaster.uexp" 743
"../../../Engine/Content/BasicShapes/Cylinder.uasset" 744
"../../../Engine/Content/BasicShapes/Cylinder.uexp" 745
"../../../Engine/Content/ArtTools/RenderToTexture/Materials/Debug/M_Emissive_Color.uasset" 746
"../../../Engine/Content/ArtTools/RenderToTexture/Materials/Debug/M_Emissive_Color.uexp" 747
"../../../Engine/Plugins/Lumin/MagicLeapPassableWorld/Content/MagicLeapARPinInfoActor.uasset" 748
"../../../Engine/Plugins/Lumin/MagicLeapPassableWorld/Content/MagicLeapARPinInfoActor.uexp" 749
"../../../Engine/Content/EngineResources/Black.uasset" 750
"../../../Engine/Content/EngineResources/Black.uexp" 751
"../../../Engine/Plugins/Runtime/OpenXR/Content/Devices/GoogleDaydream/MRTexture.uasset" 752
"../../../Engine/Plugins/Runtime/OpenXR/Content/Devices/GoogleDaydream/MRTexture.uexp" 753
"../../../Engine/Plugins/Runtime/OpenXR/Content/Devices/GoogleDaydream/MRTexture.ubulk" 754
"../../../Engine/Plugins/Runtime/OpenXR/Content/Devices/GoogleDaydream/BaseTexture.uasset" 755
"../../../Engine/Plugins/Runtime/OpenXR/Content/Devices/GoogleDaydream/BaseTexture.uexp" 756
"../../../Engine/Plugins/Runtime/OpenXR/Content/Devices/GoogleDaydream/BaseTexture.ubulk" 757
"../../../Engine/Plugins/Runtime/OpenXR/Content/Devices/M_XRController.uasset" 758
"../../../Engine/Plugins/Runtime/OpenXR/Content/Devices/M_XRController.uexp" 759
"../../../Engine/Plugins/Runtime/OpenXR/Content/Devices/GoogleDaydream/MI_GoogleDaydream.uasset" 760
"../../../Engine/Plugins/Runtime/OpenXR/Content/Devices/GoogleDaydream/MI_GoogleDaydream.uexp" 761
"../../../Engine/Plugins/Runtime/OpenXR/Content/Devices/GoogleDaydream/GoogleDaydreamController.uasset" 762
"../../../Engine/Plugins/Runtime/OpenXR/Content/Devices/GoogleDaydream/GoogleDaydreamController.uexp" 763
"../../../Engine/Plugins/Runtime/OpenXR/Content/Devices/HTCVive/BaseTexture.uasset" 764
"../../../Engine/Plugins/Runtime/OpenXR/Content/Devices/HTCVive/BaseTexture.uexp" 765
"../../../Engine/Plugins/Runtime/OpenXR/Content/Devices/HTCVive/BaseTexture.ubulk" 766
"../../../Engine/Plugins/Runtime/OpenXR/Content/Devices/HTCVive/MI_HTCVive.uasset" 767
"../../../Engine/Plugins/Runtime/OpenXR/Content/Devices/HTCVive/MI_HTCVive.uexp" 768
"../../../Engine/Plugins/Runtime/OpenXR/Content/Devices/HTCVive/HTCViveController.uasset" 769
"../../../Engine/Plugins/Runtime/OpenXR/Content/Devices/HTCVive/HTCViveController.uexp" 770
"../../../Engine/Plugins/Runtime/OpenXR/Content/Devices/MicrosoftMixedReality/NormalTexture.uasset" 771
"../../../Engine/Plugins/Runtime/OpenXR/Content/Devices/MicrosoftMixedReality/NormalTexture.uexp" 772
"../../../Engine/Plugins/Runtime/OpenXR/Content/Devices/MicrosoftMixedReality/NormalTexture.ubulk" 773
"../../../Engine/Plugins/Runtime/OpenXR/Content/Devices/MicrosoftMixedReality/MRTexture.uasset" 774
"../../../Engine/Plugins/Runtime/OpenXR/Content/Devices/MicrosoftMixedReality/MRTexture.uexp" 775
"../../../Engine/Plugins/Runtime/OpenXR/Content/Devices/MicrosoftMixedReality/MRTexture.ubulk" 776
"../../../Engine/Plugins/Runtime/OpenXR/Content/Devices/MicrosoftMixedReality/EmissiveTexture.uasset" 777
"../../../Engine/Plugins/Runtime/OpenXR/Content/Devices/MicrosoftMixedReality/EmissiveTexture.uexp" 778
"../../../Engine/Plugins/Runtime/OpenXR/Content/Devices/MicrosoftMixedReality/EmissiveTexture.ubulk" 779
"../../../Engine/Plugins/Runtime/OpenXR/Content/Devices/MicrosoftMixedReality/BaseTexture.uasset" 780
"../../../Engine/Plugins/Runtime/OpenXR/Content/Devices/MicrosoftMixedReality/BaseTexture.uexp" 781
"../../../Engine/Plugins/Runtime/OpenXR/Content/Devices/MicrosoftMixedReality/BaseTexture.ubulk" 782
"../../../Engine/Plugins/Runtime/OpenXR/Content/Devices/MicrosoftMixedReality/MI_MicrosoftMixedReality.uasset" 783
"../../../Engine/Plugins/Runtime/OpenXR/Content/Devices/MicrosoftMixedReality/MI_MicrosoftMixedReality.uexp" 784
"../../../Engine/Plugins/Runtime/OpenXR/Content/Devices/MicrosoftMixedReality/Left/left_MicrosoftMixedRealityController.uasset" 785
"../../../Engine/Plugins/Runtime/OpenXR/Content/Devices/MicrosoftMixedReality/Left/left_MicrosoftMixedRealityController.uexp" 786
"../../../Engine/Plugins/Runtime/OpenXR/Content/Devices/MicrosoftMixedReality/Right/right_MicrosoftMixedRealityController.uasset" 787
"../../../Engine/Plugins/Runtime/OpenXR/Content/Devices/MicrosoftMixedReality/Right/right_MicrosoftMixedRealityController.uexp" 788
"../../../Engine/Plugins/Runtime/OpenXR/Content/Devices/OculusGo/BaseTexture.uasset" 789
"../../../Engine/Plugins/Runtime/OpenXR/Content/Devices/OculusGo/BaseTexture.uexp" 790
"../../../Engine/Plugins/Runtime/OpenXR/Content/Devices/OculusGo/BaseTexture.ubulk" 791
"../../../Engine/Plugins/Runtime/OpenXR/Content/Devices/OculusGo/MI_OculusGo.uasset" 792
"../../../Engine/Plugins/Runtime/OpenXR/Content/Devices/OculusGo/MI_OculusGo.uexp" 793
"../../../Engine/Plugins/Runtime/OpenXR/Content/Devices/OculusGo/OculusGoController.uasset" 794
"../../../Engine/Plugins/Runtime/OpenXR/Content/Devices/OculusGo/OculusGoController.uexp" 795
"../../../Engine/Plugins/Runtime/OpenXR/Content/Devices/OculusTouch/MRTexture.uasset" 796
"../../../Engine/Plugins/Runtime/OpenXR/Content/Devices/OculusTouch/MRTexture.uexp" 797
"../../../Engine/Plugins/Runtime/OpenXR/Content/Devices/OculusTouch/MRTexture.ubulk" 798
"../../../Engine/Plugins/Runtime/OpenXR/Content/Devices/OculusTouch/BaseTexture.uasset" 799
"../../../Engine/Plugins/Runtime/OpenXR/Content/Devices/OculusTouch/BaseTexture.uexp" 800
"../../../Engine/Plugins/Runtime/OpenXR/Content/Devices/OculusTouch/BaseTexture.ubulk" 801
"../../../Engine/Plugins/Runtime/OpenXR/Content/Devices/OculusTouch/MI_OculusTouch.uasset" 802
"../../../Engine/Plugins/Runtime/OpenXR/Content/Devices/OculusTouch/MI_OculusTouch.uexp" 803
"../../../Engine/Plugins/Runtime/OpenXR/Content/Devices/OculusTouch/Left/left_OculusTouchController.uasset" 804
"../../../Engine/Plugins/Runtime/OpenXR/Content/Devices/OculusTouch/Left/left_OculusTouchController.uexp" 805
"../../../Engine/Plugins/Runtime/OpenXR/Content/Devices/OculusTouch/Right/right_OculusTouchController.uasset" 806
"../../../Engine/Plugins/Runtime/OpenXR/Content/Devices/OculusTouch/Right/right_OculusTouchController.uexp" 807
"../../../Engine/Plugins/Runtime/OpenXR/Content/Devices/OculusTouch_v2/MRTexture.uasset" 808
"../../../Engine/Plugins/Runtime/OpenXR/Content/Devices/OculusTouch_v2/MRTexture.uexp" 809
"../../../Engine/Plugins/Runtime/OpenXR/Content/Devices/OculusTouch_v2/MRTexture.ubulk" 810
"../../../Engine/Plugins/Runtime/OpenXR/Content/Devices/OculusTouch_v2/BaseTexture.uasset" 811
"../../../Engine/Plugins/Runtime/OpenXR/Content/Devices/OculusTouch_v2/BaseTexture.uexp" 812
"../../../Engine/Plugins/Runtime/OpenXR/Content/Devices/OculusTouch_v2/BaseTexture.ubulk" 813
"../../../Engine/Plugins/Runtime/OpenXR/Content/Devices/OculusTouch_v2/MI_OculusTouch_v2.uasset" 814
"../../../Engine/Plugins/Runtime/OpenXR/Content/Devices/OculusTouch_v2/MI_OculusTouch_v2.uexp" 815
"../../../Engine/Plugins/Runtime/OpenXR/Content/Devices/OculusTouch_v2/Left/left_OculusTouch_v2Controller.uasset" 816
"../../../Engine/Plugins/Runtime/OpenXR/Content/Devices/OculusTouch_v2/Left/left_OculusTouch_v2Controller.uexp" 817
"../../../Engine/Plugins/Runtime/OpenXR/Content/Devices/OculusTouch_v2/Right/right_OculusTouch_v2Controller.uasset" 818
"../../../Engine/Plugins/Runtime/OpenXR/Content/Devices/OculusTouch_v2/Right/right_OculusTouch_v2Controller.uexp" 819
"../../../Engine/Plugins/Runtime/OpenXR/Content/Devices/OculusTouch_v3/MRTexture.uasset" 820
"../../../Engine/Plugins/Runtime/OpenXR/Content/Devices/OculusTouch_v3/MRTexture.uexp" 821
"../../../Engine/Plugins/Runtime/OpenXR/Content/Devices/OculusTouch_v3/MRTexture.ubulk" 822
"../../../Engine/Plugins/Runtime/OpenXR/Content/Devices/OculusTouch_v3/BaseTexture.uasset" 823
"../../../Engine/Plugins/Runtime/OpenXR/Content/Devices/OculusTouch_v3/BaseTexture.uexp" 824
"../../../Engine/Plugins/Runtime/OpenXR/Content/Devices/OculusTouch_v3/BaseTexture.ubulk" 825
"../../../Engine/Plugins/Runtime/OpenXR/Content/Devices/OculusTouch_v3/MI_OculusTouch_v3.uasset" 826
"../../../Engine/Plugins/Runtime/OpenXR/Content/Devices/OculusTouch_v3/MI_OculusTouch_v3.uexp" 827
"../../../Engine/Plugins/Runtime/OpenXR/Content/Devices/OculusTouch_v3/Left/left_OculusTouch_v3Controller.uasset" 828
"../../../Engine/Plugins/Runtime/OpenXR/Content/Devices/OculusTouch_v3/Left/left_OculusTouch_v3Controller.uexp" 829
"../../../Engine/Plugins/Runtime/OpenXR/Content/Devices/OculusTouch_v3/Right/right_OculusTouch_v3Controller.uasset" 830
"../../../Engine/Plugins/Runtime/OpenXR/Content/Devices/OculusTouch_v3/Right/right_OculusTouch_v3Controller.uexp" 831
"../../../Engine/Plugins/Runtime/OpenXR/Content/Devices/ValveIndex/MRTexture.uasset" 832
"../../../Engine/Plugins/Runtime/OpenXR/Content/Devices/ValveIndex/MRTexture.uexp" 833
"../../../Engine/Plugins/Runtime/OpenXR/Content/Devices/ValveIndex/MRTexture.ubulk" 834
"../../../Engine/Plugins/Runtime/OpenXR/Content/Devices/ValveIndex/BaseTexture.uasset" 835
"../../../Engine/Plugins/Runtime/OpenXR/Content/Devices/ValveIndex/BaseTexture.uexp" 836
"../../../Engine/Plugins/Runtime/OpenXR/Content/Devices/ValveIndex/BaseTexture.ubulk" 837
"../../../Engine/Plugins/Runtime/OpenXR/Content/Devices/ValveIndex/Left/MI_left_ValveIndex.uasset" 838
"../../../Engine/Plugins/Runtime/OpenXR/Content/Devices/ValveIndex/Left/MI_left_ValveIndex.uexp" 839
"../../../Engine/Plugins/Runtime/OpenXR/Content/Devices/ValveIndex/Left/left_ValveIndexController.uasset" 840
"../../../Engine/Plugins/Runtime/OpenXR/Content/Devices/ValveIndex/Left/left_ValveIndexController.uexp" 841
"../../../Engine/Plugins/Runtime/OpenXR/Content/Devices/ValveIndex/Right/MI_right_ValveIndex.uasset" 842
"../../../Engine/Plugins/Runtime/OpenXR/Content/Devices/ValveIndex/Right/MI_right_ValveIndex.uexp" 843
"../../../Engine/Plugins/Runtime/OpenXR/Content/Devices/ValveIndex/Right/right_ValveIndexController.uasset" 844
"../../../Engine/Plugins/Runtime/OpenXR/Content/Devices/ValveIndex/Right/right_ValveIndexController.uexp" 845
"../../../Engine/Content/Functions/Engine_MaterialFunctions02/Utility/BreakOutFloat4Components.uasset" 846
"../../../Engine/Content/Functions/Engine_MaterialFunctions02/Utility/BreakOutFloat4Components.uexp" 847
"../../../Engine/Content/Functions/Engine_MaterialFunctions02/Utility/MakeFloat3.uasset" 848
"../../../Engine/Content/Functions/Engine_MaterialFunctions02/Utility/MakeFloat3.uexp" 849
"../../../Engine/Plugins/Runtime/Oculus/OculusVR/Content/Materials/OculusMR_ChromaKey.uasset" 850
"../../../Engine/Plugins/Runtime/Oculus/OculusVR/Content/Materials/OculusMR_ChromaKey.uexp" 851
"../../../Engine/Plugins/Runtime/Oculus/OculusVR/Content/Materials/OculusMR_OpaqueColoredMaterial.uasset" 852
"../../../Engine/Plugins/Runtime/Oculus/OculusVR/Content/Materials/OculusMR_OpaqueColoredMaterial.uexp" 853
"../../../Engine/Plugins/Runtime/Oculus/OculusVR/Content/Materials/PokeAHoleMaterial.uasset" 854
"../../../Engine/Plugins/Runtime/Oculus/OculusVR/Content/Materials/PokeAHoleMaterial.uexp" 855
"../../../Engine/Plugins/Runtime/Oculus/OculusVR/Content/Textures/touchController_controlmap.uasset" 856
"../../../Engine/Plugins/Runtime/Oculus/OculusVR/Content/Textures/touchController_controlmap.uexp" 857
"../../../Engine/Plugins/Runtime/Oculus/OculusVR/Content/Textures/touchController_controlmap.ubulk" 858
"../../../Engine/Plugins/Runtime/Oculus/OculusVR/Content/Textures/touchController_albedo.uasset" 859
"../../../Engine/Plugins/Runtime/Oculus/OculusVR/Content/Textures/touchController_albedo.uexp" 860
"../../../Engine/Plugins/Runtime/Oculus/OculusVR/Content/Textures/touchController_albedo.ubulk" 861
"../../../Engine/Plugins/Runtime/Oculus/OculusVR/Content/Materials/touchController_mat.uasset" 862
"../../../Engine/Plugins/Runtime/Oculus/OculusVR/Content/Materials/touchController_mat.uexp" 863
"../../../Engine/Plugins/Runtime/Oculus/OculusVR/Content/Meshes/LeftTouchController.uasset" 864
"../../../Engine/Plugins/Runtime/Oculus/OculusVR/Content/Meshes/LeftTouchController.uexp" 865
"../../../Engine/Plugins/Runtime/Oculus/OculusVR/Content/Textures/TouchForQuestRiftSController_albedo.uasset" 866
"../../../Engine/Plugins/Runtime/Oculus/OculusVR/Content/Textures/TouchForQuestRiftSController_albedo.uexp" 867
"../../../Engine/Plugins/Runtime/Oculus/OculusVR/Content/Textures/TouchForQuestRiftSController_albedo.ubulk" 868
"../../../Engine/Plugins/Runtime/Oculus/OculusVR/Content/Materials/TouchForQuestRiftSControllerMaterial.uasset" 869
"../../../Engine/Plugins/Runtime/Oculus/OculusVR/Content/Materials/TouchForQuestRiftSControllerMaterial.uexp" 870
"../../../Engine/Plugins/Runtime/Oculus/OculusVR/Content/Meshes/LeftTouchForQuestRiftSController.uasset" 871
"../../../Engine/Plugins/Runtime/Oculus/OculusVR/Content/Meshes/LeftTouchForQuestRiftSController.uexp" 872
"../../../Engine/Plugins/Runtime/Oculus/OculusVR/Content/Meshes/RiftHMD.uasset" 873
"../../../Engine/Plugins/Runtime/Oculus/OculusVR/Content/Meshes/RiftHMD.uexp" 874
"../../../Engine/Plugins/Runtime/Oculus/OculusVR/Content/Meshes/RightTouchController.uasset" 875
"../../../Engine/Plugins/Runtime/Oculus/OculusVR/Content/Meshes/RightTouchController.uexp" 876
"../../../Engine/Plugins/Runtime/Oculus/OculusVR/Content/Meshes/RightTouchForQuestRiftSController.uasset" 877
"../../../Engine/Plugins/Runtime/Oculus/OculusVR/Content/Meshes/RightTouchForQuestRiftSController.uexp" 878
"../../../Engine/Content/MapTemplates/SM_Template_Map_Floor.uasset" 879
"../../../Engine/Content/MapTemplates/SM_Template_Map_Floor.uexp" 880
"../../../Engine/Content/EngineSky/T_Sky_Stars.uasset" 881
"../../../Engine/Content/EngineSky/T_Sky_Stars.uexp" 882
"../../../Engine/Content/EngineSky/T_Sky_Stars.ubulk" 883
"../../../Engine/Content/EngineSky/T_Sky_Clouds_M.uasset" 884
"../../../Engine/Content/EngineSky/T_Sky_Clouds_M.uexp" 885
"../../../Engine/Content/EngineSky/T_Sky_Clouds_M.ubulk" 886
"../../../Engine/Content/EngineSky/T_Sky_Blue.uasset" 887
"../../../Engine/Content/EngineSky/T_Sky_Blue.uexp" 888
"../../../Engine/Content/EngineSky/T_Sky_Blue.ubulk" 889
"../../../Engine/Content/EngineSky/M_Sky_Panning_Clouds2.uasset" 890
"../../../Engine/Content/EngineSky/M_Sky_Panning_Clouds2.uexp" 891
"D:/UE4Project/ARPGDemo/Content/ARPGDemo/Maps/NewMap_BuiltData.uasset" 892
"D:/UE4Project/ARPGDemo/Content/ARPGDemo/Maps/NewMap_BuiltData.uexp" 893
"D:/UE4Project/ARPGDemo/Content/ARPGDemo/Maps/NewMap_BuiltData.ubulk" 894
"../../../Engine/Content/EngineSky/SM_SkySphere.uasset" 895
"../../../Engine/Content/EngineSky/SM_SkySphere.uexp" 896
"../../../Engine/Content/EngineSky/C_Sky_Zenith_Color.uasset" 897
"../../../Engine/Content/EngineSky/C_Sky_Zenith_Color.uexp" 898
"../../../Engine/Content/EngineSky/C_Sky_Horizon_Color.uasset" 899
"../../../Engine/Content/EngineSky/C_Sky_Horizon_Color.uexp" 900
"../../../Engine/Content/EngineSky/C_Sky_Cloud_Color.uasset" 901
"../../../Engine/Content/EngineSky/C_Sky_Cloud_Color.uexp" 902
"../../../Engine/Content/EngineSky/BP_Sky_Sphere.uasset" 903
"../../../Engine/Content/EngineSky/BP_Sky_Sphere.uexp" 904
"D:/UE4Project/ARPGDemo/Content/ARPGDemo/Maps/NewMap.uexp" 905
"D:/UE4Project/ARPGDemo/Content/ARPGDemo/Maps/NewMap.umap" 906
"D:/UE4Project/ARPGDemo/Content/ARPGDemo/Blueprints/UMG/Login/WBP_Connecting.uasset" 907
"D:/UE4Project/ARPGDemo/Content/ARPGDemo/Blueprints/UMG/Login/WBP_Connecting.uexp" 908
"D:/UE4Project/ARPGDemo/Content/ARPGDemo/Maps/Login/BeginConnect.uexp" 909
"D:/UE4Project/ARPGDemo/Content/ARPGDemo/Maps/Login/BeginConnect.umap" 910
"D:/UE4Project/ARPGDemo/Content/ARPGDemo/Blueprints/GamePlay/Login/PlayerController/BP_LoginPlayerController.uasset" 911
"D:/UE4Project/ARPGDemo/Content/ARPGDemo/Blueprints/GamePlay/Login/PlayerController/BP_LoginPlayerController.uexp" 912
"D:/UE4Project/ARPGDemo/Content/ARPGDemo/Blueprints/GamePlay/Login/GameMode/BP_LoginGameMode.uasset" 913
"D:/UE4Project/ARPGDemo/Content/ARPGDemo/Blueprints/GamePlay/Login/GameMode/BP_LoginGameMode.uexp" 914
"D:/UE4Project/ARPGDemo/Content/ARPGDemo/Blueprints/UMG/Login/WBP_Login.uasset" 915
"D:/UE4Project/ARPGDemo/Content/ARPGDemo/Blueprints/UMG/Login/WBP_Login.uexp" 916
"D:/UE4Project/ARPGDemo/Content/ARPGDemo/Maps/Login/ClientEntry.uexp" 917
"D:/UE4Project/ARPGDemo/Content/ARPGDemo/Maps/Login/ClientEntry.umap" 918
