"D:/UE4Project/ARPGDemo/Content/+150fantasy_icon_pack/128x128icons/Colored/icon_128x128_148.uasset" 0
"D:/UE4Project/ARPGDemo/Content/+150fantasy_icon_pack/128x128icons/Colored/icon_128x128_148.uexp" 1
"D:/UE4Project/ARPGDemo/Content/+150fantasy_icon_pack/128x128icons/Colored/icon_128x128_142.uasset" 2
"D:/UE4Project/ARPGDemo/Content/+150fantasy_icon_pack/128x128icons/Colored/icon_128x128_142.uexp" 3
"D:/UE4Project/ARPGDemo/Content/HUDandGUIMedievalArtBundle/Textures/WINDOWS/BACKGROUNDS/BLUE/Window01Blue.uasset" 4
"D:/UE4Project/ARPGDemo/Content/HUDandGUIMedievalArtBundle/Textures/WINDOWS/BACKGROUNDS/BLUE/Window01Blue.uexp" 5
"D:/UE4Project/ARPGDemo/Content/ARPGDemo/Assets/Font/ChaoZiSheBeiJianFan-Shan_REEJI-CHAO-BeiMingGBT-Flash_-2.uasset" 6
"D:/UE4Project/ARPGDemo/Content/ARPGDemo/Assets/Font/ChaoZiSheBeiJianFan-Shan_REEJI-CHAO-BeiMingGBT-Flash_-2.uexp" 7
"D:/UE4Project/ARPGDemo/Content/ARPGDemo/Assets/Font/ChaoZiSheBeiJianFan-Shan_REEJI-CHAO-BeiMingGBT-Flash_-2.ufont" 8
"D:/UE4Project/ARPGDemo/Content/HUDandGUIMedievalArtBundle/Textures/WINDOWS/BACKGROUNDS/BLUE/Window03Blue.uasset" 9
"D:/UE4Project/ARPGDemo/Content/HUDandGUIMedievalArtBundle/Textures/WINDOWS/BACKGROUNDS/BLUE/Window03Blue.uexp" 10
"../../../Engine/Content/Functions/Engine_MaterialFunctions02/Utility/VectorToRadialValue.uasset" 11
"../../../Engine/Content/Functions/Engine_MaterialFunctions02/Utility/VectorToRadialValue.uexp" 12
"../../../Engine/Content/Functions/Engine_MaterialFunctions02/Texturing/CustomRotator.uasset" 13
"../../../Engine/Content/Functions/Engine_MaterialFunctions02/Texturing/CustomRotator.uexp" 14
"D:/UE4Project/ARPGDemo/Content/ARPGDemo/Assets/Material/Ability/M_Ability.uasset" 15
"D:/UE4Project/ARPGDemo/Content/ARPGDemo/Assets/Material/Ability/M_Ability.uexp" 16
"D:/UE4Project/ARPGDemo/Content/ARPGDemo/Assets/Material/Ability/M_Ability_Inst.uasset" 17
"D:/UE4Project/ARPGDemo/Content/ARPGDemo/Assets/Material/Ability/M_Ability_Inst.uexp" 18
"D:/UE4Project/ARPGDemo/Content/HUDandGUIMedievalArtBundle/Textures/WINDOWS/ORNAMENTS/HORIZONTAL/HOrnament10.uasset" 19
"D:/UE4Project/ARPGDemo/Content/HUDandGUIMedievalArtBundle/Textures/WINDOWS/ORNAMENTS/HORIZONTAL/HOrnament10.uexp" 20
"D:/UE4Project/ARPGDemo/Content/HUDandGUIMedievalArtBundle/Textures/WINDOWS/BACKGROUNDS/GREY/Window03Grey.uasset" 21
"D:/UE4Project/ARPGDemo/Content/HUDandGUIMedievalArtBundle/Textures/WINDOWS/BACKGROUNDS/GREY/Window03Grey.uexp" 22
"D:/UE4Project/ARPGDemo/Content/ARPGDemo/Blueprints/UMG/Gamming/Widgets/ToolTip/WBP_AbilityToolTip.uasset" 23
"D:/UE4Project/ARPGDemo/Content/ARPGDemo/Blueprints/UMG/Gamming/Widgets/ToolTip/WBP_AbilityToolTip.uexp" 24
"D:/UE4Project/ARPGDemo/Content/ARPGDemo/Blueprints/UMG/Gamming/Widgets/Drag/Skill/WBP_SkillItem_Virsual.uasset" 25
"D:/UE4Project/ARPGDemo/Content/ARPGDemo/Blueprints/UMG/Gamming/Widgets/Drag/Skill/WBP_SkillItem_Virsual.uexp" 26
"D:/UE4Project/ARPGDemo/Content/GoodUIIconTrail/Textures/BaseShapeAlpha/T_Dust_box.uasset" 27
"D:/UE4Project/ARPGDemo/Content/GoodUIIconTrail/Textures/BaseShapeAlpha/T_Dust_box.uexp" 28
"D:/UE4Project/ARPGDemo/Content/GoodUIIconTrail/Textures/SecondAlpha/T_Box_M.uasset" 29
"D:/UE4Project/ARPGDemo/Content/GoodUIIconTrail/Textures/SecondAlpha/T_Box_M.uexp" 30
"D:/UE4Project/ARPGDemo/Content/GoodUIIconTrail/Textures/BaseShapeAlpha/T_Neon_Box.uasset" 31
"D:/UE4Project/ARPGDemo/Content/GoodUIIconTrail/Textures/BaseShapeAlpha/T_Neon_Box.uexp" 32
"D:/UE4Project/ARPGDemo/Content/GoodUIIconTrail/Textures/RotateAlpha/T_Rotate_Alpha_02.uasset" 33
"D:/UE4Project/ARPGDemo/Content/GoodUIIconTrail/Textures/RotateAlpha/T_Rotate_Alpha_02.uexp" 34
"D:/UE4Project/ARPGDemo/Content/GoodUIIconTrail/Textures/RotateAlpha/T_Rotate_Alpha_01.uasset" 35
"D:/UE4Project/ARPGDemo/Content/GoodUIIconTrail/Textures/RotateAlpha/T_Rotate_Alpha_01.uexp" 36
"D:/UE4Project/ARPGDemo/Content/GoodUIIconTrail/Materials/Function/MF_RepeatAndRotator.uasset" 37
"D:/UE4Project/ARPGDemo/Content/GoodUIIconTrail/Materials/Function/MF_RepeatAndRotator.uexp" 38
"D:/UE4Project/ARPGDemo/Content/GoodUIIconTrail/Textures/Noise/T_CloudNoise.uasset" 39
"D:/UE4Project/ARPGDemo/Content/GoodUIIconTrail/Textures/Noise/T_CloudNoise.uexp" 40
"D:/UE4Project/ARPGDemo/Content/GoodUIIconTrail/Materials/Function/MF_DistortionUV.uasset" 41
"D:/UE4Project/ARPGDemo/Content/GoodUIIconTrail/Materials/Function/MF_DistortionUV.uexp" 42
"D:/UE4Project/ARPGDemo/Content/GoodUIIconTrail/Materials/M_GoodUIIconTrail.uasset" 43
"D:/UE4Project/ARPGDemo/Content/GoodUIIconTrail/Materials/M_GoodUIIconTrail.uexp" 44
"D:/UE4Project/ARPGDemo/Content/GoodUIIconTrail/Materials/Instance/MI_GoodUIIconTrail_Dust.uasset" 45
"D:/UE4Project/ARPGDemo/Content/GoodUIIconTrail/Materials/Instance/MI_GoodUIIconTrail_Dust.uexp" 46
"D:/UE4Project/ARPGDemo/Content/ARPGDemo/Blueprints/UMG/Gamming/Widgets/Drag/Skill/WBP_SkillItem.uasset" 47
"D:/UE4Project/ARPGDemo/Content/ARPGDemo/Blueprints/UMG/Gamming/Widgets/Drag/Skill/WBP_SkillItem.uexp" 48
"D:/UE4Project/ARPGDemo/Content/ARPGDemo/Blueprints/UMG/Gamming/Windows/FloatingWindow/SkillWindow/WBP_SkillItemContainer.uasset" 49
"D:/UE4Project/ARPGDemo/Content/ARPGDemo/Blueprints/UMG/Gamming/Windows/FloatingWindow/SkillWindow/WBP_SkillItemContainer.uexp" 50
"D:/UE4Project/ARPGDemo/Content/+150fantasy_icon_pack/128x128icons/Colored/icon_128x128_144.uasset" 51
"D:/UE4Project/ARPGDemo/Content/+150fantasy_icon_pack/128x128icons/Colored/icon_128x128_144.uexp" 52
"D:/UE4Project/ARPGDemo/Content/+150fantasy_icon_pack/128x128icons/Colored/icon_128x128_138.uasset" 53
"D:/UE4Project/ARPGDemo/Content/+150fantasy_icon_pack/128x128icons/Colored/icon_128x128_138.uexp" 54
"D:/UE4Project/ARPGDemo/Content/flat_skills_icons_color/rogue_assassin/rogue_22.uasset" 55
"D:/UE4Project/ARPGDemo/Content/flat_skills_icons_color/rogue_assassin/rogue_22.uexp" 56
"D:/UE4Project/ARPGDemo/Content/ARPGDemo/Blueprints/GAS/CurveTable/AvoidCoolDown.uasset" 57
"D:/UE4Project/ARPGDemo/Content/ARPGDemo/Blueprints/GAS/CurveTable/AvoidCoolDown.uexp" 58
"D:/UE4Project/ARPGDemo/Content/Succubus_Anim_Set/Textures/FX_Textures/Cell_D.uasset" 59
"D:/UE4Project/ARPGDemo/Content/Succubus_Anim_Set/Textures/FX_Textures/Cell_D.uexp" 60
"D:/UE4Project/ARPGDemo/Content/Succubus_Anim_Set/Materials/FX_Materials/Master/wave_unlit_mat.uasset" 61
"D:/UE4Project/ARPGDemo/Content/Succubus_Anim_Set/Materials/FX_Materials/Master/wave_unlit_mat.uexp" 62
"D:/UE4Project/ARPGDemo/Content/Succubus_Anim_Set/Materials/FX_Materials/Instance/wave_unlit_mat_Inst.uasset" 63
"D:/UE4Project/ARPGDemo/Content/Succubus_Anim_Set/Materials/FX_Materials/Instance/wave_unlit_mat_Inst.uexp" 64
"D:/UE4Project/ARPGDemo/Content/Succubus_Anim_Set/mesh/Sphere_wave.uasset" 65
"D:/UE4Project/ARPGDemo/Content/Succubus_Anim_Set/mesh/Sphere_wave.uexp" 66
"D:/UE4Project/ARPGDemo/Content/Succubus_Anim_Set/Textures/FX_Textures/Cell_N.uasset" 67
"D:/UE4Project/ARPGDemo/Content/Succubus_Anim_Set/Textures/FX_Textures/Cell_N.uexp" 68
"D:/UE4Project/ARPGDemo/Content/Succubus_Anim_Set/Materials/FX_Materials/Master/wave_lit_mat.uasset" 69
"D:/UE4Project/ARPGDemo/Content/Succubus_Anim_Set/Materials/FX_Materials/Master/wave_lit_mat.uexp" 70
"D:/UE4Project/ARPGDemo/Content/Succubus_Anim_Set/mesh/disk_wave.uasset" 71
"D:/UE4Project/ARPGDemo/Content/Succubus_Anim_Set/mesh/disk_wave.uexp" 72
"D:/UE4Project/ARPGDemo/Content/Succubus_Anim_Set/Materials/FX_Materials/Instance/wave_lit_mat_Inst2.uasset" 73
"D:/UE4Project/ARPGDemo/Content/Succubus_Anim_Set/Materials/FX_Materials/Instance/wave_lit_mat_Inst2.uexp" 74
"D:/UE4Project/ARPGDemo/Content/Succubus_Anim_Set/Materials/FX_Materials/Instance/wave_lit_mat_Inst.uasset" 75
"D:/UE4Project/ARPGDemo/Content/Succubus_Anim_Set/Materials/FX_Materials/Instance/wave_lit_mat_Inst.uexp" 76
"../../../Engine/Content/Functions/Engine_MaterialFunctions01/Density/ExponentialDensity.uasset" 77
"../../../Engine/Content/Functions/Engine_MaterialFunctions01/Density/ExponentialDensity.uexp" 78
"../../../Engine/Content/Functions/Engine_MaterialFunctions01/Gradient/RadialGradientExponential.uasset" 79
"../../../Engine/Content/Functions/Engine_MaterialFunctions01/Gradient/RadialGradientExponential.uexp" 80
"D:/UE4Project/ARPGDemo/Content/Succubus_Anim_Set/Materials/FX_Materials/Spark_M.uasset" 81
"D:/UE4Project/ARPGDemo/Content/Succubus_Anim_Set/Materials/FX_Materials/Spark_M.uexp" 82
"D:/UE4Project/ARPGDemo/Content/Succubus_Anim_Set/Particles/P_wave.uasset" 83
"D:/UE4Project/ARPGDemo/Content/Succubus_Anim_Set/Particles/P_wave.uexp" 84
"../../../Engine/Content/Animation/DefaultAnimCurveCompressionSettings.uasset" 85
"../../../Engine/Content/Animation/DefaultAnimCurveCompressionSettings.uexp" 86
"../../../Engine/Content/Animation/DefaultAnimBoneCompressionSettings.uasset" 87
"../../../Engine/Content/Animation/DefaultAnimBoneCompressionSettings.uexp" 88
"../../../Engine/Content/EngineMeshes/Humanoid.uasset" 89
"../../../Engine/Content/EngineMeshes/Humanoid.uexp" 90
"D:/UE4Project/ARPGDemo/Content/ARPGDemo/Assets/Skeleton/Succubus_Anim_Set/UE4_Mannequin_Skeleton.uasset" 91
"D:/UE4Project/ARPGDemo/Content/ARPGDemo/Assets/Skeleton/Succubus_Anim_Set/UE4_Mannequin_Skeleton.uexp" 92
"D:/UE4Project/ARPGDemo/Content/Succubus_Anim_Set/Animation/buff_01.uasset" 93
"D:/UE4Project/ARPGDemo/Content/Succubus_Anim_Set/Animation/buff_01.uexp" 94
"D:/UE4Project/ARPGDemo/Content/ARPGDemo/Assets/Animations/Player/Montages/AM_PlayerBuff.uasset" 95
"D:/UE4Project/ARPGDemo/Content/ARPGDemo/Assets/Animations/Player/Montages/AM_PlayerBuff.uexp" 96
"D:/UE4Project/ARPGDemo/Content/ARPGDemo/Blueprints/GAS/GE/CoolDown/GE_HealthRegen.uasset" 97
"D:/UE4Project/ARPGDemo/Content/ARPGDemo/Blueprints/GAS/GE/CoolDown/GE_HealthRegen.uexp" 98
"D:/UE4Project/ARPGDemo/Content/ARPGDemo/Blueprints/GAS/CurveTable/Liner.uasset" 99
"D:/UE4Project/ARPGDemo/Content/ARPGDemo/Blueprints/GAS/CurveTable/Liner.uexp" 100
"D:/UE4Project/ARPGDemo/Content/ARPGDemo/Blueprints/GAS/GE/GE_HealthChange.uasset" 101
"D:/UE4Project/ARPGDemo/Content/ARPGDemo/Blueprints/GAS/GE/GE_HealthChange.uexp" 102
"D:/UE4Project/ARPGDemo/Content/ARPGDemo/Blueprints/GAS/GA/GA_HealthRegen.uasset" 103
"D:/UE4Project/ARPGDemo/Content/ARPGDemo/Blueprints/GAS/GA/GA_HealthRegen.uexp" 104
"D:/UE4Project/ARPGDemo/Content/ARPGDemo/Blueprints/GAS/GE/CoolDown/GE_HealthDecrease.uasset" 105
"D:/UE4Project/ARPGDemo/Content/ARPGDemo/Blueprints/GAS/GE/CoolDown/GE_HealthDecrease.uexp" 106
"D:/UE4Project/ARPGDemo/Content/ARPGDemo/Blueprints/GAS/GA/GA_HealthDecrease.uasset" 107
"D:/UE4Project/ARPGDemo/Content/ARPGDemo/Blueprints/GAS/GA/GA_HealthDecrease.uexp" 108
"D:/UE4Project/ARPGDemo/Content/Succubus_Anim_Set/Animation/avoid_right.uasset" 109
"D:/UE4Project/ARPGDemo/Content/Succubus_Anim_Set/Animation/avoid_right.uexp" 110
"D:/UE4Project/ARPGDemo/Content/Succubus_Anim_Set/Animation/avoid_left.uasset" 111
"D:/UE4Project/ARPGDemo/Content/Succubus_Anim_Set/Animation/avoid_left.uexp" 112
"D:/UE4Project/ARPGDemo/Content/Succubus_Anim_Set/Animation/avoid_front.uasset" 113
"D:/UE4Project/ARPGDemo/Content/Succubus_Anim_Set/Animation/avoid_front.uexp" 114
"D:/UE4Project/ARPGDemo/Content/Succubus_Anim_Set/Animation/avoid_back.uasset" 115
"D:/UE4Project/ARPGDemo/Content/Succubus_Anim_Set/Animation/avoid_back.uexp" 116
"D:/UE4Project/ARPGDemo/Content/ARPGDemo/Assets/Animations/Player/Montages/AM_PlayerAvoid.uasset" 117
"D:/UE4Project/ARPGDemo/Content/ARPGDemo/Assets/Animations/Player/Montages/AM_PlayerAvoid.uexp" 118
"D:/UE4Project/ARPGDemo/Content/ARPGDemo/Assets/Skeleton/Succubus_Anim_Set/SK_Mannequin_PhysicsAsset.uasset" 119
"D:/UE4Project/ARPGDemo/Content/ARPGDemo/Assets/Skeleton/Succubus_Anim_Set/SK_Mannequin_PhysicsAsset.uexp" 120
"D:/UE4Project/ARPGDemo/Content/Succubus_Anim_Set/Textures/UE4Man_Logo_N.uasset" 121
"D:/UE4Project/ARPGDemo/Content/Succubus_Anim_Set/Textures/UE4Man_Logo_N.uexp" 122
"D:/UE4Project/ARPGDemo/Content/Succubus_Anim_Set/Textures/UE4_Mannequin_occlusion_Mobile.uasset" 123
"D:/UE4Project/ARPGDemo/Content/Succubus_Anim_Set/Textures/UE4_Mannequin_occlusion_Mobile.uexp" 124
"D:/UE4Project/ARPGDemo/Content/Succubus_Anim_Set/Textures/UE4_Mannequin_MAT_MASKA.uasset" 125
"D:/UE4Project/ARPGDemo/Content/Succubus_Anim_Set/Textures/UE4_Mannequin_MAT_MASKA.uexp" 126
"D:/UE4Project/ARPGDemo/Content/Succubus_Anim_Set/Textures/UE4_Mannequin__normals.uasset" 127
"D:/UE4Project/ARPGDemo/Content/Succubus_Anim_Set/Textures/UE4_Mannequin__normals.uexp" 128
"D:/UE4Project/ARPGDemo/Content/Succubus_Anim_Set/Textures/T_ML_Aluminum01_N.uasset" 129
"D:/UE4Project/ARPGDemo/Content/Succubus_Anim_Set/Textures/T_ML_Aluminum01_N.uexp" 130
"D:/UE4Project/ARPGDemo/Content/Succubus_Anim_Set/Textures/T_ML_Aluminum01.uasset" 131
"D:/UE4Project/ARPGDemo/Content/Succubus_Anim_Set/Textures/T_ML_Aluminum01.uexp" 132
"D:/UE4Project/ARPGDemo/Content/Succubus_Anim_Set/Materials/MaterialLayers/ML_SoftMetal_UE4.uasset" 133
"D:/UE4Project/ARPGDemo/Content/Succubus_Anim_Set/Materials/MaterialLayers/ML_SoftMetal_UE4.uexp" 134
"D:/UE4Project/ARPGDemo/Content/Succubus_Anim_Set/Textures/UE4_LOGO_CARD.uasset" 135
"D:/UE4Project/ARPGDemo/Content/Succubus_Anim_Set/Textures/UE4_LOGO_CARD.uexp" 136
"D:/UE4Project/ARPGDemo/Content/Succubus_Anim_Set/Materials/MaterialLayers/ML_Plastic_Shiny_Beige_LOGO.uasset" 137
"D:/UE4Project/ARPGDemo/Content/Succubus_Anim_Set/Materials/MaterialLayers/ML_Plastic_Shiny_Beige_LOGO.uexp" 138
"D:/UE4Project/ARPGDemo/Content/Succubus_Anim_Set/Materials/MaterialLayers/ML_Plastic_Shiny_Beige.uasset" 139
"D:/UE4Project/ARPGDemo/Content/Succubus_Anim_Set/Materials/MaterialLayers/ML_Plastic_Shiny_Beige.uexp" 140
"D:/UE4Project/ARPGDemo/Content/Succubus_Anim_Set/Textures/T_ML_Rubber_Blue_01_N.uasset" 141
"D:/UE4Project/ARPGDemo/Content/Succubus_Anim_Set/Textures/T_ML_Rubber_Blue_01_N.uexp" 142
"D:/UE4Project/ARPGDemo/Content/Succubus_Anim_Set/Textures/T_ML_Rubber_Blue_01_D.uasset" 143
"D:/UE4Project/ARPGDemo/Content/Succubus_Anim_Set/Textures/T_ML_Rubber_Blue_01_D.uexp" 144
"D:/UE4Project/ARPGDemo/Content/Succubus_Anim_Set/Materials/MaterialLayers/ML_GlossyBlack_Latex_UE4.uasset" 145
"D:/UE4Project/ARPGDemo/Content/Succubus_Anim_Set/Materials/MaterialLayers/ML_GlossyBlack_Latex_UE4.uexp" 146
"../../../Engine/Content/Functions/MaterialLayerFunctions/MatLayerBlend_AO.uasset" 147
"../../../Engine/Content/Functions/MaterialLayerFunctions/MatLayerBlend_AO.uexp" 148
"../../../Engine/Content/Functions/MaterialLayerFunctions/MatLayerBlend_Simple.uasset" 149
"../../../Engine/Content/Functions/MaterialLayerFunctions/MatLayerBlend_Simple.uexp" 150
"../../../Engine/Content/Functions/Engine_MaterialFunctions02/Utility/BlendAngleCorrectedNormals.uasset" 151
"../../../Engine/Content/Functions/Engine_MaterialFunctions02/Utility/BlendAngleCorrectedNormals.uexp" 152
"../../../Engine/Content/Functions/MaterialLayerFunctions/MatLayerBlend_NormalBlend.uasset" 153
"../../../Engine/Content/Functions/MaterialLayerFunctions/MatLayerBlend_NormalBlend.uexp" 154
"D:/UE4Project/ARPGDemo/Content/Succubus_Anim_Set/Materials/M_UE4Man_Body.uasset" 155
"D:/UE4Project/ARPGDemo/Content/Succubus_Anim_Set/Materials/M_UE4Man_Body.uexp" 156
"D:/UE4Project/ARPGDemo/Content/Succubus_Anim_Set/Materials/M_UE4Man_ChestLogo.uasset" 157
"D:/UE4Project/ARPGDemo/Content/Succubus_Anim_Set/Materials/M_UE4Man_ChestLogo.uexp" 158
"D:/UE4Project/ARPGDemo/Content/ARPGDemo/Assets/Skeleton/Succubus_Anim_Set/SK_Mannequin.uasset" 159
"D:/UE4Project/ARPGDemo/Content/ARPGDemo/Assets/Skeleton/Succubus_Anim_Set/SK_Mannequin.uexp" 160
"../../../Engine/Content/EditorBlueprintResources/StandardMacros.uasset" 161
"../../../Engine/Content/EditorBlueprintResources/StandardMacros.uexp" 162
"D:/UE4Project/ARPGDemo/Content/Succubus_Anim_Set/Animation/move_right.uasset" 163
"D:/UE4Project/ARPGDemo/Content/Succubus_Anim_Set/Animation/move_right.uexp" 164
"D:/UE4Project/ARPGDemo/Content/Succubus_Anim_Set/Animation/move_left.uasset" 165
"D:/UE4Project/ARPGDemo/Content/Succubus_Anim_Set/Animation/move_left.uexp" 166
"D:/UE4Project/ARPGDemo/Content/Succubus_Anim_Set/Animation/move_frontright.uasset" 167
"D:/UE4Project/ARPGDemo/Content/Succubus_Anim_Set/Animation/move_frontright.uexp" 168
"D:/UE4Project/ARPGDemo/Content/Succubus_Anim_Set/Animation/move_frontleft.uasset" 169
"D:/UE4Project/ARPGDemo/Content/Succubus_Anim_Set/Animation/move_frontleft.uexp" 170
"D:/UE4Project/ARPGDemo/Content/Succubus_Anim_Set/Animation/move_front.uasset" 171
"D:/UE4Project/ARPGDemo/Content/Succubus_Anim_Set/Animation/move_front.uexp" 172
"D:/UE4Project/ARPGDemo/Content/Succubus_Anim_Set/Animation/move_backright.uasset" 173
"D:/UE4Project/ARPGDemo/Content/Succubus_Anim_Set/Animation/move_backright.uexp" 174
"D:/UE4Project/ARPGDemo/Content/Succubus_Anim_Set/Animation/move_backleft.uasset" 175
"D:/UE4Project/ARPGDemo/Content/Succubus_Anim_Set/Animation/move_backleft.uexp" 176
"D:/UE4Project/ARPGDemo/Content/Succubus_Anim_Set/Animation/move_back.uasset" 177
"D:/UE4Project/ARPGDemo/Content/Succubus_Anim_Set/Animation/move_back.uexp" 178
"D:/UE4Project/ARPGDemo/Content/Succubus_Anim_Set/Animation/idle.uasset" 179
"D:/UE4Project/ARPGDemo/Content/Succubus_Anim_Set/Animation/idle.uexp" 180
"D:/UE4Project/ARPGDemo/Content/ARPGDemo/Assets/Animations/Player/BlendSpaces/BS_Move.uasset" 181
"D:/UE4Project/ARPGDemo/Content/ARPGDemo/Assets/Animations/Player/BlendSpaces/BS_Move.uexp" 182
"D:/UE4Project/ARPGDemo/Content/Succubus_Anim_Set/Animation/pose/Pose_look_U.uasset" 183
"D:/UE4Project/ARPGDemo/Content/Succubus_Anim_Set/Animation/pose/Pose_look_U.uexp" 184
"D:/UE4Project/ARPGDemo/Content/Succubus_Anim_Set/Animation/pose/Pose_look_D.uasset" 185
"D:/UE4Project/ARPGDemo/Content/Succubus_Anim_Set/Animation/pose/Pose_look_D.uexp" 186
"D:/UE4Project/ARPGDemo/Content/ARPGDemo/Assets/Animations/Player/BlendSpaces/AOBS_Aim.uasset" 187
"D:/UE4Project/ARPGDemo/Content/ARPGDemo/Assets/Animations/Player/BlendSpaces/AOBS_Aim.uexp" 188
"D:/UE4Project/ARPGDemo/Content/ARPGDemo/Assets/Animations/Player/Blueprint/ABP_Player.uasset" 189
"D:/UE4Project/ARPGDemo/Content/ARPGDemo/Assets/Animations/Player/Blueprint/ABP_Player.uexp" 190
"D:/UE4Project/ARPGDemo/Content/ARPGDemo/Blueprints/GAS/GE/GE_InitLevel.uasset" 191
"D:/UE4Project/ARPGDemo/Content/ARPGDemo/Blueprints/GAS/GE/GE_InitLevel.uexp" 192
"D:/UE4Project/ARPGDemo/Content/ARPGDemo/Blueprints/GAS/GE/GE_Init.uasset" 193
"D:/UE4Project/ARPGDemo/Content/ARPGDemo/Blueprints/GAS/GE/GE_Init.uexp" 194
"D:/UE4Project/ARPGDemo/Content/ARPGDemo/Assets/Texture/UMG/Avatar/RT_Avatar.uasset" 195
"D:/UE4Project/ARPGDemo/Content/ARPGDemo/Assets/Texture/UMG/Avatar/RT_Avatar.uexp" 196
"D:/UE4Project/ARPGDemo/Content/ARPGDemo/Blueprints/Character/Player/BP_PlayerCharacter.uasset" 197
"D:/UE4Project/ARPGDemo/Content/ARPGDemo/Blueprints/Character/Player/BP_PlayerCharacter.uexp" 198
"D:/UE4Project/ARPGDemo/Content/ARPGDemo/Blueprints/GAS/GE/CoolDown/GE_Avoid.uasset" 199
"D:/UE4Project/ARPGDemo/Content/ARPGDemo/Blueprints/GAS/GE/CoolDown/GE_Avoid.uexp" 200
"D:/UE4Project/ARPGDemo/Content/ARPGDemo/Blueprints/GAS/GA/GA_Avoid.uasset" 201
"D:/UE4Project/ARPGDemo/Content/ARPGDemo/Blueprints/GAS/GA/GA_Avoid.uexp" 202
"D:/UE4Project/ARPGDemo/Content/ARPGDemo/Assets/DataTable/Precondition_HealthRegen.uasset" 203
"D:/UE4Project/ARPGDemo/Content/ARPGDemo/Assets/DataTable/Precondition_HealthRegen.uexp" 204
"D:/UE4Project/ARPGDemo/Content/ARPGDemo/Assets/DataTable/Precondition_HealthDecrease.uasset" 205
"D:/UE4Project/ARPGDemo/Content/ARPGDemo/Assets/DataTable/Precondition_HealthDecrease.uexp" 206
"D:/UE4Project/ARPGDemo/Content/ARPGDemo/Assets/DataTable/Precondition_Avoid.uasset" 207
"D:/UE4Project/ARPGDemo/Content/ARPGDemo/Assets/DataTable/Precondition_Avoid.uexp" 208
"D:/UE4Project/ARPGDemo/Content/+150fantasy_icon_pack/128x128icons/Grayscale/icon_128x128_144_Grey.uasset" 209
"D:/UE4Project/ARPGDemo/Content/+150fantasy_icon_pack/128x128icons/Grayscale/icon_128x128_144_Grey.uexp" 210
"D:/UE4Project/ARPGDemo/Content/+150fantasy_icon_pack/128x128icons/Grayscale/icon_128x128_138_Grey.uasset" 211
"D:/UE4Project/ARPGDemo/Content/+150fantasy_icon_pack/128x128icons/Grayscale/icon_128x128_138_Grey.uexp" 212
"D:/UE4Project/ARPGDemo/Content/ARPGDemo/Assets/DataTable/SkillDataTable.uasset" 213
"D:/UE4Project/ARPGDemo/Content/ARPGDemo/Assets/DataTable/SkillDataTable.uexp" 214
"D:/UE4Project/ARPGDemo/Content/HUDandGUIMedievalArtBundle/Textures/WINDOWS/BACKGROUNDS/BLUE/Window02Blue.uasset" 215
"D:/UE4Project/ARPGDemo/Content/HUDandGUIMedievalArtBundle/Textures/WINDOWS/BACKGROUNDS/BLUE/Window02Blue.uexp" 216
"D:/UE4Project/ARPGDemo/Content/HUDandGUIMedievalArtBundle/Textures/BUTTONS/ICONS/BLUE/ROUND/RBCancel.uasset" 217
"D:/UE4Project/ARPGDemo/Content/HUDandGUIMedievalArtBundle/Textures/BUTTONS/ICONS/BLUE/ROUND/RBCancel.uexp" 218
"D:/UE4Project/ARPGDemo/Content/HUDandGUIMedievalArtBundle/SFX/Attenuation/UI_att.uasset" 219
"D:/UE4Project/ARPGDemo/Content/HUDandGUIMedievalArtBundle/SFX/Attenuation/UI_att.uexp" 220
"D:/UE4Project/ARPGDemo/Content/HUDandGUIMedievalArtBundle/SFX/GenericButtonSelect_Cue.uasset" 221
"D:/UE4Project/ARPGDemo/Content/HUDandGUIMedievalArtBundle/SFX/GenericButtonSelect_Cue.uexp" 222
"D:/UE4Project/ARPGDemo/Content/HUDandGUIMedievalArtBundle/SFX/GenericButtonBack_Cue.uasset" 223
"D:/UE4Project/ARPGDemo/Content/HUDandGUIMedievalArtBundle/SFX/GenericButtonBack_Cue.uexp" 224
"D:/UE4Project/ARPGDemo/Content/ARPGDemo/Blueprints/UMG/Gamming/Windows/FloatingWindow/SkillWindow/WBP_SkillWindow.uasset" 225
"D:/UE4Project/ARPGDemo/Content/ARPGDemo/Blueprints/UMG/Gamming/Windows/FloatingWindow/SkillWindow/WBP_SkillWindow.uexp" 226
"D:/UE4Project/ARPGDemo/Content/ARPGDemo/Blueprints/UMG/Gamming/Windows/FloatingWindow/PropertyWindow/WBP_PropertyWindow.uasset" 227
"D:/UE4Project/ARPGDemo/Content/ARPGDemo/Blueprints/UMG/Gamming/Windows/FloatingWindow/PropertyWindow/WBP_PropertyWindow.uexp" 228
"D:/UE4Project/ARPGDemo/Content/ARPGDemo/Blueprints/UMG/Gamming/Windows/FloatingWindow/BackpackWindow/WBP_BackpackWindow.uasset" 229
"D:/UE4Project/ARPGDemo/Content/ARPGDemo/Blueprints/UMG/Gamming/Windows/FloatingWindow/BackpackWindow/WBP_BackpackWindow.uexp" 230
"D:/UE4Project/ARPGDemo/Content/ARPGDemo/Blueprints/UMG/Gamming/Windows/MainWindow/WBP_FloatingMainWindow.uasset" 231
"D:/UE4Project/ARPGDemo/Content/ARPGDemo/Blueprints/UMG/Gamming/Windows/MainWindow/WBP_FloatingMainWindow.uexp" 232
"D:/UE4Project/ARPGDemo/Content/ARPGDemo/Assets/Texture/UMG/HealthBar/GradientBars/T6/T6_gb_frame.uasset" 233
"D:/UE4Project/ARPGDemo/Content/ARPGDemo/Assets/Texture/UMG/HealthBar/GradientBars/T6/T6_gb_frame.uexp" 234
"D:/UE4Project/ARPGDemo/Content/ARPGDemo/Blueprints/UMG/Gamming/Windows/HUD/WBP_XPBar.uasset" 235
"D:/UE4Project/ARPGDemo/Content/ARPGDemo/Blueprints/UMG/Gamming/Windows/HUD/WBP_XPBar.uexp" 236
"D:/UE4Project/ARPGDemo/Content/ARPGDemo/Assets/Texture/UMG/ShowMouseCursor.uasset" 237
"D:/UE4Project/ARPGDemo/Content/ARPGDemo/Assets/Texture/UMG/ShowMouseCursor.uexp" 238
"D:/UE4Project/ARPGDemo/Content/ARPGDemo/Assets/Texture/UMG/HideMouseCursor.uasset" 239
"D:/UE4Project/ARPGDemo/Content/ARPGDemo/Assets/Texture/UMG/HideMouseCursor.uexp" 240
"D:/UE4Project/ARPGDemo/Content/ARPGDemo/Blueprints/UMG/Gamming/Windows/HUD/WBP_HUDMouseCuesor.uasset" 241
"D:/UE4Project/ARPGDemo/Content/ARPGDemo/Blueprints/UMG/Gamming/Windows/HUD/WBP_HUDMouseCuesor.uexp" 242
"D:/UE4Project/ARPGDemo/Content/HUDandGUIMedievalArtBundle/Textures/HEALTH/HealthDragon.uasset" 243
"D:/UE4Project/ARPGDemo/Content/HUDandGUIMedievalArtBundle/Textures/HEALTH/HealthDragon.uexp" 244
"D:/UE4Project/ARPGDemo/Content/ARPGDemo/Assets/Texture/UMG/HealthBar/GradientBars/T6/T6_gb_overlay.uasset" 245
"D:/UE4Project/ARPGDemo/Content/ARPGDemo/Assets/Texture/UMG/HealthBar/GradientBars/T6/T6_gb_overlay.uexp" 246
"D:/UE4Project/ARPGDemo/Content/ARPGDemo/Assets/Texture/UMG/HealthBar/GradientBars/T6/T6_gb_normal.uasset" 247
"D:/UE4Project/ARPGDemo/Content/ARPGDemo/Assets/Texture/UMG/HealthBar/GradientBars/T6/T6_gb_normal.uexp" 248
"D:/UE4Project/ARPGDemo/Content/ARPGDemo/Assets/Texture/UMG/HealthBar/GradientBars/T6/T6_gb_empty.uasset" 249
"D:/UE4Project/ARPGDemo/Content/ARPGDemo/Assets/Texture/UMG/HealthBar/GradientBars/T6/T6_gb_empty.uexp" 250
"D:/UE4Project/ARPGDemo/Content/ARPGDemo/Assets/Texture/UMG/HealthBar/GradientBars/T5/gb_over_T5.uasset" 251
"D:/UE4Project/ARPGDemo/Content/ARPGDemo/Assets/Texture/UMG/HealthBar/GradientBars/T5/gb_over_T5.uexp" 252
"D:/UE4Project/ARPGDemo/Content/ARPGDemo/Assets/Texture/UMG/HealthBar/GradientBars/T4/T4_gb_overlay.uasset" 253
"D:/UE4Project/ARPGDemo/Content/ARPGDemo/Assets/Texture/UMG/HealthBar/GradientBars/T4/T4_gb_overlay.uexp" 254
"D:/UE4Project/ARPGDemo/Content/ARPGDemo/Assets/Texture/UMG/HealthBar/GradientBars/T4/T4_gb_normal.uasset" 255
"D:/UE4Project/ARPGDemo/Content/ARPGDemo/Assets/Texture/UMG/HealthBar/GradientBars/T4/T4_gb_normal.uexp" 256
"D:/UE4Project/ARPGDemo/Content/ARPGDemo/Assets/Texture/UMG/HealthBar/GradientBars/T4/T4_gb_empty.uasset" 257
"D:/UE4Project/ARPGDemo/Content/ARPGDemo/Assets/Texture/UMG/HealthBar/GradientBars/T4/T4_gb_empty.uexp" 258
"../../../Engine/Content/EngineMaterials/BlendFunc_DefBlend.uasset" 259
"../../../Engine/Content/EngineMaterials/BlendFunc_DefBlend.uexp" 260
"../../../Engine/Content/EngineMaterials/BlendFunc_DefBase.uasset" 261
"../../../Engine/Content/EngineMaterials/BlendFunc_DefBase.uexp" 262
"../../../Engine/Content/Functions/Engine_MaterialFunctions01/Gradient/LinearGradient.uasset" 263
"../../../Engine/Content/Functions/Engine_MaterialFunctions01/Gradient/LinearGradient.uexp" 264
"D:/UE4Project/ARPGDemo/Content/ARPGDemo/Assets/Material/UMG/HealthBar/MF_Horizontal_Fill.uasset" 265
"D:/UE4Project/ARPGDemo/Content/ARPGDemo/Assets/Material/UMG/HealthBar/MF_Horizontal_Fill.uexp" 266
"../../../Engine/Content/Functions/Engine_MaterialFunctions03/Blends/Blend_Overlay.uasset" 267
"../../../Engine/Content/Functions/Engine_MaterialFunctions03/Blends/Blend_Overlay.uexp" 268
"D:/UE4Project/ARPGDemo/Content/ARPGDemo/Assets/Material/UMG/HealthBar/GB_Fill_T4.uasset" 269
"D:/UE4Project/ARPGDemo/Content/ARPGDemo/Assets/Material/UMG/HealthBar/GB_Fill_T4.uexp" 270
"D:/UE4Project/ARPGDemo/Content/ARPGDemo/Assets/Material/UMG/HealthBar/GB_Fill_T6.uasset" 271
"D:/UE4Project/ARPGDemo/Content/ARPGDemo/Assets/Material/UMG/HealthBar/GB_Fill_T6.uexp" 272
"D:/UE4Project/ARPGDemo/Content/ARPGDemo/Assets/Font/WenYue-JuJiuWuTi-J-2.uasset" 273
"D:/UE4Project/ARPGDemo/Content/ARPGDemo/Assets/Font/WenYue-JuJiuWuTi-J-2.uexp" 274
"D:/UE4Project/ARPGDemo/Content/ARPGDemo/Assets/Font/WenYue-JuJiuWuTi-J-2.ufont" 275
"D:/UE4Project/ARPGDemo/Content/ARPGDemo/Blueprints/UMG/Gamming/Windows/HUD/WBP_HUDHealthBar.uasset" 276
"D:/UE4Project/ARPGDemo/Content/ARPGDemo/Blueprints/UMG/Gamming/Windows/HUD/WBP_HUDHealthBar.uexp" 277
"D:/UE4Project/ARPGDemo/Content/ARPGDemo/Assets/Texture/UMG/Avatar/M_Avatar.uasset" 278
"D:/UE4Project/ARPGDemo/Content/ARPGDemo/Assets/Texture/UMG/Avatar/M_Avatar.uexp" 279
"D:/UE4Project/ARPGDemo/Content/ARPGDemo/Blueprints/GamePlay/Gamming/PlayerState/BP_PlayerState.uasset" 280
"D:/UE4Project/ARPGDemo/Content/ARPGDemo/Blueprints/GamePlay/Gamming/PlayerState/BP_PlayerState.uexp" 281
"D:/UE4Project/ARPGDemo/Content/ARPGDemo/Blueprints/UMG/Gamming/Windows/HUD/WBP_HUDAvatarFrame.uasset" 282
"D:/UE4Project/ARPGDemo/Content/ARPGDemo/Blueprints/UMG/Gamming/Windows/HUD/WBP_HUDAvatarFrame.uexp" 283
"D:/UE4Project/ARPGDemo/Content/ARPGDemo/Assets/Texture/UMG/T_Aim.uasset" 284
"D:/UE4Project/ARPGDemo/Content/ARPGDemo/Assets/Texture/UMG/T_Aim.uexp" 285
"D:/UE4Project/ARPGDemo/Content/ARPGDemo/Blueprints/UMG/Gamming/Windows/HUD/WBP_HUDAim.uasset" 286
"D:/UE4Project/ARPGDemo/Content/ARPGDemo/Blueprints/UMG/Gamming/Windows/HUD/WBP_HUDAim.uexp" 287
"D:/UE4Project/ARPGDemo/Content/ARPGDemo/Blueprints/UMG/Gamming/Windows/MainWindow/WBP_HUDMainWindow.uasset" 288
"D:/UE4Project/ARPGDemo/Content/ARPGDemo/Blueprints/UMG/Gamming/Windows/MainWindow/WBP_HUDMainWindow.uexp" 289
"D:/UE4Project/ARPGDemo/Content/HUDandGUIMedievalArtBundle/Textures/WINDOWS/RIBBONS/FlatRibbonBlue.uasset" 290
"D:/UE4Project/ARPGDemo/Content/HUDandGUIMedievalArtBundle/Textures/WINDOWS/RIBBONS/FlatRibbonBlue.uexp" 291
"D:/UE4Project/ARPGDemo/Content/HUDandGUIMedievalArtBundle/Textures/WINDOWS/BACKGROUNDS/BLUE/Window04Blue.uasset" 292
"D:/UE4Project/ARPGDemo/Content/HUDandGUIMedievalArtBundle/Textures/WINDOWS/BACKGROUNDS/BLUE/Window04Blue.uexp" 293
"D:/UE4Project/ARPGDemo/Content/HUDandGUIMedievalArtBundle/Textures/WINDOWS/BACKGROUNDS/BLUE/Window06Blue.uasset" 294
"D:/UE4Project/ARPGDemo/Content/HUDandGUIMedievalArtBundle/Textures/WINDOWS/BACKGROUNDS/BLUE/Window06Blue.uexp" 295
"D:/UE4Project/ARPGDemo/Content/HUDandGUIMedievalArtBundle/Textures/HEALTH/LifeBarBlue.uasset" 296
"D:/UE4Project/ARPGDemo/Content/HUDandGUIMedievalArtBundle/Textures/HEALTH/LifeBarBlue.uexp" 297
"D:/UE4Project/ARPGDemo/Content/GoodUIIconTrail/Textures/BaseShapeAlpha/T_Construction_Box.uasset" 298
"D:/UE4Project/ARPGDemo/Content/GoodUIIconTrail/Textures/BaseShapeAlpha/T_Construction_Box.uexp" 299
"D:/UE4Project/ARPGDemo/Content/GoodUIIconTrail/Materials/Instance/MI_GoodUIIconTrail_Construction.uasset" 300
"D:/UE4Project/ARPGDemo/Content/GoodUIIconTrail/Materials/Instance/MI_GoodUIIconTrail_Construction.uexp" 301
"D:/UE4Project/ARPGDemo/Content/ARPGDemo/Blueprints/UMG/Gamming/Windows/FixedWindow/Skill/WBP_QuickReleaseContainer.uasset" 302
"D:/UE4Project/ARPGDemo/Content/ARPGDemo/Blueprints/UMG/Gamming/Windows/FixedWindow/Skill/WBP_QuickReleaseContainer.uexp" 303
"D:/UE4Project/ARPGDemo/Content/ARPGDemo/Blueprints/UMG/Gamming/Windows/FixedWindow/Skill/SkillBar/WBP_SkillBar.uasset" 304
"D:/UE4Project/ARPGDemo/Content/ARPGDemo/Blueprints/UMG/Gamming/Windows/FixedWindow/Skill/SkillBar/WBP_SkillBar.uexp" 305
"D:/UE4Project/ARPGDemo/Content/ARPGDemo/Blueprints/UMG/Gamming/Windows/MainWindow/WBP_MainWindow.uasset" 306
"D:/UE4Project/ARPGDemo/Content/ARPGDemo/Blueprints/UMG/Gamming/Windows/MainWindow/WBP_MainWindow.uexp" 307
"D:/UE4Project/ARPGDemo/Content/HUDandGUIMedievalArtBundle/Textures/WINDOWS/BACKGROUNDS/GOLD/Window01Gold.uasset" 308
"D:/UE4Project/ARPGDemo/Content/HUDandGUIMedievalArtBundle/Textures/WINDOWS/BACKGROUNDS/GOLD/Window01Gold.uexp" 309
"D:/UE4Project/ARPGDemo/Content/ARPGDemo/Blueprints/UMG/Gamming/Widgets/Menu/WBP_InputSetting.uasset" 310
"D:/UE4Project/ARPGDemo/Content/ARPGDemo/Blueprints/UMG/Gamming/Widgets/Menu/WBP_InputSetting.uexp" 311
"D:/UE4Project/ARPGDemo/Content/ARPGDemo/Blueprints/UMG/Gamming/Windows/Menu/WBP_Setting.uasset" 312
"D:/UE4Project/ARPGDemo/Content/ARPGDemo/Blueprints/UMG/Gamming/Windows/Menu/WBP_Setting.uexp" 313
"D:/UE4Project/ARPGDemo/Content/ARPGDemo/Blueprints/UMG/Gamming/Windows/HUD/BP_HUD.uasset" 314
"D:/UE4Project/ARPGDemo/Content/ARPGDemo/Blueprints/UMG/Gamming/Windows/HUD/BP_HUD.uexp" 315
"D:/UE4Project/ARPGDemo/Content/ARPGDemo/Blueprints/GAS/GE/GE_LevelUp.uasset" 316
"D:/UE4Project/ARPGDemo/Content/ARPGDemo/Blueprints/GAS/GE/GE_LevelUp.uexp" 317
"D:/UE4Project/ARPGDemo/Content/ARPGDemo/Blueprints/GamePlay/Gamming/PlayerController/BP_PlayerController.uasset" 318
"D:/UE4Project/ARPGDemo/Content/ARPGDemo/Blueprints/GamePlay/Gamming/PlayerController/BP_PlayerController.uexp" 319
"D:/UE4Project/ARPGDemo/Content/ARPGDemo/Blueprints/GamePlay/Gamming/BP_GameMode.uasset" 320
"D:/UE4Project/ARPGDemo/Content/ARPGDemo/Blueprints/GamePlay/Gamming/BP_GameMode.uexp" 321
"D:/UE4Project/ARPGDemo/Content/ARPGDemo/Blueprints/UMG/Gamming/Windows/Menu/WBP_MainMenu.uasset" 322
"D:/UE4Project/ARPGDemo/Content/ARPGDemo/Blueprints/UMG/Gamming/Windows/Menu/WBP_MainMenu.uexp" 323
"D:/UE4Project/ARPGDemo/Content/HUDandGUIMedievalArtBundle/SFX/Wavs/GenericButtonBack.uasset" 324
"D:/UE4Project/ARPGDemo/Content/HUDandGUIMedievalArtBundle/SFX/Wavs/GenericButtonBack.uexp" 325
"D:/UE4Project/ARPGDemo/Content/HUDandGUIMedievalArtBundle/SFX/Wavs/GenericButtonSelect.uasset" 326
"D:/UE4Project/ARPGDemo/Content/HUDandGUIMedievalArtBundle/SFX/Wavs/GenericButtonSelect.uexp" 327
"../../../Engine/Content/EngineMaterials/T_Default_Material_Grid_N.uasset" 328
"../../../Engine/Content/EngineMaterials/T_Default_Material_Grid_N.uexp" 329
"../../../Engine/Content/EngineMaterials/T_Default_Material_Grid_M.uasset" 330
"../../../Engine/Content/EngineMaterials/T_Default_Material_Grid_M.uexp" 331
"../../../Engine/Content/Functions/Engine_MaterialFunctions01/Opacity/CameraDepthFade.uasset" 332
"../../../Engine/Content/Functions/Engine_MaterialFunctions01/Opacity/CameraDepthFade.uexp" 333
"../../../Engine/Content/EngineMaterials/WorldGridMaterial.uasset" 334
"../../../Engine/Content/EngineMaterials/WorldGridMaterial.uexp" 335
"../../../Engine/Content/ArtTools/RenderToTexture/Meshes/S_1_Unit_Plane.uasset" 336
"../../../Engine/Content/ArtTools/RenderToTexture/Meshes/S_1_Unit_Plane.uexp" 337
"../../../Engine/Content/EngineMaterials/DefaultMaterial.uasset" 338
"../../../Engine/Content/EngineMaterials/DefaultMaterial.uexp" 339
"../../../Engine/Content/BasicShapes/Cone.uasset" 340
"../../../Engine/Content/BasicShapes/Cone.uexp" 341
"../../../Engine/Content/BasicShapes/Cube.uasset" 342
"../../../Engine/Content/BasicShapes/Cube.uexp" 343
"../../../Engine/Content/BasicShapes/Plane.uasset" 344
"../../../Engine/Content/BasicShapes/Plane.uexp" 345
"../../../Engine/Content/BasicShapes/Sphere.uasset" 346
"../../../Engine/Content/BasicShapes/Sphere.uexp" 347
"../../../Engine/Content/EditorLandscapeResources/DataLayer.uasset" 348
"../../../Engine/Content/EditorLandscapeResources/DataLayer.uexp" 349
"../../../Engine/Content/EditorLandscapeResources/DefaultAlphaTexture.uasset" 350
"../../../Engine/Content/EditorLandscapeResources/DefaultAlphaTexture.uexp" 351
"../../../Engine/Content/EditorMaterials/MAT_Groups_Toggle.uasset" 352
"../../../Engine/Content/EditorMaterials/MAT_Groups_Toggle.uexp" 353
"../../../Engine/Content/EditorMaterials/MAT_Groups_Visibility.uasset" 354
"../../../Engine/Content/EditorMaterials/MAT_Groups_Visibility.uexp" 355
"../../../Engine/Content/EditorMaterials/PreviewShadowIndicator.uasset" 356
"../../../Engine/Content/EditorMaterials/PreviewShadowIndicator.uexp" 357
"../../../Engine/Content/EditorMaterials/PreviewShadowIndicatorMaterial.uasset" 358
"../../../Engine/Content/EditorMaterials/PreviewShadowIndicatorMaterial.uexp" 359
"../../../Engine/Content/EditorMaterials/MatineeGroups/MAT_ColorTrack.uasset" 360
"../../../Engine/Content/EditorMaterials/MatineeGroups/MAT_ColorTrack.uexp" 361
"../../../Engine/Content/EditorMaterials/MatineeGroups/MAT_Groups_Anim.uasset" 362
"../../../Engine/Content/EditorMaterials/MatineeGroups/MAT_Groups_Anim.uexp" 363
"../../../Engine/Content/EditorMaterials/MatineeGroups/MAT_Groups_AudioMaster.uasset" 364
"../../../Engine/Content/EditorMaterials/MatineeGroups/MAT_Groups_AudioMaster.uexp" 365
"../../../Engine/Content/EditorMaterials/MatineeGroups/MAT_Groups_Director.uasset" 366
"../../../Engine/Content/EditorMaterials/MatineeGroups/MAT_Groups_Director.uexp" 367
"../../../Engine/Content/EditorMaterials/MatineeGroups/MAT_Groups_Event.uasset" 368
"../../../Engine/Content/EditorMaterials/MatineeGroups/MAT_Groups_Event.uexp" 369
"../../../Engine/Content/EditorMaterials/MatineeGroups/MAT_Groups_Fade.uasset" 370
"../../../Engine/Content/EditorMaterials/MatineeGroups/MAT_Groups_Fade.uexp" 371
"../../../Engine/Content/EditorMaterials/MatineeGroups/MAT_Groups_Float.uasset" 372
"../../../Engine/Content/EditorMaterials/MatineeGroups/MAT_Groups_Float.uexp" 373
"../../../Engine/Content/EditorMaterials/MatineeGroups/MAT_Groups_Move.uasset" 374
"../../../Engine/Content/EditorMaterials/MatineeGroups/MAT_Groups_Move.uexp" 375
"../../../Engine/Content/EditorMaterials/MatineeGroups/MAT_Groups_Slomo.uasset" 376
"../../../Engine/Content/EditorMaterials/MatineeGroups/MAT_Groups_Slomo.uexp" 377
"../../../Engine/Content/EditorMaterials/MatineeGroups/MAT_Groups_Sound.uasset" 378
"../../../Engine/Content/EditorMaterials/MatineeGroups/MAT_Groups_Sound.uexp" 379
"../../../Engine/Content/EditorMaterials/MatineeGroups/MAT_Groups_Vector.uasset" 380
"../../../Engine/Content/EditorMaterials/MatineeGroups/MAT_Groups_Vector.uexp" 381
"../../../Engine/Content/EditorMaterials/ParticleSystems/PSysThumbnail_NoImage.uasset" 382
"../../../Engine/Content/EditorMaterials/ParticleSystems/PSysThumbnail_NoImage.uexp" 383
"../../../Engine/Content/EditorMaterials/ParticleSystems/PSysThumbnail_OOD.uasset" 384
"../../../Engine/Content/EditorMaterials/ParticleSystems/PSysThumbnail_OOD.uexp" 385
"../../../Engine/Content/EditorMaterials/Camera/CineMat.uasset" 386
"../../../Engine/Content/EditorMaterials/Camera/CineMat.uexp" 387
"../../../Engine/Content/EditorMaterials/Camera/MI_CineMat_Rig.uasset" 388
"../../../Engine/Content/EditorMaterials/Camera/MI_CineMat_Rig.uexp" 389
"../../../Engine/Content/EditorMeshes/Camera/SM_CraneRig_Arm.uasset" 390
"../../../Engine/Content/EditorMeshes/Camera/SM_CraneRig_Arm.uexp" 391
"../../../Engine/Content/EditorMeshes/Camera/SM_CraneRig_Base.uasset" 392
"../../../Engine/Content/EditorMeshes/Camera/SM_CraneRig_Base.uexp" 393
"../../../Engine/Content/EditorMeshes/Camera/SM_CraneRig_Body.uasset" 394
"../../../Engine/Content/EditorMeshes/Camera/SM_CraneRig_Body.uexp" 395
"../../../Engine/Content/EditorMeshes/Camera/SM_CraneRig_Mount.uasset" 396
"../../../Engine/Content/EditorMeshes/Camera/SM_CraneRig_Mount.uexp" 397
"../../../Engine/Content/EditorMeshes/Camera/SM_RailRig_Mount.uasset" 398
"../../../Engine/Content/EditorMeshes/Camera/SM_RailRig_Mount.uexp" 399
"../../../Engine/Content/EditorMeshes/Camera/SM_RailRig_Track.uasset" 400
"../../../Engine/Content/EditorMeshes/Camera/SM_RailRig_Track.uexp" 401
"../../../Engine/Content/EditorResources/BSPVertex.uasset" 402
"../../../Engine/Content/EditorResources/BSPVertex.uexp" 403
"../../../Engine/Content/EditorResources/EmptyActor.uasset" 404
"../../../Engine/Content/EditorResources/EmptyActor.uexp" 405
"../../../Engine/Content/EditorResources/S_Actor.uasset" 406
"../../../Engine/Content/EditorResources/S_Actor.uexp" 407
"../../../Engine/Content/EditorResources/S_Note.uasset" 408
"../../../Engine/Content/EditorResources/S_Note.uexp" 409
"../../../Engine/Content/EditorResources/S_Solver.uasset" 410
"../../../Engine/Content/EditorResources/S_Solver.uexp" 411
"../../../Engine/Content/EditorResources/S_Terrain.uasset" 412
"../../../Engine/Content/EditorResources/S_Terrain.uexp" 413
"../../../Engine/Content/EditorResources/S_Trigger.uasset" 414
"../../../Engine/Content/EditorResources/S_Trigger.uexp" 415
"../../../Engine/Content/EditorResources/LightIcons/S_LightError.uasset" 416
"../../../Engine/Content/EditorResources/LightIcons/S_LightError.uexp" 417
"../../../Engine/Content/EditorResources/SequenceRecorder/Countdown.uasset" 418
"../../../Engine/Content/EditorResources/SequenceRecorder/Countdown.uexp" 419
"../../../Engine/Content/EditorResources/SequenceRecorder/RecordingIndicator.uasset" 420
"../../../Engine/Content/EditorResources/SequenceRecorder/RecordingIndicator.uexp" 421
"../../../Engine/Content/EngineDamageTypes/DmgTypeBP_Environmental.uasset" 422
"../../../Engine/Content/EngineDamageTypes/DmgTypeBP_Environmental.uexp" 423
"../../../Engine/Content/EngineDebugMaterials/DebugEditorMaterial.uasset" 424
"../../../Engine/Content/EngineDebugMaterials/DebugEditorMaterial.uexp" 425
"../../../Engine/Content/EngineDebugMaterials/DebugMeshMaterial.uasset" 426
"../../../Engine/Content/EngineDebugMaterials/DebugMeshMaterial.uexp" 427
"../../../Engine/Content/EngineDebugMaterials/M_SimpleUnlitTranslucent.uasset" 428
"../../../Engine/Content/EngineDebugMaterials/M_SimpleUnlitTranslucent.uexp" 429
"../../../Engine/Content/EngineDebugMaterials/VolumeToRender.uasset" 430
"../../../Engine/Content/EngineDebugMaterials/VolumeToRender.uexp" 431
"../../../Engine/Content/Functions/Engine_MaterialFunctions02/Utility/CameraDirectionVector.uasset" 432
"../../../Engine/Content/Functions/Engine_MaterialFunctions02/Utility/CameraDirectionVector.uexp" 433
"../../../Engine/Content/EngineDebugMaterials/M_VolumeRenderSphereTracePP.uasset" 434
"../../../Engine/Content/EngineDebugMaterials/M_VolumeRenderSphereTracePP.uexp" 435
"../../../Engine/Content/Functions/Engine_MaterialFunctions01/Shading/ConvertFromDiffSpec.uasset" 436
"../../../Engine/Content/Functions/Engine_MaterialFunctions01/Shading/ConvertFromDiffSpec.uexp" 437
"../../../Engine/Content/EngineDebugMaterials/VertexColorMaterial.uasset" 438
"../../../Engine/Content/EngineDebugMaterials/VertexColorMaterial.uexp" 439
"../../../Engine/Content/EngineDebugMaterials/WireframeMaterial.uasset" 440
"../../../Engine/Content/EngineDebugMaterials/WireframeMaterial.uexp" 441
"../../../Engine/Content/EngineFonts/Faces/RobotoRegular.uasset" 442
"../../../Engine/Content/EngineFonts/Faces/RobotoRegular.uexp" 443
"../../../Engine/Content/EngineFonts/Faces/RobotoRegular.ufont" 444
"../../../Engine/Content/EngineFonts/Faces/RobotoLight.uasset" 445
"../../../Engine/Content/EngineFonts/Faces/RobotoLight.uexp" 446
"../../../Engine/Content/EngineFonts/Faces/RobotoLight.ufont" 447
"../../../Engine/Content/EngineFonts/Faces/RobotoItalic.uasset" 448
"../../../Engine/Content/EngineFonts/Faces/RobotoItalic.uexp" 449
"../../../Engine/Content/EngineFonts/Faces/RobotoItalic.ufont" 450
"../../../Engine/Content/EngineFonts/Faces/RobotoBoldItalic.uasset" 451
"../../../Engine/Content/EngineFonts/Faces/RobotoBoldItalic.uexp" 452
"../../../Engine/Content/EngineFonts/Faces/RobotoBoldItalic.ufont" 453
"../../../Engine/Content/EngineFonts/Faces/RobotoBold.uasset" 454
"../../../Engine/Content/EngineFonts/Faces/RobotoBold.uexp" 455
"../../../Engine/Content/EngineFonts/Faces/RobotoBold.ufont" 456
"../../../Engine/Content/EngineFonts/Faces/DroidSansFallback.uasset" 457
"../../../Engine/Content/EngineFonts/Faces/DroidSansFallback.uexp" 458
"../../../Engine/Content/EngineFonts/Faces/DroidSansFallback.ufont" 459
"../../../Engine/Content/EngineMaterials/BaseFlattenNormalMap.uasset" 460
"../../../Engine/Content/EngineMaterials/BaseFlattenNormalMap.uexp" 461
"../../../Engine/Content/EngineMaterials/BaseFlattenGrayscaleMap.uasset" 462
"../../../Engine/Content/EngineMaterials/BaseFlattenGrayscaleMap.uexp" 463
"../../../Engine/Content/EngineMaterials/BaseFlattenEmissiveMap.uasset" 464
"../../../Engine/Content/EngineMaterials/BaseFlattenEmissiveMap.uexp" 465
"../../../Engine/Content/EngineMaterials/BaseFlattenDiffuseMap.uasset" 466
"../../../Engine/Content/EngineMaterials/BaseFlattenDiffuseMap.uexp" 467
"../../../Engine/Content/EngineMaterials/BaseFlattenMaterial.uasset" 468
"../../../Engine/Content/EngineMaterials/BaseFlattenMaterial.uexp" 469
"../../../Engine/Content/EngineMaterials/BlueNoise.uasset" 470
"../../../Engine/Content/EngineMaterials/BlueNoise.uexp" 471
"../../../Engine/Content/EngineMaterials/DefaultBloomKernel.uasset" 472
"../../../Engine/Content/EngineMaterials/DefaultBloomKernel.uexp" 473
"../../../Engine/Content/EngineMaterials/DefaultBokeh.uasset" 474
"../../../Engine/Content/EngineMaterials/DefaultBokeh.uexp" 475
"../../../Engine/Content/EngineMaterials/DefaultDiffuse.uasset" 476
"../../../Engine/Content/EngineMaterials/DefaultDiffuse.uexp" 477
"../../../Engine/Content/EngineMaterials/DefaultDeferredDecalMaterial.uasset" 478
"../../../Engine/Content/EngineMaterials/DefaultDeferredDecalMaterial.uexp" 479
"../../../Engine/Content/EngineMaterials/DefaultLightFunctionMaterial.uasset" 480
"../../../Engine/Content/EngineMaterials/DefaultLightFunctionMaterial.uexp" 481
"../../../Engine/Content/EngineMaterials/DefaultPhysicalMaterial.uasset" 482
"../../../Engine/Content/EngineMaterials/DefaultPhysicalMaterial.uexp" 483
"../../../Engine/Content/Functions/Engine_MaterialFunctions02/Utility/BreakOutFloat2Components.uasset" 484
"../../../Engine/Content/Functions/Engine_MaterialFunctions02/Utility/BreakOutFloat2Components.uexp" 485
"../../../Engine/Content/EngineMaterials/DefaultPostProcessMaterial.uasset" 486
"../../../Engine/Content/EngineMaterials/DefaultPostProcessMaterial.uexp" 487
"../../../Engine/Content/EngineMaterials/DefaultTextMaterialOpaque.uasset" 488
"../../../Engine/Content/EngineMaterials/DefaultTextMaterialOpaque.uexp" 489
"../../../Engine/Content/EngineMaterials/DefaultWhiteGrid.uasset" 490
"../../../Engine/Content/EngineMaterials/DefaultWhiteGrid.uexp" 491
"../../../Engine/Content/EngineMaterials/DefaultWhiteGrid_Low.uasset" 492
"../../../Engine/Content/EngineMaterials/DefaultWhiteGrid_Low.uexp" 493
"../../../Engine/Content/EngineMaterials/EmissiveMeshMaterial.uasset" 494
"../../../Engine/Content/EngineMaterials/EmissiveMeshMaterial.uexp" 495
"../../../Engine/Content/EngineMaterials/GizmoMaterial.uasset" 496
"../../../Engine/Content/EngineMaterials/GizmoMaterial.uexp" 497
"../../../Engine/Content/EngineMaterials/Good64x64TilingNoiseHighFreq.uasset" 498
"../../../Engine/Content/EngineMaterials/Good64x64TilingNoiseHighFreq.uexp" 499
"../../../Engine/Content/EngineMaterials/MiniFont.uasset" 500
"../../../Engine/Content/EngineMaterials/MiniFont.uexp" 501
"../../../Engine/Content/EngineMaterials/InvalidLightmapSettings.uasset" 502
"../../../Engine/Content/EngineMaterials/InvalidLightmapSettings.uexp" 503
"../../../Engine/Content/EngineMaterials/M_InvalidLightmapSettings.uasset" 504
"../../../Engine/Content/EngineMaterials/M_InvalidLightmapSettings.uexp" 505
"../../../Engine/Content/Functions/Engine_MaterialFunctions02/WorldPositionOffset/CameraOffset.uasset" 506
"../../../Engine/Content/Functions/Engine_MaterialFunctions02/WorldPositionOffset/CameraOffset.uexp" 507
"../../../Engine/Content/EngineMaterials/PhAT_JointLimitMaterial.uasset" 508
"../../../Engine/Content/EngineMaterials/PhAT_JointLimitMaterial.uexp" 509
"../../../Engine/Content/EngineMaterials/DefaultCalibrationColor.uasset" 510
"../../../Engine/Content/EngineMaterials/DefaultCalibrationColor.uexp" 511
"../../../Engine/Content/EngineMaterials/PPM_DefaultCalibrationColor.uasset" 512
"../../../Engine/Content/EngineMaterials/PPM_DefaultCalibrationColor.uexp" 513
"../../../Engine/Content/EngineMaterials/DefaultCalibrationGrayscale.uasset" 514
"../../../Engine/Content/EngineMaterials/DefaultCalibrationGrayscale.uexp" 515
"../../../Engine/Content/EngineMaterials/PPM_DefaultCalibrationGrayscale.uasset" 516
"../../../Engine/Content/EngineMaterials/PPM_DefaultCalibrationGrayscale.uexp" 517
"../../../Engine/Content/EngineMaterials/PreintegratedSkinBRDF.uasset" 518
"../../../Engine/Content/EngineMaterials/PreintegratedSkinBRDF.uexp" 519
"../../../Engine/Content/EngineMaterials/RemoveSurfaceMaterial.uasset" 520
"../../../Engine/Content/EngineMaterials/RemoveSurfaceMaterial.uexp" 521
"../../../Engine/Content/EngineMaterials/WeightMapPlaceholderTexture.uasset" 522
"../../../Engine/Content/EngineMaterials/WeightMapPlaceholderTexture.uexp" 523
"../../../Engine/Content/EngineResources/WhiteSquareTexture.uasset" 524
"../../../Engine/Content/EngineResources/WhiteSquareTexture.uexp" 525
"../../../Engine/Content/EngineMaterials/Widget3DPassThrough.uasset" 526
"../../../Engine/Content/EngineMaterials/Widget3DPassThrough.uexp" 527
"../../../Engine/Content/EngineMaterials/Widget3DPassThrough_Masked.uasset" 528
"../../../Engine/Content/EngineMaterials/Widget3DPassThrough_Masked.uexp" 529
"../../../Engine/Content/EngineMaterials/Widget3DPassThrough_Opaque.uasset" 530
"../../../Engine/Content/EngineMaterials/Widget3DPassThrough_Opaque.uexp" 531
"../../../Engine/Content/EngineMaterials/Widget3DPassThrough_Masked_OneSided.uasset" 532
"../../../Engine/Content/EngineMaterials/Widget3DPassThrough_Masked_OneSided.uexp" 533
"../../../Engine/Content/EngineMaterials/Widget3DPassThrough_Opaque_OneSided.uasset" 534
"../../../Engine/Content/EngineMaterials/Widget3DPassThrough_Opaque_OneSided.uexp" 535
"../../../Engine/Content/EngineMaterials/Widget3DPassThrough_Translucent.uasset" 536
"../../../Engine/Content/EngineMaterials/Widget3DPassThrough_Translucent.uexp" 537
"../../../Engine/Content/EngineMaterials/Widget3DPassThrough_Translucent_OneSided.uasset" 538
"../../../Engine/Content/EngineMaterials/Widget3DPassThrough_Translucent_OneSided.uexp" 539
"../../../Engine/Content/EngineMeshes/Cylinder.uasset" 540
"../../../Engine/Content/EngineMeshes/Cylinder.uexp" 541
"../../../Engine/Content/EngineMeshes/Sphere.uasset" 542
"../../../Engine/Content/EngineMeshes/Sphere.uexp" 543
"../../../Engine/Content/EngineResources/DefaultTexture.uasset" 544
"../../../Engine/Content/EngineResources/DefaultTexture.uexp" 545
"../../../Engine/Content/EngineResources/DefaultTextureCube.uasset" 546
"../../../Engine/Content/EngineResources/DefaultTextureCube.uexp" 547
"../../../Engine/Content/EngineResources/DefaultVolumeTexture2D.uasset" 548
"../../../Engine/Content/EngineResources/DefaultVolumeTexture2D.uexp" 549
"../../../Engine/Content/EngineResources/DefaultVolumeTexture.uasset" 550
"../../../Engine/Content/EngineResources/DefaultVolumeTexture.uexp" 551
"../../../Engine/Content/EngineResources/GradientTexture0.uasset" 552
"../../../Engine/Content/EngineResources/GradientTexture0.uexp" 553
"../../../Engine/Content/EngineSky/VolumetricClouds/T_NoiseShape64.uasset" 554
"../../../Engine/Content/EngineSky/VolumetricClouds/T_NoiseShape64.uexp" 555
"../../../Engine/Content/EngineSky/VolumetricClouds/T_VolumeNoiseShape64.uasset" 556
"../../../Engine/Content/EngineSky/VolumetricClouds/T_VolumeNoiseShape64.uexp" 557
"../../../Engine/Content/EngineSky/VolumetricClouds/T_NoiseErosion.uasset" 558
"../../../Engine/Content/EngineSky/VolumetricClouds/T_NoiseErosion.uexp" 559
"../../../Engine/Content/EngineSky/VolumetricClouds/T_VolumeNoiseErosion32.uasset" 560
"../../../Engine/Content/EngineSky/VolumetricClouds/T_VolumeNoiseErosion32.uexp" 561
"../../../Engine/Content/Functions/Engine_MaterialFunctions02/Utility/MakeFloat2.uasset" 562
"../../../Engine/Content/Functions/Engine_MaterialFunctions02/Utility/MakeFloat2.uexp" 563
"../../../Engine/Content/EngineSky/VolumetricClouds/CloudWeatherTexture.uasset" 564
"../../../Engine/Content/EngineSky/VolumetricClouds/CloudWeatherTexture.uexp" 565
"../../../Engine/Content/EngineSky/VolumetricClouds/CloudGradientTexture.uasset" 566
"../../../Engine/Content/EngineSky/VolumetricClouds/CloudGradientTexture.uexp" 567
"../../../Engine/Content/EngineSky/VolumetricClouds/m_SimpleVolumetricCloud.uasset" 568
"../../../Engine/Content/EngineSky/VolumetricClouds/m_SimpleVolumetricCloud.uexp" 569
"../../../Engine/Content/EngineSky/VolumetricClouds/m_SimpleVolumetricCloud_Inst.uasset" 570
"../../../Engine/Content/EngineSky/VolumetricClouds/m_SimpleVolumetricCloud_Inst.uexp" 571
"../../../Engine/Content/EngineSounds/Master.uasset" 572
"../../../Engine/Content/EngineSounds/Master.uexp" 573
"../../../Engine/Content/Functions/Engine_MaterialFunctions01/Shading/PowerToRoughness.uasset" 574
"../../../Engine/Content/Functions/Engine_MaterialFunctions01/Shading/PowerToRoughness.uexp" 575
"../../../Engine/Content/Maps/Templates/Thumbnails/Default.uasset" 576
"../../../Engine/Content/Maps/Templates/Thumbnails/Default.uexp" 577
"../../../Engine/Content/Maps/Templates/Thumbnails/TimeOfDay.uasset" 578
"../../../Engine/Content/Maps/Templates/Thumbnails/TimeOfDay.uexp" 579
"../../../Engine/Content/Maps/Templates/Thumbnails/VR-Basic.uasset" 580
"../../../Engine/Content/Maps/Templates/Thumbnails/VR-Basic.uexp" 581
"../../../Engine/Content/MobileResources/T_MobileControls_texture.uasset" 582
"../../../Engine/Content/MobileResources/T_MobileControls_texture.uexp" 583
"../../../Engine/Content/MobileResources/T_MobileMenu2.uasset" 584
"../../../Engine/Content/MobileResources/T_MobileMenu2.uexp" 585
"../../../Engine/Content/MobileResources/HUD/AnalogHat.uasset" 586
"../../../Engine/Content/MobileResources/HUD/AnalogHat.uexp" 587
"../../../Engine/Content/MobileResources/HUD/VirtualJoystick_Thumb.uasset" 588
"../../../Engine/Content/MobileResources/HUD/VirtualJoystick_Thumb.uexp" 589
"../../../Engine/Content/MobileResources/HUD/VirtualJoystick_Background.uasset" 590
"../../../Engine/Content/MobileResources/HUD/VirtualJoystick_Background.uexp" 591
"../../../Engine/Content/MobileResources/HUD/DefaultVirtualJoysticks.uasset" 592
"../../../Engine/Content/MobileResources/HUD/DefaultVirtualJoysticks.uexp" 593
"../../../Engine/Content/MobileResources/HUD/LeftVirtualJoystickOnly.uasset" 594
"../../../Engine/Content/MobileResources/HUD/LeftVirtualJoystickOnly.uexp" 595
"../../../Engine/Content/MobileResources/HUD/MobileHUDButton1_off.uasset" 596
"../../../Engine/Content/MobileResources/HUD/MobileHUDButton1_off.uexp" 597
"../../../Engine/Content/MobileResources/HUD/MobileHUDButton1_on.uasset" 598
"../../../Engine/Content/MobileResources/HUD/MobileHUDButton1_on.uexp" 599
"../../../Engine/Content/MobileResources/HUD/MobileHUDButton2_off.uasset" 600
"../../../Engine/Content/MobileResources/HUD/MobileHUDButton2_off.uexp" 601
"../../../Engine/Content/MobileResources/HUD/MobileHUDButton2_on.uasset" 602
"../../../Engine/Content/MobileResources/HUD/MobileHUDButton2_on.uexp" 603
"../../../Engine/Content/MobileResources/HUD/MobileHUDButton3.uasset" 604
"../../../Engine/Content/MobileResources/HUD/MobileHUDButton3.uexp" 605
"../../../Engine/Content/MobileResources/HUD/MobileHUDButtonFire.uasset" 606
"../../../Engine/Content/MobileResources/HUD/MobileHUDButtonFire.uexp" 607
"../../../Engine/Content/MobileResources/HUD/MobileHUDDirectionPad.uasset" 608
"../../../Engine/Content/MobileResources/HUD/MobileHUDDirectionPad.uexp" 609
"../../../Engine/Content/MobileResources/HUD/MobileHUDDirectionPad2.uasset" 610
"../../../Engine/Content/MobileResources/HUD/MobileHUDDirectionPad2.uexp" 611
"../../../Engine/Content/MobileResources/HUD/MobileHUDDirectionPad3.uasset" 612
"../../../Engine/Content/MobileResources/HUD/MobileHUDDirectionPad3.uexp" 613
"../../../Engine/Content/MobileResources/HUD/MobileHUDDirectionStick.uasset" 614
"../../../Engine/Content/MobileResources/HUD/MobileHUDDirectionStick.uexp" 615
"../../../Engine/Content/MobileResources/HUD/T_Castle_ThumbstickInner.uasset" 616
"../../../Engine/Content/MobileResources/HUD/T_Castle_ThumbstickInner.uexp" 617
"../../../Engine/Content/MobileResources/HUD/T_Castle_ThumbstickOutter.uasset" 618
"../../../Engine/Content/MobileResources/HUD/T_Castle_ThumbstickOutter.uexp" 619
"../../../Engine/Content/Tutorial/ContentIntroCurve.uasset" 620
"../../../Engine/Content/Tutorial/ContentIntroCurve.uexp" 621
"../../../Engine/Content/VREditor/TransformGizmo/TranslucentTransformGizmoMaterial.uasset" 622
"../../../Engine/Content/VREditor/TransformGizmo/TranslucentTransformGizmoMaterial.uexp" 623
"../../../Engine/Content/VREditor/LaserPointer/VR_LaserPower_01.uasset" 624
"../../../Engine/Content/VREditor/LaserPointer/VR_LaserPower_01.uexp" 625
"../../../Engine/Content/VREditor/TransformGizmo/TransformGizmoMaterial.uasset" 626
"../../../Engine/Content/VREditor/TransformGizmo/TransformGizmoMaterial.uexp" 627
"../../../Engine/Content/VREditor/TransformGizmo/BoundingBoxCorner.uasset" 628
"../../../Engine/Content/VREditor/TransformGizmo/BoundingBoxCorner.uexp" 629
"../../../Engine/Content/VREditor/TransformGizmo/BoundingBoxEdge.uasset" 630
"../../../Engine/Content/VREditor/TransformGizmo/BoundingBoxEdge.uexp" 631
"../../../Engine/Content/VREditor/TransformGizmo/PlaneTranslationHandle.uasset" 632
"../../../Engine/Content/VREditor/TransformGizmo/PlaneTranslationHandle.uexp" 633
"../../../Engine/Content/VREditor/TransformGizmo/Xray.uasset" 634
"../../../Engine/Content/VREditor/TransformGizmo/Xray.uexp" 635
"../../../Engine/Content/VREditor/TransformGizmo/Main.uasset" 636
"../../../Engine/Content/VREditor/TransformGizmo/Main.uexp" 637
"../../../Engine/Content/VREditor/TransformGizmo/SM_Sequencer_Key.uasset" 638
"../../../Engine/Content/VREditor/TransformGizmo/SM_Sequencer_Key.uexp" 639
"../../../Engine/Content/VREditor/TransformGizmo/SM_Sequencer_Node.uasset" 640
"../../../Engine/Content/VREditor/TransformGizmo/SM_Sequencer_Node.uexp" 641
"../../../Engine/Plugins/2D/Paper2D/Content/PlaceholderTextures/DummySpriteTexture.uasset" 642
"../../../Engine/Plugins/2D/Paper2D/Content/PlaceholderTextures/DummySpriteTexture.uexp" 643
"../../../Engine/Plugins/2D/Paper2D/Content/DummySprite.uasset" 644
"../../../Engine/Plugins/2D/Paper2D/Content/DummySprite.uexp" 645
"../../../Engine/Plugins/2D/Paper2D/Content/DefaultPaperTerrainMaterial.uasset" 646
"../../../Engine/Plugins/2D/Paper2D/Content/DefaultPaperTerrainMaterial.uexp" 647
"../../../Engine/Plugins/2D/Paper2D/Content/DefaultSpriteMaterial.uasset" 648
"../../../Engine/Plugins/2D/Paper2D/Content/DefaultSpriteMaterial.uexp" 649
"../../../Engine/Plugins/2D/Paper2D/Content/MaskedUnlitSpriteMaterial.uasset" 650
"../../../Engine/Plugins/2D/Paper2D/Content/MaskedUnlitSpriteMaterial.uexp" 651
"../../../Engine/Plugins/2D/Paper2D/Content/OpaqueUnlitSpriteMaterial.uasset" 652
"../../../Engine/Plugins/2D/Paper2D/Content/OpaqueUnlitSpriteMaterial.uexp" 653
"../../../Engine/Content/BasicShapes/Cylinder.uasset" 654
"../../../Engine/Content/BasicShapes/Cylinder.uexp" 655
"../../../Engine/Content/ArtTools/RenderToTexture/Materials/Debug/M_Emissive_Color.uasset" 656
"../../../Engine/Content/ArtTools/RenderToTexture/Materials/Debug/M_Emissive_Color.uexp" 657
"../../../Engine/Plugins/Lumin/MagicLeapPassableWorld/Content/MagicLeapARPinInfoActor.uasset" 658
"../../../Engine/Plugins/Lumin/MagicLeapPassableWorld/Content/MagicLeapARPinInfoActor.uexp" 659
"../../../Engine/Content/EngineResources/Black.uasset" 660
"../../../Engine/Content/EngineResources/Black.uexp" 661
"../../../Engine/Plugins/Runtime/OpenXR/Content/Devices/GoogleDaydream/MRTexture.uasset" 662
"../../../Engine/Plugins/Runtime/OpenXR/Content/Devices/GoogleDaydream/MRTexture.uexp" 663
"../../../Engine/Plugins/Runtime/OpenXR/Content/Devices/GoogleDaydream/BaseTexture.uasset" 664
"../../../Engine/Plugins/Runtime/OpenXR/Content/Devices/GoogleDaydream/BaseTexture.uexp" 665
"../../../Engine/Plugins/Runtime/OpenXR/Content/Devices/M_XRController.uasset" 666
"../../../Engine/Plugins/Runtime/OpenXR/Content/Devices/M_XRController.uexp" 667
"../../../Engine/Plugins/Runtime/OpenXR/Content/Devices/GoogleDaydream/MI_GoogleDaydream.uasset" 668
"../../../Engine/Plugins/Runtime/OpenXR/Content/Devices/GoogleDaydream/MI_GoogleDaydream.uexp" 669
"../../../Engine/Plugins/Runtime/OpenXR/Content/Devices/GoogleDaydream/GoogleDaydreamController.uasset" 670
"../../../Engine/Plugins/Runtime/OpenXR/Content/Devices/GoogleDaydream/GoogleDaydreamController.uexp" 671
"../../../Engine/Plugins/Runtime/OpenXR/Content/Devices/HTCVive/BaseTexture.uasset" 672
"../../../Engine/Plugins/Runtime/OpenXR/Content/Devices/HTCVive/BaseTexture.uexp" 673
"../../../Engine/Plugins/Runtime/OpenXR/Content/Devices/HTCVive/MI_HTCVive.uasset" 674
"../../../Engine/Plugins/Runtime/OpenXR/Content/Devices/HTCVive/MI_HTCVive.uexp" 675
"../../../Engine/Plugins/Runtime/OpenXR/Content/Devices/HTCVive/HTCViveController.uasset" 676
"../../../Engine/Plugins/Runtime/OpenXR/Content/Devices/HTCVive/HTCViveController.uexp" 677
"../../../Engine/Plugins/Runtime/OpenXR/Content/Devices/MicrosoftMixedReality/NormalTexture.uasset" 678
"../../../Engine/Plugins/Runtime/OpenXR/Content/Devices/MicrosoftMixedReality/NormalTexture.uexp" 679
"../../../Engine/Plugins/Runtime/OpenXR/Content/Devices/MicrosoftMixedReality/MRTexture.uasset" 680
"../../../Engine/Plugins/Runtime/OpenXR/Content/Devices/MicrosoftMixedReality/MRTexture.uexp" 681
"../../../Engine/Plugins/Runtime/OpenXR/Content/Devices/MicrosoftMixedReality/EmissiveTexture.uasset" 682
"../../../Engine/Plugins/Runtime/OpenXR/Content/Devices/MicrosoftMixedReality/EmissiveTexture.uexp" 683
"../../../Engine/Plugins/Runtime/OpenXR/Content/Devices/MicrosoftMixedReality/BaseTexture.uasset" 684
"../../../Engine/Plugins/Runtime/OpenXR/Content/Devices/MicrosoftMixedReality/BaseTexture.uexp" 685
"../../../Engine/Plugins/Runtime/OpenXR/Content/Devices/MicrosoftMixedReality/MI_MicrosoftMixedReality.uasset" 686
"../../../Engine/Plugins/Runtime/OpenXR/Content/Devices/MicrosoftMixedReality/MI_MicrosoftMixedReality.uexp" 687
"../../../Engine/Plugins/Runtime/OpenXR/Content/Devices/MicrosoftMixedReality/Left/left_MicrosoftMixedRealityController.uasset" 688
"../../../Engine/Plugins/Runtime/OpenXR/Content/Devices/MicrosoftMixedReality/Left/left_MicrosoftMixedRealityController.uexp" 689
"../../../Engine/Plugins/Runtime/OpenXR/Content/Devices/MicrosoftMixedReality/Right/right_MicrosoftMixedRealityController.uasset" 690
"../../../Engine/Plugins/Runtime/OpenXR/Content/Devices/MicrosoftMixedReality/Right/right_MicrosoftMixedRealityController.uexp" 691
"../../../Engine/Plugins/Runtime/OpenXR/Content/Devices/OculusGo/BaseTexture.uasset" 692
"../../../Engine/Plugins/Runtime/OpenXR/Content/Devices/OculusGo/BaseTexture.uexp" 693
"../../../Engine/Plugins/Runtime/OpenXR/Content/Devices/OculusGo/MI_OculusGo.uasset" 694
"../../../Engine/Plugins/Runtime/OpenXR/Content/Devices/OculusGo/MI_OculusGo.uexp" 695
"../../../Engine/Plugins/Runtime/OpenXR/Content/Devices/OculusGo/OculusGoController.uasset" 696
"../../../Engine/Plugins/Runtime/OpenXR/Content/Devices/OculusGo/OculusGoController.uexp" 697
"../../../Engine/Plugins/Runtime/OpenXR/Content/Devices/OculusTouch/MRTexture.uasset" 698
"../../../Engine/Plugins/Runtime/OpenXR/Content/Devices/OculusTouch/MRTexture.uexp" 699
"../../../Engine/Plugins/Runtime/OpenXR/Content/Devices/OculusTouch/BaseTexture.uasset" 700
"../../../Engine/Plugins/Runtime/OpenXR/Content/Devices/OculusTouch/BaseTexture.uexp" 701
"../../../Engine/Plugins/Runtime/OpenXR/Content/Devices/OculusTouch/MI_OculusTouch.uasset" 702
"../../../Engine/Plugins/Runtime/OpenXR/Content/Devices/OculusTouch/MI_OculusTouch.uexp" 703
"../../../Engine/Plugins/Runtime/OpenXR/Content/Devices/OculusTouch/Left/left_OculusTouchController.uasset" 704
"../../../Engine/Plugins/Runtime/OpenXR/Content/Devices/OculusTouch/Left/left_OculusTouchController.uexp" 705
"../../../Engine/Plugins/Runtime/OpenXR/Content/Devices/OculusTouch/Right/right_OculusTouchController.uasset" 706
"../../../Engine/Plugins/Runtime/OpenXR/Content/Devices/OculusTouch/Right/right_OculusTouchController.uexp" 707
"../../../Engine/Plugins/Runtime/OpenXR/Content/Devices/OculusTouch_v2/MRTexture.uasset" 708
"../../../Engine/Plugins/Runtime/OpenXR/Content/Devices/OculusTouch_v2/MRTexture.uexp" 709
"../../../Engine/Plugins/Runtime/OpenXR/Content/Devices/OculusTouch_v2/BaseTexture.uasset" 710
"../../../Engine/Plugins/Runtime/OpenXR/Content/Devices/OculusTouch_v2/BaseTexture.uexp" 711
"../../../Engine/Plugins/Runtime/OpenXR/Content/Devices/OculusTouch_v2/MI_OculusTouch_v2.uasset" 712
"../../../Engine/Plugins/Runtime/OpenXR/Content/Devices/OculusTouch_v2/MI_OculusTouch_v2.uexp" 713
"../../../Engine/Plugins/Runtime/OpenXR/Content/Devices/OculusTouch_v2/Left/left_OculusTouch_v2Controller.uasset" 714
"../../../Engine/Plugins/Runtime/OpenXR/Content/Devices/OculusTouch_v2/Left/left_OculusTouch_v2Controller.uexp" 715
"../../../Engine/Plugins/Runtime/OpenXR/Content/Devices/OculusTouch_v2/Right/right_OculusTouch_v2Controller.uasset" 716
"../../../Engine/Plugins/Runtime/OpenXR/Content/Devices/OculusTouch_v2/Right/right_OculusTouch_v2Controller.uexp" 717
"../../../Engine/Plugins/Runtime/OpenXR/Content/Devices/OculusTouch_v3/MRTexture.uasset" 718
"../../../Engine/Plugins/Runtime/OpenXR/Content/Devices/OculusTouch_v3/MRTexture.uexp" 719
"../../../Engine/Plugins/Runtime/OpenXR/Content/Devices/OculusTouch_v3/BaseTexture.uasset" 720
"../../../Engine/Plugins/Runtime/OpenXR/Content/Devices/OculusTouch_v3/BaseTexture.uexp" 721
"../../../Engine/Plugins/Runtime/OpenXR/Content/Devices/OculusTouch_v3/MI_OculusTouch_v3.uasset" 722
"../../../Engine/Plugins/Runtime/OpenXR/Content/Devices/OculusTouch_v3/MI_OculusTouch_v3.uexp" 723
"../../../Engine/Plugins/Runtime/OpenXR/Content/Devices/OculusTouch_v3/Left/left_OculusTouch_v3Controller.uasset" 724
"../../../Engine/Plugins/Runtime/OpenXR/Content/Devices/OculusTouch_v3/Left/left_OculusTouch_v3Controller.uexp" 725
"../../../Engine/Plugins/Runtime/OpenXR/Content/Devices/OculusTouch_v3/Right/right_OculusTouch_v3Controller.uasset" 726
"../../../Engine/Plugins/Runtime/OpenXR/Content/Devices/OculusTouch_v3/Right/right_OculusTouch_v3Controller.uexp" 727
"../../../Engine/Plugins/Runtime/OpenXR/Content/Devices/ValveIndex/MRTexture.uasset" 728
"../../../Engine/Plugins/Runtime/OpenXR/Content/Devices/ValveIndex/MRTexture.uexp" 729
"../../../Engine/Plugins/Runtime/OpenXR/Content/Devices/ValveIndex/BaseTexture.uasset" 730
"../../../Engine/Plugins/Runtime/OpenXR/Content/Devices/ValveIndex/BaseTexture.uexp" 731
"../../../Engine/Plugins/Runtime/OpenXR/Content/Devices/ValveIndex/Left/MI_left_ValveIndex.uasset" 732
"../../../Engine/Plugins/Runtime/OpenXR/Content/Devices/ValveIndex/Left/MI_left_ValveIndex.uexp" 733
"../../../Engine/Plugins/Runtime/OpenXR/Content/Devices/ValveIndex/Left/left_ValveIndexController.uasset" 734
"../../../Engine/Plugins/Runtime/OpenXR/Content/Devices/ValveIndex/Left/left_ValveIndexController.uexp" 735
"../../../Engine/Plugins/Runtime/OpenXR/Content/Devices/ValveIndex/Right/MI_right_ValveIndex.uasset" 736
"../../../Engine/Plugins/Runtime/OpenXR/Content/Devices/ValveIndex/Right/MI_right_ValveIndex.uexp" 737
"../../../Engine/Plugins/Runtime/OpenXR/Content/Devices/ValveIndex/Right/right_ValveIndexController.uasset" 738
"../../../Engine/Plugins/Runtime/OpenXR/Content/Devices/ValveIndex/Right/right_ValveIndexController.uexp" 739
"../../../Engine/Content/Functions/Engine_MaterialFunctions02/Utility/BreakOutFloat3Components.uasset" 740
"../../../Engine/Content/Functions/Engine_MaterialFunctions02/Utility/BreakOutFloat3Components.uexp" 741
"../../../Engine/Content/Functions/Engine_MaterialFunctions02/ObjectLocalBounds.uasset" 742
"../../../Engine/Content/Functions/Engine_MaterialFunctions02/ObjectLocalBounds.uexp" 743
"../../../Engine/Content/Functions/Engine_MaterialFunctions02/Utility/VectorLength.uasset" 744
"../../../Engine/Content/Functions/Engine_MaterialFunctions02/Utility/VectorLength.uexp" 745
"../../../Engine/Content/Functions/Engine_MaterialFunctions02/WorldPositionOffset/ObjectScale.uasset" 746
"../../../Engine/Content/Functions/Engine_MaterialFunctions02/WorldPositionOffset/ObjectScale.uexp" 747
"../../../Engine/Plugins/Editor/SpeedTreeImporter/Content/SpeedTree9/UnpackInteger3.uasset" 748
"../../../Engine/Plugins/Editor/SpeedTreeImporter/Content/SpeedTree9/UnpackInteger3.uexp" 749
"../../../Engine/Plugins/Editor/SpeedTreeImporter/Content/SpeedTree9/UnpackDirection.uasset" 750
"../../../Engine/Plugins/Editor/SpeedTreeImporter/Content/SpeedTree9/UnpackDirection.uexp" 751
"../../../Engine/Plugins/Editor/SpeedTreeImporter/Content/SpeedTree9/game_wind_noise.uasset" 752
"../../../Engine/Plugins/Editor/SpeedTreeImporter/Content/SpeedTree9/game_wind_noise.uexp" 753
"../../../Engine/Content/Functions/Engine_MaterialFunctions02/SafeNormalize.uasset" 754
"../../../Engine/Content/Functions/Engine_MaterialFunctions02/SafeNormalize.uexp" 755
"../../../Engine/Plugins/Editor/SpeedTreeImporter/Content/SpeedTree9/SpeedTreeWindMotion.uasset" 756
"../../../Engine/Plugins/Editor/SpeedTreeImporter/Content/SpeedTree9/SpeedTreeWindMotion.uexp" 757
"../../../Engine/Plugins/Editor/SpeedTreeImporter/Content/SpeedTree9/SpeedTreeBranchMotion.uasset" 758
"../../../Engine/Plugins/Editor/SpeedTreeImporter/Content/SpeedTree9/SpeedTreeBranchMotion.uexp" 759
"../../../Engine/Content/Functions/Engine_MaterialFunctions02/UVs/BoundingBoxBased_0-1_UVW.uasset" 760
"../../../Engine/Content/Functions/Engine_MaterialFunctions02/UVs/BoundingBoxBased_0-1_UVW.uexp" 761
"../../../Engine/Plugins/Editor/SpeedTreeImporter/Content/SpeedTree9/SpeedTreeWind.uasset" 762
"../../../Engine/Plugins/Editor/SpeedTreeImporter/Content/SpeedTree9/SpeedTreeWind.uexp" 763
"../../../Engine/Plugins/Editor/SpeedTreeImporter/Content/SpeedTree9/SpeedTreeBillboard.uasset" 764
"../../../Engine/Plugins/Editor/SpeedTreeImporter/Content/SpeedTree9/SpeedTreeBillboard.uexp" 765
"../../../Engine/Plugins/Editor/SpeedTreeImporter/Content/SpeedTree9/EmptyNormal.uasset" 766
"../../../Engine/Plugins/Editor/SpeedTreeImporter/Content/SpeedTree9/EmptyNormal.uexp" 767
"../../../Engine/Plugins/Editor/SpeedTreeImporter/Content/SpeedTree9/Empty.uasset" 768
"../../../Engine/Plugins/Editor/SpeedTreeImporter/Content/SpeedTree9/Empty.uexp" 769
"../../../Engine/Plugins/Editor/SpeedTreeImporter/Content/SpeedTree9/SpeedTreeBillboardMaster.uasset" 770
"../../../Engine/Plugins/Editor/SpeedTreeImporter/Content/SpeedTree9/SpeedTreeBillboardMaster.uexp" 771
"../../../Engine/Plugins/Editor/SpeedTreeImporter/Content/SpeedTree9/SpeedTreeCameraFacing.uasset" 772
"../../../Engine/Plugins/Editor/SpeedTreeImporter/Content/SpeedTree9/SpeedTreeCameraFacing.uexp" 773
"../../../Engine/Plugins/Editor/SpeedTreeImporter/Content/SpeedTree9/SpeedTreeMaster.uasset" 774
"../../../Engine/Plugins/Editor/SpeedTreeImporter/Content/SpeedTree9/SpeedTreeMaster.uexp" 775
"../../../Engine/Content/Functions/Engine_MaterialFunctions02/Utility/MakeFloat3.uasset" 776
"../../../Engine/Content/Functions/Engine_MaterialFunctions02/Utility/MakeFloat3.uexp" 777
"../../../Engine/Content/Functions/Engine_MaterialFunctions02/Utility/BreakOutFloat4Components.uasset" 778
"../../../Engine/Content/Functions/Engine_MaterialFunctions02/Utility/BreakOutFloat4Components.uexp" 779
"../../../Engine/Plugins/Runtime/Oculus/OculusVR/Content/Materials/OculusMR_ChromaKey.uasset" 780
"../../../Engine/Plugins/Runtime/Oculus/OculusVR/Content/Materials/OculusMR_ChromaKey.uexp" 781
"../../../Engine/Plugins/Runtime/Oculus/OculusVR/Content/Materials/OculusMR_OpaqueColoredMaterial.uasset" 782
"../../../Engine/Plugins/Runtime/Oculus/OculusVR/Content/Materials/OculusMR_OpaqueColoredMaterial.uexp" 783
"../../../Engine/Plugins/Runtime/Oculus/OculusVR/Content/Materials/PokeAHoleMaterial.uasset" 784
"../../../Engine/Plugins/Runtime/Oculus/OculusVR/Content/Materials/PokeAHoleMaterial.uexp" 785
"../../../Engine/Plugins/Runtime/Oculus/OculusVR/Content/Textures/touchController_controlmap.uasset" 786
"../../../Engine/Plugins/Runtime/Oculus/OculusVR/Content/Textures/touchController_controlmap.uexp" 787
"../../../Engine/Plugins/Runtime/Oculus/OculusVR/Content/Textures/touchController_albedo.uasset" 788
"../../../Engine/Plugins/Runtime/Oculus/OculusVR/Content/Textures/touchController_albedo.uexp" 789
"../../../Engine/Plugins/Runtime/Oculus/OculusVR/Content/Materials/touchController_mat.uasset" 790
"../../../Engine/Plugins/Runtime/Oculus/OculusVR/Content/Materials/touchController_mat.uexp" 791
"../../../Engine/Plugins/Runtime/Oculus/OculusVR/Content/Meshes/LeftTouchController.uasset" 792
"../../../Engine/Plugins/Runtime/Oculus/OculusVR/Content/Meshes/LeftTouchController.uexp" 793
"../../../Engine/Plugins/Runtime/Oculus/OculusVR/Content/Textures/TouchForQuestRiftSController_albedo.uasset" 794
"../../../Engine/Plugins/Runtime/Oculus/OculusVR/Content/Textures/TouchForQuestRiftSController_albedo.uexp" 795
"../../../Engine/Plugins/Runtime/Oculus/OculusVR/Content/Materials/TouchForQuestRiftSControllerMaterial.uasset" 796
"../../../Engine/Plugins/Runtime/Oculus/OculusVR/Content/Materials/TouchForQuestRiftSControllerMaterial.uexp" 797
"../../../Engine/Plugins/Runtime/Oculus/OculusVR/Content/Meshes/LeftTouchForQuestRiftSController.uasset" 798
"../../../Engine/Plugins/Runtime/Oculus/OculusVR/Content/Meshes/LeftTouchForQuestRiftSController.uexp" 799
"../../../Engine/Plugins/Runtime/Oculus/OculusVR/Content/Meshes/RiftHMD.uasset" 800
"../../../Engine/Plugins/Runtime/Oculus/OculusVR/Content/Meshes/RiftHMD.uexp" 801
"../../../Engine/Plugins/Runtime/Oculus/OculusVR/Content/Meshes/RightTouchController.uasset" 802
"../../../Engine/Plugins/Runtime/Oculus/OculusVR/Content/Meshes/RightTouchController.uexp" 803
"../../../Engine/Plugins/Runtime/Oculus/OculusVR/Content/Meshes/RightTouchForQuestRiftSController.uasset" 804
"../../../Engine/Plugins/Runtime/Oculus/OculusVR/Content/Meshes/RightTouchForQuestRiftSController.uexp" 805
"../../../Engine/Content/MapTemplates/SM_Template_Map_Floor.uasset" 806
"../../../Engine/Content/MapTemplates/SM_Template_Map_Floor.uexp" 807
"../../../Engine/Content/EngineSky/T_Sky_Stars.uasset" 808
"../../../Engine/Content/EngineSky/T_Sky_Stars.uexp" 809
"../../../Engine/Content/EngineSky/T_Sky_Clouds_M.uasset" 810
"../../../Engine/Content/EngineSky/T_Sky_Clouds_M.uexp" 811
"../../../Engine/Content/EngineSky/T_Sky_Blue.uasset" 812
"../../../Engine/Content/EngineSky/T_Sky_Blue.uexp" 813
"../../../Engine/Content/EngineSky/M_Sky_Panning_Clouds2.uasset" 814
"../../../Engine/Content/EngineSky/M_Sky_Panning_Clouds2.uexp" 815
"D:/UE4Project/ARPGDemo/Content/ARPGDemo/Maps/NewMap_BuiltData.uasset" 816
"D:/UE4Project/ARPGDemo/Content/ARPGDemo/Maps/NewMap_BuiltData.uexp" 817
"../../../Engine/Content/EngineSky/SM_SkySphere.uasset" 818
"../../../Engine/Content/EngineSky/SM_SkySphere.uexp" 819
"../../../Engine/Content/EngineSky/C_Sky_Zenith_Color.uasset" 820
"../../../Engine/Content/EngineSky/C_Sky_Zenith_Color.uexp" 821
"../../../Engine/Content/EngineSky/C_Sky_Horizon_Color.uasset" 822
"../../../Engine/Content/EngineSky/C_Sky_Horizon_Color.uexp" 823
"../../../Engine/Content/EngineSky/C_Sky_Cloud_Color.uasset" 824
"../../../Engine/Content/EngineSky/C_Sky_Cloud_Color.uexp" 825
"../../../Engine/Content/EngineSky/BP_Sky_Sphere.uasset" 826
"../../../Engine/Content/EngineSky/BP_Sky_Sphere.uexp" 827
"D:/UE4Project/ARPGDemo/Content/ARPGDemo/Maps/NewMap.uexp" 828
"D:/UE4Project/ARPGDemo/Content/ARPGDemo/Maps/NewMap.umap" 829
"D:/UE4Project/ARPGDemo/Content/ARPGDemo/Blueprints/UMG/Login/WBP_Connecting.uasset" 830
"D:/UE4Project/ARPGDemo/Content/ARPGDemo/Blueprints/UMG/Login/WBP_Connecting.uexp" 831
"D:/UE4Project/ARPGDemo/Content/ARPGDemo/Maps/Login/BeginConnect.uexp" 832
"D:/UE4Project/ARPGDemo/Content/ARPGDemo/Maps/Login/BeginConnect.umap" 833
"D:/UE4Project/ARPGDemo/Content/ARPGDemo/Blueprints/UMG/Login/WBP_Login.uasset" 834
"D:/UE4Project/ARPGDemo/Content/ARPGDemo/Blueprints/UMG/Login/WBP_Login.uexp" 835
"D:/UE4Project/ARPGDemo/Content/ARPGDemo/Blueprints/GamePlay/Login/PlayerController/BP_LoginPlayerController.uasset" 836
"D:/UE4Project/ARPGDemo/Content/ARPGDemo/Blueprints/GamePlay/Login/PlayerController/BP_LoginPlayerController.uexp" 837
"D:/UE4Project/ARPGDemo/Content/ARPGDemo/Blueprints/GamePlay/Login/GameMode/BP_LoginGameMode.uasset" 838
"D:/UE4Project/ARPGDemo/Content/ARPGDemo/Blueprints/GamePlay/Login/GameMode/BP_LoginGameMode.uexp" 839
"D:/UE4Project/ARPGDemo/Content/ARPGDemo/Maps/Login/ClientEntry.uexp" 840
"D:/UE4Project/ARPGDemo/Content/ARPGDemo/Maps/Login/ClientEntry.umap" 841
